2018/05/08 23:51:23.163-[XQBHClient.Utils.Updater.AutoUpdateMain.exec:46]-[LOG_SYS]-自动升级程序启动...
2018/05/08 23:51:23.179-[XQBHClient.Utils.Updater.AutoUpdateMain.exec:48]-[LOG_SYS]-搜索FTP上版本控制文件:
2018/05/08 23:51:23.179-[XQBHClient.Utils.Updater.AutoUpdateMain.exec:49]-[LOG_DEBUG]-Const.hostName=newfangledstore.com
2018/05/08 23:51:23.179-[XQBHClient.Utils.Updater.AutoUpdateMain.exec:50]-[LOG_DEBUG]-Const.port=21
2018/05/08 23:51:23.179-[XQBHClient.Utils.Updater.AutoUpdateMain.exec:51]-[LOG_DEBUG]-Const.user=ftpreader
2018/05/08 23:51:23.179-[XQBHClient.Utils.Updater.AutoUpdateMain.exec:52]-[LOG_DEBUG]-Const.pwd=ftp
2018/05/08 23:51:23.179-[XQBHClient.Utils.Updater.AutoUpdateMain.exec:53]-[LOG_DEBUG]-Const.RemotePath=Update/XQBHClient
2018/05/08 23:51:23.179-[XQBHClient.Utils.Updater.AutoUpdateMain.exec:54]-[LOG_DEBUG]-Const.LocalPath=Update/new
2018/05/08 23:51:24.014-[XQBHClient.Utils.Updater.AutoUpdateMain.exec:64]-[LOG_SYS]-正在进行版本文件比较...
2018/05/08 23:51:26.014-[XQBHClient.Utils.Updater.AutoUpdateMain.exec:69]-[LOG_SYS]-oldVersion=ver1.0
2018/05/08 23:51:26.015-[XQBHClient.Utils.Updater.AutoUpdateMain.exec:70]-[LOG_SYS]-newVersion=ver1.0
2018/05/08 23:51:26.015-[XQBHClient.Utils.Updater.AutoUpdateMain.exec:71]-[LOG_SYS]-Const.version=ver1.0
2018/05/08 23:51:26.016-[XQBHClient.Utils.Updater.AutoUpdateMain.exec:73]-[LOG_SYS]-数据采集程序版本没有更新变动
2018/05/08 23:51:26.017-[XQBHClient.Client.ClientInit.Init:35]-[LOG_IO]->>>>>>>>>>>>>>>>>>>>>>>>>>>>>>
2018/05/08 23:51:26.085-[XQBHClient.Client.ClientInit.Init:67]-[LOG_DEBUG]-timeOut=9000
2018/05/08 23:51:26.086-[XQBHClient.Client.ClientInit.Init:75]-[LOG_DEBUG]-frequency=500
2018/05/08 23:51:26.086-[XQBHClient.Client.ClientInit.Init:84]-[LOG_DEBUG]-PowerControlRelayIP=192.168.31.116
2018/05/08 23:51:26.087-[XQBHClient.Client.ClientInit.Init:93]-[LOG_DEBUG]-PowerControlPort=8080
2018/05/08 23:51:26.088-[XQBHClient.Client.ClientInit.Init:100]-[LOG_DEBUG]-PowerControlAdress=3
2018/05/08 23:51:26.088-[XQBHClient.Client.ClientInit.Init:108]-[LOG_DEBUG]-QRReaderComName=COM4
2018/05/08 23:51:26.089-[XQBHClient.Client.ClientInit.Init:117]-[LOG_DEBUG]-FinishScannerComName=COM3
2018/05/08 23:51:26.089-[XQBHClient.Client.ClientInit.Init:126]-[LOG_DEBUG]-ClientIP=192057t6r9.iask.in:26617
2018/05/08 23:51:26.090-[XQBHClient.Client.ClientInit.Init:132]-[LOG_IO]-<<<<<<<<<<<<<<<<<<<<<<<<<<<<<<
2018/05/08 23:51:26.091-[XQBHClient.ClientTran.ZDLogin.exec:15]-[LOG_IO]->>>>>>>>>>>>>>>>>>>>>>>>>>>>>>
2018/05/08 23:51:26.546-[XQBHClient.Client.Com.getQTLS:155]-[LOG_DEBUG]-前台流水:CZD00000000010000047
2018/05/08 23:51:26.596-[XQBHClient.Client.ComCall.Call:38]-[LOG_DEBUG]-XMLIn={"head":{"HTJYM_":"ZDLogin","QTRQ_U":"20180508","ZDBH_U":"ZD0000000001","IP_UUU":"192057t6r9.iask.in:26617","QTLS_U":"CZD00000000010000047","ZDJYM_":"1234567890","QTSJ_U":"235126","QTJYM_":"ZDLogin"},"body":{}}
2018/05/08 23:51:26.980-[XQBHClient.Client.ComCall.Call:70]-[LOG_DEBUG]-after encrypt XMLIn=[g7hhn2eoTWQtgPbXVEOkfEZnYEWsgGddexN4BQ23mQN5+OeYEerfv/uHg2z0pEz4I9IU051enYSVBXL+NRuD6s14+q4l6yglDCFG9OrhSmCPmGkYgWspUwSnYK+0h8jfX6nAnb/YjOb71aPk3/pABL2rSXwSQaZU8nTAateLQ2MGMK3pa1Z4Q6QHJoIv8euCO0MLzOScIs2SpKC9EMkDf4eXs1kPA5asad9jiaPxYSai/7yHX2VQ3hrSlYTDN+flifKUAVMXZcukvrjRq0Xu3IK2eXQaIddLnj+TOzhvoY8brOsqSy0eUlslTsZTbY/xgnFvvMvjzvnwQ7+kl+2M6g==7777777altp1/hI9mQjGV99g7Cuo/6mFr81ByrU8K0+qAYhMgte7EEb++vSEmBsJ4DrgCT8KYISVXBUOpjyVjkYRaZSZbrbFPWtL2bqNIqCPxz454Rp0TZhnpCJ6Dmrls8OJPtBRJOGomUbld03D+fdB7o+oU3e5LHNIoMwlOn5qxHyIGPhanXDi6HV8XLUzUXq95532q6K/GIhWuS3OvAx7YyRdtYKPRb+uUcOOQ6aR+4yzURDFHR/EY435ePv800/CKNjfLDpEWUmEJWdyMOnS/0C57AldOCuwEctK41DoFYbj9UeXz/PleSfNFWkHXcFz2T/KyKXy9ifbZQAS/a3530y/g==]
2018/05/08 23:51:26.980-[XQBHClient.Client.ComCall.Call:71]-[LOG_DEBUG]-after encrypt XMLIn.length=[695]
2018/05/08 23:51:27.297-[XQBHClient.Client.ComCall.Call:143]-[LOG_DEBUG]-XMLOut=L5rWxQjGQz4VYFbRvjMrMPsXkwbGYyUV4VQoOe18iOlfps+SM7Aij6hrQRJAkCWbcdqHI2EM9390Sm5Wqa0Ez/WV8bOZw/+90Z/EgtOBZlLzXvm7PdeSnUHy8VOlgFZzK/tSZfwtr3OYAGZq2D0EPKELS9cQ5d2W49x/Fg8PLR1roVd3AcW71IDPD8TY6YslpAfOyW9t3Fz9WzJXDqiatJMCbMCr2OgCJ6xUr76EAPk9cZd42jfFlX7fuxir++6zXvk+4xBmKLfMKMnsOLpMNx7bZg4Ze4bSyLnsq5/pO6uzj5ybLs8uQ/mvHYx0KUoe/5AJbkvfBs8YoVsiAAuAkjP3WI73xt9Bj0p04IeTCpK/qGNhEi8HUqIsyroRMIX/zJB+rK+9UiRl8LvLYD3kz5ANYV8yD5hCKueAFVgz8DbGaiEoSub09vu4fRUzl1F+z8cdm/rVS4MSgmbOJeI+qYZsPcrYpfU7RmHBZ9pU91VQyutQ8QkHbUkJKP/Qy/Q7O2PjFt2vtDqRpRL+aZRk/kYLjRziDG1uNxQ0pOLvfJfv/3rpj+2jblWtEfri/w/X8nCiKyuhyZ6dUjfklY/IJBwLCv1Skkugl460dvUTKN0x7lqI5mBuGFn1K5cdig2lUbyWkxpicrk2kQbmdhx1+yLQOFeGAGPBMNCKwymSph8=7777777NDHAmk1wSBAmo70z9BvJpO9ltX5juGA7EBzJnZ3M4B0Mjl9X09lye3o+SLRgParIZB9Vs03XoCs6Jv/j30zGhlsqu/VitJUiAOcMgTk59iSsMxIkW9wkORv61vDPGOcji8/i4dx4qiBs7FsNRxEJuI2E++6dDl+XrSkcmTwKEXU=
2018/05/08 23:51:27.297-[XQBHClient.Client.ComCall.Call:176]-[LOG_DEBUG]-buffIn.length =[863]
2018/05/08 23:51:27.297-[XQBHClient.Client.ComCall.Call:177]-[LOG_DEBUG]-iPos=[684]
2018/05/08 23:51:27.297-[XQBHClient.Client.ComCall.Call:178]-[LOG_DEBUG]-signbytelength=[172]
2018/05/08 23:51:27.356-[XQBHClient.Client.ComCall.Call:209]-[LOG_DEBUG]-after decrypt XMLOut={"head":{"HTRQ_U":"20180508","CWXX_U":"","QTRQ_U":"20180508","SHBH_U":"SH0000000001","KHBH_U":"KH0000000001","HTLS_U":"","CWDM_U":"AAAAAA","QTSJ_U":"235126","HTJYM_":"ZDLogin","QTDX_U":"zd","ZDBH_U":"ZD0000000001","IP_UUU":"192057t6r9.iask.in:26617","QTLS_U":"CZD00000000010000047","ZDJYM_":"1234567890","QTJYM_":"ZDLogin"},"body":{"re":"Jakalaka Technology Co. Ltd"}}
2018/05/08 23:51:27.379-[XQBHClient.Client.ComCall.minusInfo:279]-[LOG_IO]-CWDM_U=AAAAAA
2018/05/08 23:51:27.379-[XQBHClient.ClientTran.ZDLogin.exec:33]-[LOG_DEBUG]-re=Jakalaka Technology Co. Ltd
2018/05/08 23:51:27.379-[XQBHClient.ClientTran.ZDLogin.exec:36]-[LOG_DEBUG]-spand 1288ms
2018/05/08 23:51:27.379-[XQBHClient.ClientTran.ZDLogin.exec:37]-[LOG_IO]-<<<<<<<<<<<<<<<<<<<<<<<<<<<<<<
2018/05/08 23:51:27.395-[XQBHClient.ClientUI.ClientUIMain.Init:56]-[LOG_DEBUG]-target propfile=D:\ProgramFiles\NormalPrograms\x86\Java\jdk1.8.0_131\jre\lib
2018/05/08 23:51:39.190-[XQBHClient.ClientAPI.SearchBoard.show:50]-[LOG_DEBUG]-SearchBoard show
2018/05/08 23:51:39.852-[XQBHClient.ClientUI.Unit.Searchboard.onAction:37]-[LOG_DEBUG]-click C
2018/05/08 23:51:39.996-[XQBHClient.ClientUI.Unit.Searchboard.onAction:37]-[LOG_DEBUG]-click C
2018/05/08 23:51:40.656-[XQBHClient.ClientUI.Unit.Searchboard.onAction:37]-[LOG_DEBUG]-click 搜索
2018/05/08 23:51:40.656-[XQBHClient.ClientUI.Controller.search:356]-[LOG_DEBUG]-begin to search
2018/05/08 23:51:40.657-[XQBHClient.ClientUI.Controller.search:358]-[LOG_DEBUG]-sKeywords=CC
2018/05/08 23:51:40.661-[XQBHClient.ClientUI.Controller.search:361]-[LOG_DEBUG]-no match resoult
2018/05/08 23:51:40.662-[XQBHClient.ClientUI.Controller.search:362]-[LOG_ERR]-无匹配商品
2018/05/08 23:51:41.126-[XQBHClient.ClientAPI.SearchBoard.close:54]-[LOG_DEBUG]-SearchBoard hide
2018/05/08 23:51:41.820-[XQBHClient.ClientUI.Unit.WarmingDialogController.OK:39]-[LOG_DEBUG]-OK
2018/05/08 23:51:41.824-[XQBHClient.ClientAPI.SearchBoard.close:54]-[LOG_DEBUG]-SearchBoard hide
2018/05/08 23:51:42.830-[XQBHClient.ClientAPI.SearchBoard.show:50]-[LOG_DEBUG]-SearchBoard show
2018/05/08 23:51:42.998-[XQBHClient.ClientAPI.SearchBoard.close:54]-[LOG_DEBUG]-SearchBoard hide
2018/05/08 23:51:43.966-[XQBHClient.ClientAPI.SearchBoard.show:50]-[LOG_DEBUG]-SearchBoard show
2018/05/08 23:51:44.852-[XQBHClient.ClientUI.Unit.Searchboard.onAction:37]-[LOG_DEBUG]-click 回删
2018/05/08 23:51:45.292-[XQBHClient.ClientUI.Unit.Searchboard.onAction:37]-[LOG_DEBUG]-click 搜索
2018/05/08 23:51:45.293-[XQBHClient.ClientUI.Controller.search:356]-[LOG_DEBUG]-begin to search
2018/05/08 23:51:45.293-[XQBHClient.ClientUI.Controller.search:358]-[LOG_DEBUG]-sKeywords=C
2018/05/08 23:51:45.294-[XQBHClient.Utils.Model.DataModel.getMatchSearchDataModel:173]-[LOG_DEBUG]-searchCondition=[zy\gm\shyp\zj100c ]
2018/05/08 23:51:45.294-[XQBHClient.Utils.Model.DataModel.getMatchSearchDataModel:174]-[LOG_DEBUG]-sKeyWords=[C]
2018/05/08 23:51:45.295-[XQBHClient.Utils.Model.DataModel.getMatchSearchDataModel:173]-[LOG_DEBUG]-searchCondition=[zy\gm\shyp\zj200c ]
2018/05/08 23:51:45.295-[XQBHClient.Utils.Model.DataModel.getMatchSearchDataModel:174]-[LOG_DEBUG]-sKeyWords=[C]
2018/05/08 23:51:45.296-[XQBHClient.Utils.Model.DataModel.getMatchSearchDataModel:173]-[LOG_DEBUG]-searchCondition=[zy\gm\dzsb\xmlyqqcb ]
2018/05/08 23:51:45.297-[XQBHClient.Utils.Model.DataModel.getMatchSearchDataModel:174]-[LOG_DEBUG]-sKeyWords=[C]
2018/05/08 23:51:45.297-[XQBHClient.Utils.Model.DataModel.getMatchSearchDataModel:173]-[LOG_DEBUG]-searchCondition=[zy\gm\dzsb\Type-C dyx azsjx]
2018/05/08 23:51:45.298-[XQBHClient.Utils.Model.DataModel.getMatchSearchDataModel:174]-[LOG_DEBUG]-sKeyWords=[C]
2018/05/08 23:51:45.299-[XQBHClient.ClientUI.Controller.search:368]-[LOG_DEBUG]-match resoult 主页\购买\生活用品\纸巾100抽
2018/05/08 23:51:45.300-[XQBHClient.ClientUI.Controller.search:368]-[LOG_DEBUG]-match resoult 主页\购买\电子设备\Type-C 电源线
2018/05/08 23:51:45.301-[XQBHClient.ClientUI.Controller.search:368]-[LOG_DEBUG]-match resoult 主页\购买\生活用品\纸巾200抽
2018/05/08 23:51:45.301-[XQBHClient.ClientUI.Controller.search:368]-[LOG_DEBUG]-match resoult 主页\购买\电子设备\小米路由器青春版
2018/05/08 23:51:45.306-[XQBHClient.ClientAPI.SearchBoard.close:54]-[LOG_DEBUG]-SearchBoard hide
2018/05/08 23:51:45.310-[XQBHClient.ClientAPI.SearchBoard.close:54]-[LOG_DEBUG]-SearchBoard hide
2018/05/08 23:55:16.823-[XQBHClient.ClientAPI.SearchBoard.show:50]-[LOG_DEBUG]-SearchBoard show
2018/05/08 23:55:17.868-[XQBHClient.ClientUI.Unit.Searchboard.onAction:37]-[LOG_DEBUG]-click 清空
2018/05/08 23:55:18.372-[XQBHClient.ClientUI.Unit.Searchboard.onAction:37]-[LOG_DEBUG]-click 清空
2018/05/08 23:55:18.470-[XQBHClient.ClientAPI.SearchBoard.close:54]-[LOG_DEBUG]-SearchBoard hide
