2017/11/05 12:29:16.347-[XQBHClient.Client.ComCall.minusInfo:80]-[LOG_ERR]-CWDM_U=ERR001
2017/11/05 12:29:16.363-[XQBHClient.Client.ComCall.minusInfo:87]-[LOG_ERR]-调用失败
2017/11/05 12:29:16.363-[XQBHClient.ClientTran.ZDLogin.exec:16]-[LOG_ERR]-公共初始化失败
2017/11/05 12:38:18.874-[XQBHClient.Client.ComCall.minusInfo:80]-[LOG_ERR]-CWDM_U=ERR001
2017/11/05 12:38:18.874-[XQBHClient.Client.ComCall.minusInfo:87]-[LOG_ERR]-调用失败
2017/11/05 12:38:18.874-[XQBHClient.ClientTran.ZDLogin.exec:16]-[LOG_ERR]-公共初始化失败
2017/11/05 12:47:59.622-[XQBHClient.Client.ComCall.minusInfo:80]-[LOG_ERR]-CWDM_U=SYSERR
2017/11/05 12:47:59.622-[XQBHClient.Client.ComCall.minusInfo:87]-[LOG_ERR]-调用失败
2017/11/05 12:47:59.622-[XQBHClient.ClientTran.ZDLogin.exec:16]-[LOG_ERR]-系统错误
2017/11/05 12:49:58.184-[XQBHClient.Client.ComCall.minusInfo:80]-[LOG_ERR]-CWDM_U=AAAAAA
2017/11/05 12:49:58.184-[XQBHClient.ClientTran.ZDLogin.exec:20]-[LOG_DEBUG]-null
2017/11/05 12:50:25.553-[XQBHClient.Client.ComCall.minusInfo:80]-[LOG_ERR]-CWDM_U=AAAAAA
2017/11/05 12:50:25.553-[XQBHClient.ClientTran.ZDLogin.exec:20]-[LOG_DEBUG]-null
2017/11/05 12:54:19.549-[XQBHClient.Client.ComCall.minusInfo:80]-[LOG_ERR]-CWDM_U=AAAAAA
2017/11/05 12:54:19.549-[XQBHClient.ClientTran.ZDLogin.exec:20]-[LOG_DEBUG]-null
2017/11/05 12:54:20.002-[XQBHClient.Client.ComCall.minusInfo:80]-[LOG_ERR]-CWDM_U=AAAAAA
2017/11/05 12:54:20.002-[XQBHClient.ClientTran.ZDLogin.exec:20]-[LOG_DEBUG]-null
2017/11/05 12:54:20.361-[XQBHClient.Client.ComCall.minusInfo:80]-[LOG_ERR]-CWDM_U=AAAAAA
2017/11/05 12:54:20.361-[XQBHClient.ClientTran.ZDLogin.exec:20]-[LOG_DEBUG]-null
2017/11/05 12:54:20.502-[XQBHClient.Client.ComCall.minusInfo:80]-[LOG_ERR]-CWDM_U=ERR001
2017/11/05 12:54:20.502-[XQBHClient.Client.ComCall.minusInfo:87]-[LOG_ERR]-调用失败
2017/11/05 12:54:20.517-[XQBHClient.ClientTran.ZDLogin.exec:16]-[LOG_ERR]-公共初始化失败
2017/11/05 12:54:20.674-[XQBHClient.Client.ComCall.minusInfo:80]-[LOG_ERR]-CWDM_U=ERR001
2017/11/05 12:54:20.674-[XQBHClient.Client.ComCall.minusInfo:87]-[LOG_ERR]-调用失败
2017/11/05 12:54:20.674-[XQBHClient.ClientTran.ZDLogin.exec:16]-[LOG_ERR]-公共初始化失败
2017/11/05 12:54:20.814-[XQBHClient.Client.ComCall.minusInfo:80]-[LOG_ERR]-CWDM_U=ERR001
2017/11/05 12:54:20.814-[XQBHClient.Client.ComCall.minusInfo:87]-[LOG_ERR]-调用失败
2017/11/05 12:54:20.814-[XQBHClient.ClientTran.ZDLogin.exec:16]-[LOG_ERR]-公共初始化失败
2017/11/05 12:54:20.971-[XQBHClient.Client.ComCall.minusInfo:80]-[LOG_ERR]-CWDM_U=ERR001
2017/11/05 12:54:20.971-[XQBHClient.Client.ComCall.minusInfo:87]-[LOG_ERR]-调用失败
2017/11/05 12:54:20.971-[XQBHClient.ClientTran.ZDLogin.exec:16]-[LOG_ERR]-公共初始化失败
2017/11/05 12:54:21.096-[XQBHClient.Client.ComCall.minusInfo:80]-[LOG_ERR]-CWDM_U=ERR001
2017/11/05 12:54:21.096-[XQBHClient.Client.ComCall.minusInfo:87]-[LOG_ERR]-调用失败
2017/11/05 12:54:21.096-[XQBHClient.ClientTran.ZDLogin.exec:16]-[LOG_ERR]-公共初始化失败
2017/11/05 12:54:21.392-[XQBHClient.Client.ComCall.minusInfo:80]-[LOG_ERR]-CWDM_U=AAAAAA
2017/11/05 12:54:21.392-[XQBHClient.ClientTran.ZDLogin.exec:20]-[LOG_DEBUG]-null
2017/11/05 12:54:21.517-[XQBHClient.Client.ComCall.minusInfo:80]-[LOG_ERR]-CWDM_U=ERR001
2017/11/05 12:54:21.517-[XQBHClient.Client.ComCall.minusInfo:87]-[LOG_ERR]-调用失败
2017/11/05 12:54:21.517-[XQBHClient.ClientTran.ZDLogin.exec:16]-[LOG_ERR]-公共初始化失败
2017/11/05 12:54:21.642-[XQBHClient.Client.ComCall.minusInfo:80]-[LOG_ERR]-CWDM_U=ERR001
2017/11/05 12:54:21.642-[XQBHClient.Client.ComCall.minusInfo:87]-[LOG_ERR]-调用失败
2017/11/05 12:54:21.642-[XQBHClient.ClientTran.ZDLogin.exec:16]-[LOG_ERR]-公共初始化失败
2017/11/05 12:54:21.799-[XQBHClient.Client.ComCall.minusInfo:80]-[LOG_ERR]-CWDM_U=ERR001
2017/11/05 12:54:21.799-[XQBHClient.Client.ComCall.minusInfo:87]-[LOG_ERR]-调用失败
2017/11/05 12:54:21.799-[XQBHClient.ClientTran.ZDLogin.exec:16]-[LOG_ERR]-公共初始化失败
2017/11/05 12:54:21.939-[XQBHClient.Client.ComCall.minusInfo:80]-[LOG_ERR]-CWDM_U=ERR001
2017/11/05 12:54:21.939-[XQBHClient.Client.ComCall.minusInfo:87]-[LOG_ERR]-调用失败
2017/11/05 12:54:21.939-[XQBHClient.ClientTran.ZDLogin.exec:16]-[LOG_ERR]-公共初始化失败
2017/11/05 12:54:22.096-[XQBHClient.Client.ComCall.minusInfo:80]-[LOG_ERR]-CWDM_U=ERR001
2017/11/05 12:54:22.096-[XQBHClient.Client.ComCall.minusInfo:87]-[LOG_ERR]-调用失败
2017/11/05 12:54:22.096-[XQBHClient.ClientTran.ZDLogin.exec:16]-[LOG_ERR]-公共初始化失败
2017/11/05 12:54:22.392-[XQBHClient.Client.ComCall.minusInfo:80]-[LOG_ERR]-CWDM_U=AAAAAA
2017/11/05 12:54:22.392-[XQBHClient.ClientTran.ZDLogin.exec:20]-[LOG_DEBUG]-null
2017/11/05 12:54:22.533-[XQBHClient.Client.ComCall.minusInfo:80]-[LOG_ERR]-CWDM_U=ERR001
2017/11/05 12:54:22.533-[XQBHClient.Client.ComCall.minusInfo:87]-[LOG_ERR]-调用失败
2017/11/05 12:54:22.533-[XQBHClient.ClientTran.ZDLogin.exec:16]-[LOG_ERR]-公共初始化失败
2017/11/05 12:54:22.674-[XQBHClient.Client.ComCall.minusInfo:80]-[LOG_ERR]-CWDM_U=ERR001
2017/11/05 12:54:22.674-[XQBHClient.Client.ComCall.minusInfo:87]-[LOG_ERR]-调用失败
2017/11/05 12:54:22.674-[XQBHClient.ClientTran.ZDLogin.exec:16]-[LOG_ERR]-公共初始化失败
2017/11/05 12:54:22.814-[XQBHClient.Client.ComCall.minusInfo:80]-[LOG_ERR]-CWDM_U=ERR001
2017/11/05 12:54:22.814-[XQBHClient.Client.ComCall.minusInfo:87]-[LOG_ERR]-调用失败
2017/11/05 12:54:22.814-[XQBHClient.ClientTran.ZDLogin.exec:16]-[LOG_ERR]-公共初始化失败
2017/11/05 12:54:22.955-[XQBHClient.Client.ComCall.minusInfo:80]-[LOG_ERR]-CWDM_U=ERR001
2017/11/05 12:54:22.955-[XQBHClient.Client.ComCall.minusInfo:87]-[LOG_ERR]-调用失败
2017/11/05 12:54:22.955-[XQBHClient.ClientTran.ZDLogin.exec:16]-[LOG_ERR]-公共初始化失败
2017/11/05 12:54:23.080-[XQBHClient.Client.ComCall.minusInfo:80]-[LOG_ERR]-CWDM_U=ERR001
2017/11/05 12:54:23.080-[XQBHClient.Client.ComCall.minusInfo:87]-[LOG_ERR]-调用失败
2017/11/05 12:54:23.080-[XQBHClient.ClientTran.ZDLogin.exec:16]-[LOG_ERR]-公共初始化失败
2017/11/05 12:54:23.346-[XQBHClient.Client.ComCall.minusInfo:80]-[LOG_ERR]-CWDM_U=AAAAAA
2017/11/05 12:54:23.346-[XQBHClient.ClientTran.ZDLogin.exec:20]-[LOG_DEBUG]-null
2017/11/05 12:54:23.471-[XQBHClient.Client.ComCall.minusInfo:80]-[LOG_ERR]-CWDM_U=ERR001
2017/11/05 12:54:23.471-[XQBHClient.Client.ComCall.minusInfo:87]-[LOG_ERR]-调用失败
2017/11/05 12:54:23.471-[XQBHClient.ClientTran.ZDLogin.exec:16]-[LOG_ERR]-公共初始化失败
2017/11/05 12:54:23.627-[XQBHClient.Client.ComCall.minusInfo:80]-[LOG_ERR]-CWDM_U=ERR001
2017/11/05 12:54:23.627-[XQBHClient.Client.ComCall.minusInfo:87]-[LOG_ERR]-调用失败
2017/11/05 12:54:23.627-[XQBHClient.ClientTran.ZDLogin.exec:16]-[LOG_ERR]-公共初始化失败
2017/11/05 12:54:23.752-[XQBHClient.Client.ComCall.minusInfo:80]-[LOG_ERR]-CWDM_U=ERR001
2017/11/05 12:54:23.752-[XQBHClient.Client.ComCall.minusInfo:87]-[LOG_ERR]-调用失败
2017/11/05 12:54:23.752-[XQBHClient.ClientTran.ZDLogin.exec:16]-[LOG_ERR]-公共初始化失败
2017/11/05 12:54:23.908-[XQBHClient.Client.ComCall.minusInfo:80]-[LOG_ERR]-CWDM_U=ERR001
2017/11/05 12:54:23.908-[XQBHClient.Client.ComCall.minusInfo:87]-[LOG_ERR]-调用失败
2017/11/05 12:54:23.908-[XQBHClient.ClientTran.ZDLogin.exec:16]-[LOG_ERR]-公共初始化失败
2017/11/05 12:54:24.049-[XQBHClient.Client.ComCall.minusInfo:80]-[LOG_ERR]-CWDM_U=ERR001
2017/11/05 12:54:24.049-[XQBHClient.Client.ComCall.minusInfo:87]-[LOG_ERR]-调用失败
2017/11/05 12:54:24.049-[XQBHClient.ClientTran.ZDLogin.exec:16]-[LOG_ERR]-公共初始化失败
2017/11/05 12:54:24.346-[XQBHClient.Client.ComCall.minusInfo:80]-[LOG_ERR]-CWDM_U=AAAAAA
2017/11/05 12:54:24.346-[XQBHClient.ClientTran.ZDLogin.exec:20]-[LOG_DEBUG]-null
2017/11/05 12:54:24.486-[XQBHClient.Client.ComCall.minusInfo:80]-[LOG_ERR]-CWDM_U=ERR001
2017/11/05 12:54:24.486-[XQBHClient.Client.ComCall.minusInfo:87]-[LOG_ERR]-调用失败
2017/11/05 12:54:24.486-[XQBHClient.ClientTran.ZDLogin.exec:16]-[LOG_ERR]-公共初始化失败
2017/11/05 12:54:24.611-[XQBHClient.Client.ComCall.minusInfo:80]-[LOG_ERR]-CWDM_U=ERR001
2017/11/05 12:54:24.611-[XQBHClient.Client.ComCall.minusInfo:87]-[LOG_ERR]-调用失败
2017/11/05 12:54:24.611-[XQBHClient.ClientTran.ZDLogin.exec:16]-[LOG_ERR]-公共初始化失败
2017/11/05 12:54:24.752-[XQBHClient.Client.ComCall.minusInfo:80]-[LOG_ERR]-CWDM_U=ERR001
2017/11/05 12:54:24.752-[XQBHClient.Client.ComCall.minusInfo:87]-[LOG_ERR]-调用失败
2017/11/05 12:54:24.752-[XQBHClient.ClientTran.ZDLogin.exec:16]-[LOG_ERR]-公共初始化失败
2017/11/05 12:54:24.892-[XQBHClient.Client.ComCall.minusInfo:80]-[LOG_ERR]-CWDM_U=ERR001
2017/11/05 12:54:24.892-[XQBHClient.Client.ComCall.minusInfo:87]-[LOG_ERR]-调用失败
2017/11/05 12:54:24.892-[XQBHClient.ClientTran.ZDLogin.exec:16]-[LOG_ERR]-公共初始化失败
2017/11/05 12:54:25.049-[XQBHClient.Client.ComCall.minusInfo:80]-[LOG_ERR]-CWDM_U=ERR001
2017/11/05 12:54:25.064-[XQBHClient.Client.ComCall.minusInfo:87]-[LOG_ERR]-调用失败
2017/11/05 12:54:25.064-[XQBHClient.ClientTran.ZDLogin.exec:16]-[LOG_ERR]-公共初始化失败
2017/11/05 12:54:25.455-[XQBHClient.Client.ComCall.minusInfo:80]-[LOG_ERR]-CWDM_U=AAAAAA
2017/11/05 12:54:25.455-[XQBHClient.ClientTran.ZDLogin.exec:20]-[LOG_DEBUG]-null
2017/11/05 12:54:25.611-[XQBHClient.Client.ComCall.minusInfo:80]-[LOG_ERR]-CWDM_U=ERR001
2017/11/05 12:54:25.611-[XQBHClient.Client.ComCall.minusInfo:87]-[LOG_ERR]-调用失败
2017/11/05 12:54:25.611-[XQBHClient.ClientTran.ZDLogin.exec:16]-[LOG_ERR]-公共初始化失败
2017/11/05 12:54:25.736-[XQBHClient.Client.ComCall.minusInfo:80]-[LOG_ERR]-CWDM_U=ERR001
2017/11/05 12:54:25.736-[XQBHClient.Client.ComCall.minusInfo:87]-[LOG_ERR]-调用失败
2017/11/05 12:54:25.736-[XQBHClient.ClientTran.ZDLogin.exec:16]-[LOG_ERR]-公共初始化失败
2017/11/05 12:54:25.877-[XQBHClient.Client.ComCall.minusInfo:80]-[LOG_ERR]-CWDM_U=ERR001
2017/11/05 12:54:25.877-[XQBHClient.Client.ComCall.minusInfo:87]-[LOG_ERR]-调用失败
2017/11/05 12:54:25.877-[XQBHClient.ClientTran.ZDLogin.exec:16]-[LOG_ERR]-公共初始化失败
2017/11/05 12:54:26.018-[XQBHClient.Client.ComCall.minusInfo:80]-[LOG_ERR]-CWDM_U=ERR001
2017/11/05 12:54:26.018-[XQBHClient.Client.ComCall.minusInfo:87]-[LOG_ERR]-调用失败
2017/11/05 12:54:26.018-[XQBHClient.ClientTran.ZDLogin.exec:16]-[LOG_ERR]-公共初始化失败
2017/11/05 12:54:26.299-[XQBHClient.Client.ComCall.minusInfo:80]-[LOG_ERR]-CWDM_U=AAAAAA
2017/11/05 12:54:26.299-[XQBHClient.ClientTran.ZDLogin.exec:20]-[LOG_DEBUG]-null
2017/11/05 12:54:26.455-[XQBHClient.Client.ComCall.minusInfo:80]-[LOG_ERR]-CWDM_U=ERR001
2017/11/05 12:54:26.455-[XQBHClient.Client.ComCall.minusInfo:87]-[LOG_ERR]-调用失败
2017/11/05 12:54:26.455-[XQBHClient.ClientTran.ZDLogin.exec:16]-[LOG_ERR]-公共初始化失败
2017/11/05 12:54:26.596-[XQBHClient.Client.ComCall.minusInfo:80]-[LOG_ERR]-CWDM_U=ERR001
2017/11/05 12:54:26.596-[XQBHClient.Client.ComCall.minusInfo:87]-[LOG_ERR]-调用失败
2017/11/05 12:54:26.596-[XQBHClient.ClientTran.ZDLogin.exec:16]-[LOG_ERR]-公共初始化失败
2017/11/05 12:54:26.721-[XQBHClient.Client.ComCall.minusInfo:80]-[LOG_ERR]-CWDM_U=ERR001
2017/11/05 12:54:26.736-[XQBHClient.Client.ComCall.minusInfo:87]-[LOG_ERR]-调用失败
2017/11/05 12:54:26.736-[XQBHClient.ClientTran.ZDLogin.exec:16]-[LOG_ERR]-公共初始化失败
2017/11/05 12:54:26.861-[XQBHClient.Client.ComCall.minusInfo:80]-[LOG_ERR]-CWDM_U=ERR001
2017/11/05 12:54:26.861-[XQBHClient.Client.ComCall.minusInfo:87]-[LOG_ERR]-调用失败
2017/11/05 12:54:26.861-[XQBHClient.ClientTran.ZDLogin.exec:16]-[LOG_ERR]-公共初始化失败
2017/11/05 12:54:27.002-[XQBHClient.Client.ComCall.minusInfo:80]-[LOG_ERR]-CWDM_U=ERR001
2017/11/05 12:54:27.002-[XQBHClient.Client.ComCall.minusInfo:87]-[LOG_ERR]-调用失败
2017/11/05 12:54:27.002-[XQBHClient.ClientTran.ZDLogin.exec:16]-[LOG_ERR]-公共初始化失败
2017/11/05 12:54:27.283-[XQBHClient.Client.ComCall.minusInfo:80]-[LOG_ERR]-CWDM_U=AAAAAA
2017/11/05 12:54:27.283-[XQBHClient.ClientTran.ZDLogin.exec:20]-[LOG_DEBUG]-null
2017/11/05 12:54:27.393-[XQBHClient.Client.ComCall.minusInfo:80]-[LOG_ERR]-CWDM_U=ERR001
2017/11/05 12:54:27.393-[XQBHClient.Client.ComCall.minusInfo:87]-[LOG_ERR]-调用失败
2017/11/05 12:54:27.393-[XQBHClient.ClientTran.ZDLogin.exec:16]-[LOG_ERR]-公共初始化失败
2017/11/05 12:54:27.518-[XQBHClient.Client.ComCall.minusInfo:80]-[LOG_ERR]-CWDM_U=ERR001
2017/11/05 12:54:27.518-[XQBHClient.Client.ComCall.minusInfo:87]-[LOG_ERR]-调用失败
2017/11/05 12:54:27.518-[XQBHClient.ClientTran.ZDLogin.exec:16]-[LOG_ERR]-公共初始化失败
2017/11/05 12:54:27.658-[XQBHClient.Client.ComCall.minusInfo:80]-[LOG_ERR]-CWDM_U=ERR001
2017/11/05 12:54:27.658-[XQBHClient.Client.ComCall.minusInfo:87]-[LOG_ERR]-调用失败
2017/11/05 12:54:27.658-[XQBHClient.ClientTran.ZDLogin.exec:16]-[LOG_ERR]-公共初始化失败
2017/11/05 12:54:27.799-[XQBHClient.Client.ComCall.minusInfo:80]-[LOG_ERR]-CWDM_U=ERR001
2017/11/05 12:54:27.799-[XQBHClient.Client.ComCall.minusInfo:87]-[LOG_ERR]-调用失败
2017/11/05 12:54:27.799-[XQBHClient.ClientTran.ZDLogin.exec:16]-[LOG_ERR]-公共初始化失败
2017/11/05 01:42:07.398-[XQBHClient.Client.ComCall.minusInfo:80]-[LOG_ERR]-CWDM_U=AAAAAA
2017/11/05 01:42:07.398-[XQBHClient.ClientTran.ZDLogin.exec:20]-[LOG_DEBUG]-null
2017/11/05 07:48:27.211-[XQBHClient.Client.ComCall.minusInfo:80]-[LOG_ERR]-CWDM_U=AAAAAA
2017/11/05 07:48:27.227-[XQBHClient.ClientTran.ZDLogin.exec:20]-[LOG_DEBUG]-null
2017/11/05 08:20:31.394-[XQBHClient.Client.ComCall.minusInfo:80]-[LOG_ERR]-CWDM_U=AAAAAA
2017/11/05 08:20:31.394-[XQBHClient.ClientTran.ZDLogin.exec:20]-[LOG_DEBUG]-null
2017/11/05 08:49:50.465-[XQBHClient.Utils.PropertiesHandler.PropertiesReader.readKeyFromXML:20]-[LOG_ERR]-file not found
2017/11/05 08:50:21.917-[XQBHClient.ClientUI.ClientUIMain.Init:60]-[LOG_DEBUG]-timeOut=9000
2017/11/05 08:50:21.919-[XQBHClient.ClientUI.ClientUIMain.Init:67]-[LOG_DEBUG]-frequency=500
2017/11/05 08:50:21.919-[XQBHClient.ClientUI.ClientUIMain.Init:75]-[LOG_DEBUG]-relayIP=192.168.31.177
2017/11/05 08:50:21.920-[XQBHClient.ClientUI.ClientUIMain.Init:83]-[LOG_DEBUG]-relayIP=8080
2017/11/05 08:50:21.921-[XQBHClient.ClientUI.ClientUIMain.Init:91]-[LOG_DEBUG]-qrScanner=COM4
