2018/11/26 02:25:45.817-[XQBHClient.Utils.Updater.AutoUpdateMain.exec:46]-[LOG_SYS]-自动升级程序启动...
2018/11/26 02:25:45.818-[XQBHClient.Utils.Updater.AutoUpdateMain.exec:48]-[LOG_SYS]-搜索FTP上版本控制文件:
2018/11/26 02:25:45.819-[XQBHClient.Utils.Updater.AutoUpdateMain.exec:49]-[LOG_DEBUG]-Const.hostName=newfangledstore.com
2018/11/26 02:25:45.819-[XQBHClient.Utils.Updater.AutoUpdateMain.exec:50]-[LOG_DEBUG]-Const.port=21
2018/11/26 02:25:45.820-[XQBHClient.Utils.Updater.AutoUpdateMain.exec:51]-[LOG_DEBUG]-Const.user=ftpreader
2018/11/26 02:25:45.822-[XQBHClient.Utils.Updater.AutoUpdateMain.exec:52]-[LOG_DEBUG]-Const.pwd=ftp
2018/11/26 02:25:45.822-[XQBHClient.Utils.Updater.AutoUpdateMain.exec:53]-[LOG_DEBUG]-Const.RemotePath=Update/XQBHClient
2018/11/26 02:25:45.823-[XQBHClient.Utils.Updater.AutoUpdateMain.exec:54]-[LOG_DEBUG]-Const.LocalPath=Update/new
2018/11/26 02:25:45.953-[XQBHClient.Utils.Updater.FTPClientUtil.getInstance:65]-[LOG_ERR]-连接主机:newfangledstore.com失败!
2018/11/26 02:25:48.037-[XQBHClient.ClientUI.Unit.WarmingDialogController.OK:27]-[LOG_DEBUG]-OK
2018/11/26 02:31:59.765-[XQBHClient.Utils.Updater.AutoUpdateMain.exec:46]-[LOG_SYS]-自动升级程序启动...
2018/11/26 02:31:59.766-[XQBHClient.Utils.Updater.AutoUpdateMain.exec:48]-[LOG_SYS]-搜索FTP上版本控制文件:
2018/11/26 02:31:59.767-[XQBHClient.Utils.Updater.AutoUpdateMain.exec:49]-[LOG_DEBUG]-Const.hostName=newfangledstore.com
2018/11/26 02:31:59.768-[XQBHClient.Utils.Updater.AutoUpdateMain.exec:50]-[LOG_DEBUG]-Const.port=21
2018/11/26 02:31:59.769-[XQBHClient.Utils.Updater.AutoUpdateMain.exec:51]-[LOG_DEBUG]-Const.user=ftpreader
2018/11/26 02:31:59.770-[XQBHClient.Utils.Updater.AutoUpdateMain.exec:52]-[LOG_DEBUG]-Const.pwd=ftp
2018/11/26 02:31:59.770-[XQBHClient.Utils.Updater.AutoUpdateMain.exec:53]-[LOG_DEBUG]-Const.RemotePath=Update/XQBHClient
2018/11/26 02:31:59.771-[XQBHClient.Utils.Updater.AutoUpdateMain.exec:54]-[LOG_DEBUG]-Const.LocalPath=Update/new
2018/11/26 02:31:59.828-[XQBHClient.Utils.Updater.FTPClientUtil.getInstance:65]-[LOG_ERR]-连接主机:newfangledstore.com失败!
2018/11/26 02:32:02.646-[XQBHClient.ClientUI.Unit.WarmingDialogController.OK:27]-[LOG_DEBUG]-OK
2018/11/26 03:21:26.187-[XQBHClient.Utils.Updater.AutoUpdateMain.exec:46]-[LOG_SYS]-自动升级程序启动...
2018/11/26 03:21:26.188-[XQBHClient.Utils.Updater.AutoUpdateMain.exec:48]-[LOG_SYS]-搜索FTP上版本控制文件:
2018/11/26 03:21:26.189-[XQBHClient.Utils.Updater.AutoUpdateMain.exec:49]-[LOG_DEBUG]-Const.hostName=127.0.0.1
2018/11/26 03:21:26.190-[XQBHClient.Utils.Updater.AutoUpdateMain.exec:50]-[LOG_DEBUG]-Const.port=21
2018/11/26 03:21:26.190-[XQBHClient.Utils.Updater.AutoUpdateMain.exec:51]-[LOG_DEBUG]-Const.user=ftpreader
2018/11/26 03:21:26.191-[XQBHClient.Utils.Updater.AutoUpdateMain.exec:52]-[LOG_DEBUG]-Const.pwd=ftp
2018/11/26 03:21:26.191-[XQBHClient.Utils.Updater.AutoUpdateMain.exec:53]-[LOG_DEBUG]-Const.RemotePath=Update/XQBHClient
2018/11/26 03:21:26.192-[XQBHClient.Utils.Updater.AutoUpdateMain.exec:54]-[LOG_DEBUG]-Const.LocalPath=Update/new
2018/11/26 03:21:26.284-[XQBHClient.Utils.Updater.AutoUpdateMain.exec:64]-[LOG_SYS]-正在进行版本文件比较...
2018/11/26 03:21:28.287-[XQBHClient.Utils.Updater.AutoUpdateMain.exec:69]-[LOG_SYS]-oldVersion=ver1.0
2018/11/26 03:28:08.345-[XQBHClient.Utils.Updater.AutoUpdateMain.exec:46]-[LOG_SYS]-自动升级程序启动...
2018/11/26 03:28:08.346-[XQBHClient.Utils.Updater.AutoUpdateMain.exec:48]-[LOG_SYS]-搜索FTP上版本控制文件:
2018/11/26 03:28:08.347-[XQBHClient.Utils.Updater.AutoUpdateMain.exec:49]-[LOG_DEBUG]-Const.hostName=127.0.0.1
2018/11/26 03:28:08.347-[XQBHClient.Utils.Updater.AutoUpdateMain.exec:50]-[LOG_DEBUG]-Const.port=21
2018/11/26 03:28:08.348-[XQBHClient.Utils.Updater.AutoUpdateMain.exec:51]-[LOG_DEBUG]-Const.user=ftpreader
2018/11/26 03:28:08.348-[XQBHClient.Utils.Updater.AutoUpdateMain.exec:52]-[LOG_DEBUG]-Const.pwd=ftp
2018/11/26 03:28:08.349-[XQBHClient.Utils.Updater.AutoUpdateMain.exec:53]-[LOG_DEBUG]-Const.RemotePath=Update/XQBHClient
2018/11/26 03:28:08.350-[XQBHClient.Utils.Updater.AutoUpdateMain.exec:54]-[LOG_DEBUG]-Const.LocalPath=Update/new
2018/11/26 03:28:08.442-[XQBHClient.Utils.Updater.AutoUpdateMain.exec:64]-[LOG_SYS]-正在进行版本文件比较...
2018/11/26 03:28:10.444-[XQBHClient.Utils.Updater.AutoUpdateMain.exec:69]-[LOG_SYS]-oldVersion=ver1.0
2018/11/26 03:28:10.446-[XQBHClient.Utils.Updater.AutoUpdateMain.exec:70]-[LOG_SYS]-newVersion=ver1.0
2018/11/26 03:28:10.448-[XQBHClient.Utils.Updater.AutoUpdateMain.exec:71]-[LOG_SYS]-Const.version=ver1.0
2018/11/26 03:28:10.449-[XQBHClient.Utils.Updater.AutoUpdateMain.exec:73]-[LOG_SYS]-数据采集程序版本没有更新变动
2018/11/26 03:28:10.451-[XQBHClient.Client.ClientInit.Init:20]-[LOG_IO]->>>>>>>>>>>>>>>>>>>>>>>>>>>>>>
2018/11/26 03:28:10.508-[XQBHClient.Client.ClientInit.Init:52]-[LOG_DEBUG]-timeOut=9000
2018/11/26 03:28:10.509-[XQBHClient.Client.ClientInit.Init:60]-[LOG_DEBUG]-frequency=500
2018/11/26 03:28:10.509-[XQBHClient.Client.ClientInit.Init:96]-[LOG_DEBUG]-controllerCOMName=COM4
2018/11/26 03:28:10.510-[XQBHClient.Client.ClientInit.Init:105]-[LOG_DEBUG]-QRReaderComName=COM4
2018/11/26 03:28:10.511-[XQBHClient.Client.ClientInit.Init:114]-[LOG_DEBUG]-FinishScannerComName=COM3
2018/11/26 03:28:10.511-[XQBHClient.Client.ClientInit.Init:123]-[LOG_DEBUG]-ClientIP=192.168.211.1:9001
2018/11/26 03:28:10.512-[XQBHClient.Client.ClientInit.Init:132]-[LOG_IO]-<<<<<<<<<<<<<<<<<<<<<<<<<<<<<<
2018/11/26 03:28:10.513-[XQBHClient.ClientTran.ZDLogin.exec:15]-[LOG_IO]->>>>>>>>>>>>>>>>>>>>>>>>>>>>>>
2018/11/26 03:28:10.876-[XQBHClient.Client.Com.getQTLS:116]-[LOG_ERR]-org.apache.ibatis.exceptions.PersistenceException: 
### Error querying database.  Cause: java.sql.SQLException: Access denied for user 'root'@'localhost'
### The error may exist in resources/table/mapper/CXTCSMapper.xml
### The error may involve XQBHClient.Client.Table.Mapper.CXTCSMapper.selectByPrimaryKey
### The error occurred while executing a query
### Cause: java.sql.SQLException: Access denied for user 'root'@'localhost'
	at org.apache.ibatis.exceptions.ExceptionFactory.wrapException(ExceptionFactory.java:30)
	at org.apache.ibatis.session.defaults.DefaultSqlSession.selectList(DefaultSqlSession.java:122)
	at org.apache.ibatis.session.defaults.DefaultSqlSession.selectList(DefaultSqlSession.java:113)
	at org.apache.ibatis.session.defaults.DefaultSqlSession.selectOne(DefaultSqlSession.java:73)
	at org.apache.ibatis.binding.MapperMethod.execute(MapperMethod.java:69)
	at org.apache.ibatis.binding.MapperProxy.invoke(MapperProxy.java:53)
	at com.sun.proxy.$Proxy0.selectByPrimaryKey(Unknown Source)
	at XQBHClient.Client.Com.getQTLS(Com.java:114)
	at XQBHClient.Client.ComCall.addInfo(ComCall.java:230)
	at XQBHClient.Client.ComCall.Call(ComCall.java:32)
	at XQBHClient.ClientTran.ZDLogin.exec(ZDLogin.java:30)
	at XQBHClient.Client.ClientMain.main(ClientMain.java:66)
Caused by: java.sql.SQLException: Access denied for user 'root'@'localhost'
	at com.mysql.jdbc.SQLError.createSQLException(SQLError.java:1086)
	at com.mysql.jdbc.MysqlIO.checkErrorPacket(MysqlIO.java:4237)
	at com.mysql.jdbc.MysqlIO.checkErrorPacket(MysqlIO.java:4169)
	at com.mysql.jdbc.MysqlIO.checkErrorPacket(MysqlIO.java:928)
	at com.mysql.jdbc.MysqlIO.proceedHandshakeWithPluggableAuthentication(MysqlIO.java:1750)
	at com.mysql.jdbc.MysqlIO.doHandshake(MysqlIO.java:1290)
	at com.mysql.jdbc.ConnectionImpl.coreConnect(ConnectionImpl.java:2502)
	at com.mysql.jdbc.ConnectionImpl.connectOneTryOnly(ConnectionImpl.java:2535)
	at com.mysql.jdbc.ConnectionImpl.createNewIO(ConnectionImpl.java:2320)
	at com.mysql.jdbc.ConnectionImpl.<init>(ConnectionImpl.java:834)
	at com.mysql.jdbc.JDBC4Connection.<init>(JDBC4Connection.java:46)
	at sun.reflect.NativeConstructorAccessorImpl.newInstance0(Native Method)
	at sun.reflect.NativeConstructorAccessorImpl.newInstance(NativeConstructorAccessorImpl.java:62)
	at sun.reflect.DelegatingConstructorAccessorImpl.newInstance(DelegatingConstructorAccessorImpl.java:45)
	at java.lang.reflect.Constructor.newInstance(Constructor.java:423)
	at com.mysql.jdbc.Util.handleNewInstance(Util.java:411)
	at com.mysql.jdbc.ConnectionImpl.getInstance(ConnectionImpl.java:416)
	at com.mysql.jdbc.NonRegisteringDriver.connect(NonRegisteringDriver.java:347)
	at java.sql.DriverManager.getConnection(DriverManager.java:664)
	at java.sql.DriverManager.getConnection(DriverManager.java:208)
	at org.apache.ibatis.datasource.unpooled.UnpooledDataSource.doGetConnection(UnpooledDataSource.java:201)
	at org.apache.ibatis.datasource.unpooled.UnpooledDataSource.doGetConnection(UnpooledDataSource.java:196)
	at org.apache.ibatis.datasource.unpooled.UnpooledDataSource.getConnection(UnpooledDataSource.java:93)
	at org.apache.ibatis.datasource.pooled.PooledDataSource.popConnection(PooledDataSource.java:385)
	at org.apache.ibatis.datasource.pooled.PooledDataSource.getConnection(PooledDataSource.java:89)
	at org.apache.ibatis.transaction.jdbc.JdbcTransaction.openConnection(JdbcTransaction.java:140)
	at org.apache.ibatis.transaction.jdbc.JdbcTransaction.getConnection(JdbcTransaction.java:62)
	at org.apache.ibatis.executor.BaseExecutor.getConnection(BaseExecutor.java:315)
	at org.apache.ibatis.executor.SimpleExecutor.prepareStatement(SimpleExecutor.java:75)
	at org.apache.ibatis.executor.SimpleExecutor.doQuery(SimpleExecutor.java:61)
	at org.apache.ibatis.executor.BaseExecutor.queryFromDatabase(BaseExecutor.java:303)
	at org.apache.ibatis.executor.BaseExecutor.query(BaseExecutor.java:154)
	at org.apache.ibatis.executor.CachingExecutor.query(CachingExecutor.java:102)
	at org.apache.ibatis.executor.CachingExecutor.query(CachingExecutor.java:82)
	at org.apache.ibatis.session.defaults.DefaultSqlSession.selectList(DefaultSqlSession.java:120)
	... 10 more

2018/11/26 03:28:10.879-[XQBHClient.Client.Com.getQTLS:117]-[LOG_ERR]-查询数据库失败!!!
2018/11/26 03:28:13.731-[XQBHClient.ClientUI.Unit.WarmingDialogController.OK:27]-[LOG_DEBUG]-OK
2018/11/26 03:35:59.462-[XQBHClient.Utils.Updater.AutoUpdateMain.exec:46]-[LOG_SYS]-自动升级程序启动...
2018/11/26 03:35:59.463-[XQBHClient.Utils.Updater.AutoUpdateMain.exec:48]-[LOG_SYS]-搜索FTP上版本控制文件:
2018/11/26 03:35:59.464-[XQBHClient.Utils.Updater.AutoUpdateMain.exec:49]-[LOG_DEBUG]-Const.hostName=127.0.0.1
2018/11/26 03:35:59.465-[XQBHClient.Utils.Updater.AutoUpdateMain.exec:50]-[LOG_DEBUG]-Const.port=21
2018/11/26 03:35:59.465-[XQBHClient.Utils.Updater.AutoUpdateMain.exec:51]-[LOG_DEBUG]-Const.user=ftpreader
2018/11/26 03:35:59.466-[XQBHClient.Utils.Updater.AutoUpdateMain.exec:52]-[LOG_DEBUG]-Const.pwd=ftp
2018/11/26 03:35:59.466-[XQBHClient.Utils.Updater.AutoUpdateMain.exec:53]-[LOG_DEBUG]-Const.RemotePath=Update/XQBHClient
2018/11/26 03:35:59.467-[XQBHClient.Utils.Updater.AutoUpdateMain.exec:54]-[LOG_DEBUG]-Const.LocalPath=Update/new
2018/11/26 03:35:59.579-[XQBHClient.Utils.Updater.AutoUpdateMain.exec:64]-[LOG_SYS]-正在进行版本文件比较...
2018/11/26 03:36:01.581-[XQBHClient.Utils.Updater.AutoUpdateMain.exec:69]-[LOG_SYS]-oldVersion=ver1.0
2018/11/26 03:36:01.582-[XQBHClient.Utils.Updater.AutoUpdateMain.exec:70]-[LOG_SYS]-newVersion=ver1.0
2018/11/26 03:36:01.584-[XQBHClient.Utils.Updater.AutoUpdateMain.exec:71]-[LOG_SYS]-Const.version=ver1.0
2018/11/26 03:36:01.585-[XQBHClient.Utils.Updater.AutoUpdateMain.exec:73]-[LOG_SYS]-数据采集程序版本没有更新变动
2018/11/26 03:36:01.588-[XQBHClient.Client.ClientInit.Init:20]-[LOG_IO]->>>>>>>>>>>>>>>>>>>>>>>>>>>>>>
2018/11/26 03:36:01.639-[XQBHClient.Client.ClientInit.Init:52]-[LOG_DEBUG]-timeOut=9000
2018/11/26 03:36:01.640-[XQBHClient.Client.ClientInit.Init:60]-[LOG_DEBUG]-frequency=500
2018/11/26 03:36:01.641-[XQBHClient.Client.ClientInit.Init:96]-[LOG_DEBUG]-controllerCOMName=COM4
2018/11/26 03:36:01.641-[XQBHClient.Client.ClientInit.Init:105]-[LOG_DEBUG]-QRReaderComName=COM4
2018/11/26 03:36:01.642-[XQBHClient.Client.ClientInit.Init:114]-[LOG_DEBUG]-FinishScannerComName=COM3
2018/11/26 03:36:01.643-[XQBHClient.Client.ClientInit.Init:123]-[LOG_DEBUG]-ClientIP=192.168.211.1:9001
2018/11/26 03:36:01.643-[XQBHClient.Client.ClientInit.Init:132]-[LOG_IO]-<<<<<<<<<<<<<<<<<<<<<<<<<<<<<<
2018/11/26 03:36:01.644-[XQBHClient.ClientTran.ZDLogin.exec:15]-[LOG_IO]->>>>>>>>>>>>>>>>>>>>>>>>>>>>>>
2018/11/26 03:36:02.078-[XQBHClient.Client.Com.getQTLS:158]-[LOG_DEBUG]-前台流水:CZD00000000010000001
2018/11/26 03:36:02.115-[XQBHClient.Client.ComCall.Call:38]-[LOG_DEBUG]-XMLIn={"head":{"HTJYM_":"ZDLogin","QTRQ_U":"20181126","ZDBH_U":"ZD0000000001","IP_UUU":"192.168.211.1:9001","QTLS_U":"CZD00000000010000001","ZDJYM_":"1234567890","QTSJ_U":"033601","QTJYM_":"ZDLogin"},"body":{}}
2018/11/26 03:36:02.178-[XQBHClient.Client.ComCall.Call:70]-[LOG_DEBUG]-after encrypt XMLIn=[RwTqEERJsWFwpqCSNanXxC9rH+govjfoCcEAMR3xYHL66GjAB+ZF2kxLf3S2F9tbQ4aGHt8ZSdC8h8I1l6QcyLk4nyEzkQ+AjOXmfCp+MVQ6REa4uq1fjs1OjzR7ydh9jor5r+gDcuy8QkGN4fIU6Kgtv36eD3cRyyRHLrhu+YypXfL7XCmjUAvhnOX3cSGysp7oQ7cegDKkoHbypigJl1SIWORHb00B5JwGILzmPORUWwf8PWIJr+aV3dGJlVbvRZl2k3ZqIqN2DoLhBaoB9ixLiX+rd3V8EWYKkV8C3qugYAIMwoFWeioLJKloDfInT4yf/0FOGVp34L7UEHbIQA==7777777Eosv3x+/nMMp0kxR7TCCz2wPwi5XFN7cDegwgl/dFims+eBlZ6AL4cRT97/co4quV7xlfw3tivWGKZYCsqIo7YJeJvCqfAhhOSVQZ01yAmiSPwjDjwdRKfUgJZ4Qx4Z2bdhxp7o/jPtpx2igJjNvH6fIAbSH5ZzbjaoeUQadAG08Nc/3U4RzaZaa5OY+PlbdsjbPsi/9ZKXtqeSGnH7OSRAb8y7LWGsLHi15gU68o+ckZJREVPglKnqkVYGX8tCuDSG03rcDuMZNxXfwpjv7bo5ipUgphEXTrBodHHUb5YXRhtihuPWDgcC7X37zoWZygW9mZu5EhblGetlUISGWBg==]
2018/11/26 03:36:02.179-[XQBHClient.Client.ComCall.Call:71]-[LOG_DEBUG]-after encrypt XMLIn.length=[695]
2018/11/26 03:36:02.319-[XQBHClient.Client.ComCall.Call:143]-[LOG_DEBUG]-XMLOut=WY/135zBxnr+YmLecnUzci+7qyolJOFOKfeZuyyno4jaSWhpuJs4D4knJ259oQbGDfdSXzd65OQUTsH2sntP8oq05+4xMPhDoj8g243lnxNNTkiosZ/XgeJjIkSBmgXCkZea2xpb9WuZvf/M3ELqvQJwyufwMdWB6dUgH2BYRT13IVTM0JEfDitOrr5f0tQd3q04yPqGcJbxtE2TSBT1ChF1++K0f55oFrFB1mdQ3Eg7bStq9JRQGbK+xbn/8H0TCR+ZQmTleKS6ead3UtbUcUeVDGoBTdj8bRvtW2y4AFwEZU5MIwHPpWuo/z7lD5lSNVd6nu1jtqaINcNLY6A2e2sMpIdR9PJzZec9SGih5rTJi4YjPGnZ25POJ9c/yTzyUwtJcSyNw/m2bpOzpugfpMKrc1a0CHmrlKa9wu9spM1r1en7o98isbZH9qRPpcVgpKAmW+q3BMadAKHvtdUr6pjXXoD7uCkJ0abEGy4N8/Nwx1cZAsurSnndZAOzDOs4aI0p94LkP5r+/dNE9iJaMSuGaKCaGO3rAtrDuxgL/21HVxld/ag6zw6cvGzVRjHBfOTqI5djKkxeYQwwvFGNBLcnmCy37Q4+mV01rWh+4F4VXzCn53mTgizCKUB402kxyfwO1NUaoTGSCppztW247HttmWk3Fex40e0Mfwrq3k8=7777777QF4T+HM7Aip61tfqMb8G/v0l5f8B+hVZTM7ov8xFRC7JB6FvAMEM5meU7IFrF00Zz7DVW2fV4PlaXZet56FyDvX5DCnymDa6viuknukZMWX8sNiNm+mc/kKsWYf8v9cE2NlQnysfGFTtyTYOHdghPgydZYtEen1WvmLJtmKaidQ=
2018/11/26 03:36:02.320-[XQBHClient.Client.ComCall.Call:176]-[LOG_DEBUG]-buffIn.length =[863]
2018/11/26 03:36:02.320-[XQBHClient.Client.ComCall.Call:177]-[LOG_DEBUG]-iPos=[684]
2018/11/26 03:36:02.321-[XQBHClient.Client.ComCall.Call:178]-[LOG_DEBUG]-signbytelength=[172]
2018/11/26 03:36:02.334-[XQBHClient.Client.ComCall.Call:209]-[LOG_DEBUG]-after decrypt XMLOut={"head":{"HTRQ_U":"20181126","CWXX_U":"","QTRQ_U":"20181126","SHBH_U":"SH0000000001","KHBH_U":"KH0000000001","HTLS_U":"","CWDM_U":"AAAAAA","QTSJ_U":"033601","HTJYM_":"ZDLogin","QTDX_U":"zd","ZDBH_U":"ZD0000000001","IP_UUU":"192.168.211.1:9001","QTLS_U":"CZD00000000010000001","ZDJYM_":"1234567890","QTJYM_":"ZDLogin"},"body":{"re":"Jakalaka Technology Co. Ltd"}}
2018/11/26 03:36:02.364-[XQBHClient.Client.ComCall.minusInfo:279]-[LOG_IO]-CWDM_U=AAAAAA
2018/11/26 03:36:02.365-[XQBHClient.ClientTran.ZDLogin.exec:33]-[LOG_DEBUG]-re=Jakalaka Technology Co. Ltd
2018/11/26 03:36:02.365-[XQBHClient.ClientTran.ZDLogin.exec:36]-[LOG_DEBUG]-spand 721ms
2018/11/26 03:36:02.366-[XQBHClient.ClientTran.ZDLogin.exec:37]-[LOG_IO]-<<<<<<<<<<<<<<<<<<<<<<<<<<<<<<
2018/11/26 03:36:02.370-[XQBHClient.ClientUI.ClientUIMain.Init:56]-[LOG_DEBUG]-target propfile=/usr/lib/jvm/java-8-openjdk-amd64/jre/lib
2018/11/26 03:39:26.001-[XQBHClient.Utils.Updater.AutoUpdateMain.exec:46]-[LOG_SYS]-自动升级程序启动...
2018/11/26 03:39:26.003-[XQBHClient.Utils.Updater.AutoUpdateMain.exec:48]-[LOG_SYS]-搜索FTP上版本控制文件:
2018/11/26 03:39:26.004-[XQBHClient.Utils.Updater.AutoUpdateMain.exec:49]-[LOG_DEBUG]-Const.hostName=127.0.0.1
2018/11/26 03:39:26.004-[XQBHClient.Utils.Updater.AutoUpdateMain.exec:50]-[LOG_DEBUG]-Const.port=21
2018/11/26 03:39:26.005-[XQBHClient.Utils.Updater.AutoUpdateMain.exec:51]-[LOG_DEBUG]-Const.user=ftpreader
2018/11/26 03:39:26.006-[XQBHClient.Utils.Updater.AutoUpdateMain.exec:52]-[LOG_DEBUG]-Const.pwd=ftp
2018/11/26 03:39:26.006-[XQBHClient.Utils.Updater.AutoUpdateMain.exec:53]-[LOG_DEBUG]-Const.RemotePath=Update/XQBHClient
2018/11/26 03:39:26.007-[XQBHClient.Utils.Updater.AutoUpdateMain.exec:54]-[LOG_DEBUG]-Const.LocalPath=Update/new
2018/11/26 03:39:26.110-[XQBHClient.Utils.Updater.AutoUpdateMain.exec:64]-[LOG_SYS]-正在进行版本文件比较...
2018/11/26 03:39:28.111-[XQBHClient.Utils.Updater.AutoUpdateMain.exec:69]-[LOG_SYS]-oldVersion=ver1.0
2018/11/26 03:39:28.112-[XQBHClient.Utils.Updater.AutoUpdateMain.exec:70]-[LOG_SYS]-newVersion=ver1.0
2018/11/26 03:39:28.113-[XQBHClient.Utils.Updater.AutoUpdateMain.exec:71]-[LOG_SYS]-Const.version=ver1.0
2018/11/26 03:39:28.114-[XQBHClient.Utils.Updater.AutoUpdateMain.exec:73]-[LOG_SYS]-数据采集程序版本没有更新变动
2018/11/26 03:39:28.115-[XQBHClient.Client.ClientInit.Init:20]-[LOG_IO]->>>>>>>>>>>>>>>>>>>>>>>>>>>>>>
2018/11/26 03:39:28.176-[XQBHClient.Client.ClientInit.Init:52]-[LOG_DEBUG]-timeOut=9000
2018/11/26 03:39:28.177-[XQBHClient.Client.ClientInit.Init:60]-[LOG_DEBUG]-frequency=500
2018/11/26 03:39:28.177-[XQBHClient.Client.ClientInit.Init:96]-[LOG_DEBUG]-controllerCOMName=COM4
2018/11/26 03:39:28.178-[XQBHClient.Client.ClientInit.Init:105]-[LOG_DEBUG]-QRReaderComName=COM4
2018/11/26 03:39:28.179-[XQBHClient.Client.ClientInit.Init:114]-[LOG_DEBUG]-FinishScannerComName=COM3
2018/11/26 03:39:28.179-[XQBHClient.Client.ClientInit.Init:123]-[LOG_DEBUG]-ClientIP=192.168.211.1:9001
2018/11/26 03:39:28.180-[XQBHClient.Client.ClientInit.Init:132]-[LOG_IO]-<<<<<<<<<<<<<<<<<<<<<<<<<<<<<<
2018/11/26 03:39:28.181-[XQBHClient.ClientTran.ZDLogin.exec:15]-[LOG_IO]->>>>>>>>>>>>>>>>>>>>>>>>>>>>>>
2018/11/26 03:39:28.558-[XQBHClient.Client.Com.getQTLS:158]-[LOG_DEBUG]-前台流水:CZD00000000010000002
2018/11/26 03:39:28.596-[XQBHClient.Client.ComCall.Call:38]-[LOG_DEBUG]-XMLIn={"head":{"HTJYM_":"ZDLogin","QTRQ_U":"20181126","ZDBH_U":"ZD0000000001","IP_UUU":"192.168.211.1:9001","QTLS_U":"CZD00000000010000002","ZDJYM_":"1234567890","QTSJ_U":"033928","QTJYM_":"ZDLogin"},"body":{}}
2018/11/26 03:39:28.665-[XQBHClient.Client.ComCall.Call:70]-[LOG_DEBUG]-after encrypt XMLIn=[NzZvfASAJikbhqBlQfmvy37M2PYvi0o16FNa7oceKZ/WJAujqxyk/sPrCZv8cf1+Vkh4a6Lc72Grx79LclzRziTVuX7PXxGwAvYrhKfQZ1atnz+yuj7s4X0cIVlVQz25W0Jwlqk2jEehL46gdLNn/VPDcnTEkCQyfQppS7xMnKDNq1VH46nJ7A9F3nFe0SdBZ6rj6tbeIbeBxx8zq1dYarSVbi+pRaw1sdoeu2HZN8DqjpKPWiJHgkDHuE7LxTyI4tn0Eoq44xdZRtRzkwb/G9YkdHTM303KOyyRAWZUG2Ya9htZKZfMQ9OZ9ERyZMZuUbLY+sdHxPhUv4uYAhw0MQ==7777777JPP5NoSRj1/vqJPHNlzp/WvC7zv6VpWbSyaQcb+FrWzSRSx5to2RElCm+Lyv+2RD2TPPfxzWooQ5ox7GqWZbTYRb4siDDp78u3p/zkGfm18a/65gkViZbxMQREHjQw0SftZQfJmGo5eeFvgoNJZe5r+YEw7aYZpp//8mh62Movu6eInxXMsTh9qtRb34Jzfa8ILU0OQZfEnnLvddmMhruPW9K6QHpsWBEs3fyh8oiOnpdFpyGcYU+xDE/FWkfq3IGsqBEZNTL4kF3tmtZWhmbjxGvgGyRgZ4iftisLjxcXRmTmR7Gbw8dyWE0gTM3/b3iFlUH66TDPqGKMgNkduNHA==]
2018/11/26 03:39:28.665-[XQBHClient.Client.ComCall.Call:71]-[LOG_DEBUG]-after encrypt XMLIn.length=[695]
2018/11/26 03:39:28.754-[XQBHClient.Client.ComCall.Call:143]-[LOG_DEBUG]-XMLOut=IgWwHjl6JjeDO36USTQoWhNFhtFKH0vEHEra2EeSo6hheuMcqHm3DrQXUPgm8Ru4NQJyrTCrfy5+obKbEcNNy90icRTEg0cVkRbGSReikbDdppWHcR+siZ48Y6f4+g9vwyhCN6OjnM89Pm1J1IS+6I9+SrLrSK9+9hEXDSyPKu/rQUc/fO5wJ4dkROuiDfHk8t+XbmVqkjg/aVydpIeQzPySfF3qgDSdomr5eR+j7U2CaP20bwaSrdhGfiBEBLqSJeHzyV/rvkujQb+zrdrOgi2Z7MW98av35Bea/32ioHZERSXf835FhUFoekgS+TFiu4KVM1d6vyGyND+Lb+goen4dBZScc0ky/QqiHHSny+U6C1mOpbTJCEdOvSEygtNnwG9rJqY8kxF66A8O2zfnNpw9uOnJNOKsweId2kL0uw3Ju5ys6VcypIoF9Bml9k5KGIeMJS+VRIck3U8d5Zn/90MBwSYCOkXfL+siD5CNqgkzBkEWgA2RC9X3s0BArSWxBU7bP31U+flSXkZ2ehqehc0KUK2DEL4tqP68SFdzu7h7oT4jIhXoj9rtEop33o8pMC5L2k2r3kQlKB94cxaFsjjGh0xedot9i5Z/MD9s7jEQycadlTidIGK7YPg3n6AbDJ7wLF1RrFHQAP7+LePE/X8VEFyVSAf4u0n2Kjn6DsA=7777777dnOlvpHUQ+vy4E4p3wT/opmAFBgX4S9ASbKyNtw48NCqk+r/5Ps6zadbbW7a/DJlHAOJUepPRwHVH5i9If6XFb7PdMl0fJvqCF7dPhW8mQT+d1Bfhdf5i0VjBAgbAZrWvD9IbV7OopsiVp80kESkcdbhkVjBtHtM8ZZgyFnPQDo=
2018/11/26 03:39:28.755-[XQBHClient.Client.ComCall.Call:176]-[LOG_DEBUG]-buffIn.length =[863]
2018/11/26 03:39:28.756-[XQBHClient.Client.ComCall.Call:177]-[LOG_DEBUG]-iPos=[684]
2018/11/26 03:39:28.756-[XQBHClient.Client.ComCall.Call:178]-[LOG_DEBUG]-signbytelength=[172]
2018/11/26 03:39:28.767-[XQBHClient.Client.ComCall.Call:209]-[LOG_DEBUG]-after decrypt XMLOut={"head":{"HTRQ_U":"20181126","CWXX_U":"","QTRQ_U":"20181126","SHBH_U":"SH0000000001","KHBH_U":"KH0000000001","HTLS_U":"","CWDM_U":"AAAAAA","QTSJ_U":"033928","HTJYM_":"ZDLogin","QTDX_U":"zd","ZDBH_U":"ZD0000000001","IP_UUU":"192.168.211.1:9001","QTLS_U":"CZD00000000010000002","ZDJYM_":"1234567890","QTJYM_":"ZDLogin"},"body":{"re":"Jakalaka Technology Co. Ltd"}}
2018/11/26 03:39:28.800-[XQBHClient.Client.ComCall.minusInfo:279]-[LOG_IO]-CWDM_U=AAAAAA
2018/11/26 03:39:28.801-[XQBHClient.ClientTran.ZDLogin.exec:33]-[LOG_DEBUG]-re=Jakalaka Technology Co. Ltd
2018/11/26 03:39:28.802-[XQBHClient.ClientTran.ZDLogin.exec:36]-[LOG_DEBUG]-spand 621ms
2018/11/26 03:39:28.803-[XQBHClient.ClientTran.ZDLogin.exec:37]-[LOG_IO]-<<<<<<<<<<<<<<<<<<<<<<<<<<<<<<
2018/11/26 03:39:28.806-[XQBHClient.ClientUI.ClientUIMain.Init:56]-[LOG_DEBUG]-target propfile=/usr/lib/jvm/java-8-openjdk-amd64/jre/lib
2018/11/26 03:39:29.427-[XQBHClient.Utils.PropertiesHandler.PropertiesReader.readKeyFromXML:22]-[LOG_ERR]-file/media/jakalaka/52DC43F3EF29BCDC/Docments/MySource/Github/XQBHClient/resources/主页/购买/生活用品/model.properties not found
2018/11/26 03:39:29.429-[XQBHClient.Utils.PropertiesHandler.PropertiesReader.readKeyFromXML:23]-[LOG_ERR]-读取/media/jakalaka/52DC43F3EF29BCDC/Docments/MySource/Github/XQBHClient/resources/主页/购买/生活用品/model.properties错误!
2018/11/26 03:42:18.119-[XQBHClient.Utils.Updater.AutoUpdateMain.exec:46]-[LOG_SYS]-自动升级程序启动...
2018/11/26 03:42:18.120-[XQBHClient.Utils.Updater.AutoUpdateMain.exec:48]-[LOG_SYS]-搜索FTP上版本控制文件:
2018/11/26 03:42:18.121-[XQBHClient.Utils.Updater.AutoUpdateMain.exec:49]-[LOG_DEBUG]-Const.hostName=127.0.0.1
2018/11/26 03:42:18.122-[XQBHClient.Utils.Updater.AutoUpdateMain.exec:50]-[LOG_DEBUG]-Const.port=21
2018/11/26 03:42:18.122-[XQBHClient.Utils.Updater.AutoUpdateMain.exec:51]-[LOG_DEBUG]-Const.user=ftpreader
2018/11/26 03:42:18.123-[XQBHClient.Utils.Updater.AutoUpdateMain.exec:52]-[LOG_DEBUG]-Const.pwd=ftp
2018/11/26 03:42:18.124-[XQBHClient.Utils.Updater.AutoUpdateMain.exec:53]-[LOG_DEBUG]-Const.RemotePath=Update/XQBHClient
2018/11/26 03:42:18.124-[XQBHClient.Utils.Updater.AutoUpdateMain.exec:54]-[LOG_DEBUG]-Const.LocalPath=Update/new
2018/11/26 03:42:18.214-[XQBHClient.Utils.Updater.AutoUpdateMain.exec:64]-[LOG_SYS]-正在进行版本文件比较...
2018/11/26 03:42:20.215-[XQBHClient.Utils.Updater.AutoUpdateMain.exec:69]-[LOG_SYS]-oldVersion=ver1.0
2018/11/26 03:42:20.216-[XQBHClient.Utils.Updater.AutoUpdateMain.exec:70]-[LOG_SYS]-newVersion=ver1.0
2018/11/26 03:42:20.217-[XQBHClient.Utils.Updater.AutoUpdateMain.exec:71]-[LOG_SYS]-Const.version=ver1.0
2018/11/26 03:42:20.218-[XQBHClient.Utils.Updater.AutoUpdateMain.exec:73]-[LOG_SYS]-数据采集程序版本没有更新变动
2018/11/26 03:42:20.220-[XQBHClient.Client.ClientInit.Init:20]-[LOG_IO]->>>>>>>>>>>>>>>>>>>>>>>>>>>>>>
2018/11/26 03:42:20.279-[XQBHClient.Client.ClientInit.Init:52]-[LOG_DEBUG]-timeOut=9000
2018/11/26 03:42:20.279-[XQBHClient.Client.ClientInit.Init:60]-[LOG_DEBUG]-frequency=500
2018/11/26 03:42:20.280-[XQBHClient.Client.ClientInit.Init:96]-[LOG_DEBUG]-controllerCOMName=COM4
2018/11/26 03:42:20.281-[XQBHClient.Client.ClientInit.Init:105]-[LOG_DEBUG]-QRReaderComName=COM4
2018/11/26 03:42:20.281-[XQBHClient.Client.ClientInit.Init:114]-[LOG_DEBUG]-FinishScannerComName=COM3
2018/11/26 03:42:20.282-[XQBHClient.Client.ClientInit.Init:123]-[LOG_DEBUG]-ClientIP=192.168.211.1:9001
2018/11/26 03:42:20.283-[XQBHClient.Client.ClientInit.Init:132]-[LOG_IO]-<<<<<<<<<<<<<<<<<<<<<<<<<<<<<<
2018/11/26 03:42:20.284-[XQBHClient.ClientTran.ZDLogin.exec:15]-[LOG_IO]->>>>>>>>>>>>>>>>>>>>>>>>>>>>>>
2018/11/26 03:42:20.676-[XQBHClient.Client.Com.getQTLS:158]-[LOG_DEBUG]-前台流水:CZD00000000010000003
2018/11/26 03:42:20.721-[XQBHClient.Client.ComCall.Call:38]-[LOG_DEBUG]-XMLIn={"head":{"HTJYM_":"ZDLogin","QTRQ_U":"20181126","ZDBH_U":"ZD0000000001","IP_UUU":"192.168.211.1:9001","QTLS_U":"CZD00000000010000003","ZDJYM_":"1234567890","QTSJ_U":"034220","QTJYM_":"ZDLogin"},"body":{}}
2018/11/26 03:42:20.795-[XQBHClient.Client.ComCall.Call:70]-[LOG_DEBUG]-after encrypt XMLIn=[CpwOjNS3COy0eJ6oK3MHQcDV/Ee7yZioOQ9sQN3CUtCxjD7i724QJsSwjNvraZKSMPo3CPMjIFHBGIfQjYBgLPQJTOdGR5/+QiVy1A5cE+JaheDxNeAmNWy08Gjdlvl0ER+we384qtrUj/gn3p2azyq3az2QCzhSGPtnxoVxlrJQcZyIgpD8wh14lf4UHBaJZ+w6+5p3FuTjSl+ChWy7eR2f0p2r0BwWxmbBe71xQQDEqANa3K7gA9LQGtaEvyGFeVUKj+jmLIcj8/o7XjnC2D8T1H3OxI/cgRrtnZOdh7JVK+/DXPhwujWc4uwu7KTJ1chR94e/RI/b7rsABUuIhQ==7777777H02RhVD9MARwCxz865BP6LFM0GjtZI3lJ6QUvL6A2xXrZdiIaFcZ0qgw7RtQNmPl4wrVbBHBKVW6uyUalhnoN8LsRoK3DhgYWX0V7sLplCrJKMAyQ/GIfp98UoiVEp6vCnG8yYUWb9yw75uI3S+QSJTRkGQ6UTUc/qN9dWwxGTHpe+q/SY/F9fX9TTc0QM6B1ocPCPCsHZCQbVzaQLogs8KVsINhHF0U77a0BO+g/VlcHitJFaq0VTYQz73WjNnZsolCajzrpbOTWL1/mmT0lvcgGivhCEM9KjrHtcS076QxfNUY4sWBazwLdu6M5uOh1YzjHeSG6ETP0EfmKczfyA==]
2018/11/26 03:42:20.795-[XQBHClient.Client.ComCall.Call:71]-[LOG_DEBUG]-after encrypt XMLIn.length=[695]
2018/11/26 03:42:20.886-[XQBHClient.Client.ComCall.Call:143]-[LOG_DEBUG]-XMLOut=TcxQ20uHSXvpbVm3JAIanl8fHAJgox7EDYIYWu1x3Yx5Cn+OsP/OrmDYvTER6x1vrW9qPGsrqbVigX6lgrSTT5g1EzK7FUvjwGNWJrNIXiu1Gq43JtKZKSZqz7Lk8Ryp/rocHwgaTRLxMzT2vfejrmEMkXq0MFdc+VPC9xpl41wbr1VrvpbPdplev9jGUV6fI7e1MJyvnjAykijldDFr4Rx9AEMrdrfr7oLmBqz6o6OZmLcviiGD0ymIuyeSKo077VnDpq1uVXTws1c6t0zhMF7aieZy7i+AzLJS5hrUpHvWsDWDEPuQUqe9k29cLe0GrzdkYYlF7i29l9lTuDW5QxkPqagiUMHenZEWGg+H/5V/TkQJz4Eempwgu7DUmXVG7TLH81QM0QmYvco22GSuW9DapN4JCRkiizzrU4rJwiX5K9o5OUq8oP3xEjTKBHRyYUgiyzfdYLw7Mz8eFZQUYwQhzatUVU23msr/O2QVv7y5DHKP7AfBEqA02N1QCxkdqHdXG8stkUBbW47gkMjVRa70czXdtY+FOKvte6IP0vXZ64+6KBQwet8Z8Jy8NDp2UR0P2HjakJQMuAv+yQyc9OrOFm+kCT95NWLVYvl4n9dgtBkJxKwwHXA9yggu6xqZwDotJ/CfoTGOuSljulqEL7Dj55IhhASAE+9Jk64R/jo=7777777CpcH0tjGJkkNEmFbs7dLom5oAn5IIg1Xfewvk7Auh0l4ooU3nA2DK7YGQA81C8sspkhbEGe7viq7R97WkJzQFQzRcgJpNoLl7dTwPotv2KzdSRLxuRHiLkFVcO5TfMjt/j9WD8nayWt056aDfsm9ZzTzrI5qzjXSQmEPN7RD4jA=
2018/11/26 03:42:20.887-[XQBHClient.Client.ComCall.Call:176]-[LOG_DEBUG]-buffIn.length =[863]
2018/11/26 03:42:20.888-[XQBHClient.Client.ComCall.Call:177]-[LOG_DEBUG]-iPos=[684]
2018/11/26 03:42:20.888-[XQBHClient.Client.ComCall.Call:178]-[LOG_DEBUG]-signbytelength=[172]
2018/11/26 03:42:20.899-[XQBHClient.Client.ComCall.Call:209]-[LOG_DEBUG]-after decrypt XMLOut={"head":{"HTRQ_U":"20181126","CWXX_U":"","QTRQ_U":"20181126","SHBH_U":"SH0000000001","KHBH_U":"KH0000000001","HTLS_U":"","CWDM_U":"AAAAAA","QTSJ_U":"034220","HTJYM_":"ZDLogin","QTDX_U":"zd","ZDBH_U":"ZD0000000001","IP_UUU":"192.168.211.1:9001","QTLS_U":"CZD00000000010000003","ZDJYM_":"1234567890","QTJYM_":"ZDLogin"},"body":{"re":"Jakalaka Technology Co. Ltd"}}
2018/11/26 03:42:20.920-[XQBHClient.Client.ComCall.minusInfo:279]-[LOG_IO]-CWDM_U=AAAAAA
2018/11/26 03:42:20.921-[XQBHClient.ClientTran.ZDLogin.exec:33]-[LOG_DEBUG]-re=Jakalaka Technology Co. Ltd
2018/11/26 03:42:20.921-[XQBHClient.ClientTran.ZDLogin.exec:36]-[LOG_DEBUG]-spand 637ms
2018/11/26 03:42:20.922-[XQBHClient.ClientTran.ZDLogin.exec:37]-[LOG_IO]-<<<<<<<<<<<<<<<<<<<<<<<<<<<<<<
2018/11/26 03:42:20.925-[XQBHClient.ClientUI.ClientUIMain.Init:56]-[LOG_DEBUG]-target propfile=/usr/lib/jvm/java-8-openjdk-amd64/jre/lib
2018/11/26 03:42:21.605-[XQBHClient.ClientAPI.SetGoodsAccountToModel.exec:21]-[LOG_DEBUG]-not search 
2018/11/26 03:42:24.976-[XQBHClient.ClientAPI.SetGoodsAccountToModel.exec:21]-[LOG_DEBUG]-not search 
2018/11/26 03:42:25.742-[XQBHClient.Utils.Model.DataModel.getGoodsList:237]-[LOG_DEBUG]-add  主页/购买/生活用品/纸巾100抽
2018/11/26 03:42:25.888-[XQBHClient.Utils.Data.DataUtils.setValue:59]-[LOG_ERR]-无positionX字段,请联系管理员!
2018/11/26 03:42:27.670-[XQBHClient.ClientUI.Unit.WarmingDialogController.OK:27]-[LOG_DEBUG]-OK
2018/11/26 03:42:27.677-[XQBHClient.Utils.Data.DataUtils.setValue:59]-[LOG_ERR]-无positionY字段,请联系管理员!
2018/11/26 03:42:28.438-[XQBHClient.ClientUI.Unit.WarmingDialogController.OK:27]-[LOG_DEBUG]-OK
2018/11/26 03:42:28.539-[XQBHClient.ClientUI.Unit.Obj_Goods_Sell.<init>:42]-[LOG_DEBUG]-file:/media/jakalaka/52DC43F3EF29BCDC/Docments/MySource/Github/XQBHClient/resources/主页/购买/生活用品/纸巾100抽/img0.png
2018/11/26 03:42:31.885-[XQBHClient.ClientAPI.SetGoodsAccountToModel.exec:21]-[LOG_DEBUG]-not search 
2018/11/26 03:42:32.357-[XQBHClient.ClientAPI.SetGoodsAccountToModel.exec:21]-[LOG_DEBUG]-not search 
2018/11/26 03:43:29.541-[XQBHClient.Utils.Updater.AutoUpdateMain.exec:46]-[LOG_SYS]-自动升级程序启动...
2018/11/26 03:43:29.543-[XQBHClient.Utils.Updater.AutoUpdateMain.exec:48]-[LOG_SYS]-搜索FTP上版本控制文件:
2018/11/26 03:43:29.544-[XQBHClient.Utils.Updater.AutoUpdateMain.exec:49]-[LOG_DEBUG]-Const.hostName=127.0.0.1
2018/11/26 03:43:29.545-[XQBHClient.Utils.Updater.AutoUpdateMain.exec:50]-[LOG_DEBUG]-Const.port=21
2018/11/26 03:43:29.546-[XQBHClient.Utils.Updater.AutoUpdateMain.exec:51]-[LOG_DEBUG]-Const.user=ftpreader
2018/11/26 03:43:29.546-[XQBHClient.Utils.Updater.AutoUpdateMain.exec:52]-[LOG_DEBUG]-Const.pwd=ftp
2018/11/26 03:43:29.547-[XQBHClient.Utils.Updater.AutoUpdateMain.exec:53]-[LOG_DEBUG]-Const.RemotePath=Update/XQBHClient
2018/11/26 03:43:29.548-[XQBHClient.Utils.Updater.AutoUpdateMain.exec:54]-[LOG_DEBUG]-Const.LocalPath=Update/new
2018/11/26 03:43:29.630-[XQBHClient.Utils.Updater.AutoUpdateMain.exec:64]-[LOG_SYS]-正在进行版本文件比较...
2018/11/26 03:43:31.633-[XQBHClient.Utils.Updater.AutoUpdateMain.exec:69]-[LOG_SYS]-oldVersion=ver1.0
2018/11/26 03:43:31.634-[XQBHClient.Utils.Updater.AutoUpdateMain.exec:70]-[LOG_SYS]-newVersion=ver1.0
2018/11/26 03:43:31.635-[XQBHClient.Utils.Updater.AutoUpdateMain.exec:71]-[LOG_SYS]-Const.version=ver1.0
2018/11/26 03:43:31.636-[XQBHClient.Utils.Updater.AutoUpdateMain.exec:73]-[LOG_SYS]-数据采集程序版本没有更新变动
2018/11/26 03:43:31.637-[XQBHClient.Client.ClientInit.Init:20]-[LOG_IO]->>>>>>>>>>>>>>>>>>>>>>>>>>>>>>
2018/11/26 03:43:31.686-[XQBHClient.Client.ClientInit.Init:52]-[LOG_DEBUG]-timeOut=9000
2018/11/26 03:43:31.687-[XQBHClient.Client.ClientInit.Init:60]-[LOG_DEBUG]-frequency=500
2018/11/26 03:43:31.688-[XQBHClient.Client.ClientInit.Init:96]-[LOG_DEBUG]-controllerCOMName=COM4
2018/11/26 03:43:31.688-[XQBHClient.Client.ClientInit.Init:105]-[LOG_DEBUG]-QRReaderComName=COM4
2018/11/26 03:43:31.689-[XQBHClient.Client.ClientInit.Init:114]-[LOG_DEBUG]-FinishScannerComName=COM3
2018/11/26 03:43:31.690-[XQBHClient.Client.ClientInit.Init:123]-[LOG_DEBUG]-ClientIP=192.168.211.1:9001
2018/11/26 03:43:31.690-[XQBHClient.Client.ClientInit.Init:132]-[LOG_IO]-<<<<<<<<<<<<<<<<<<<<<<<<<<<<<<
2018/11/26 03:43:31.691-[XQBHClient.ClientTran.ZDLogin.exec:15]-[LOG_IO]->>>>>>>>>>>>>>>>>>>>>>>>>>>>>>
2018/11/26 03:43:32.093-[XQBHClient.Client.Com.getQTLS:158]-[LOG_DEBUG]-前台流水:CZD00000000010000004
2018/11/26 03:43:32.137-[XQBHClient.Client.ComCall.Call:38]-[LOG_DEBUG]-XMLIn={"head":{"HTJYM_":"ZDLogin","QTRQ_U":"20181126","ZDBH_U":"ZD0000000001","IP_UUU":"192.168.211.1:9001","QTLS_U":"CZD00000000010000004","ZDJYM_":"1234567890","QTSJ_U":"034331","QTJYM_":"ZDLogin"},"body":{}}
2018/11/26 03:43:32.195-[XQBHClient.Client.ComCall.Call:70]-[LOG_DEBUG]-after encrypt XMLIn=[TQzP260EGGR097MVWTjo6oJMXQlh24vjp3+AKfZ0i4Ap1AoWNeS1SsvNMXX5EaBc29vDw9HnZqErhoByiZBWFzvNnKyD7p0SqAN1Vfr4Jt4fsgL+Bpx4OOmzNX6vpIIGBIAoAmSk6200NQwZxKxGVBfLVp23KS8TSlydl4Cs9UHMwSNlmX35Zqfg9Qfypl4hppOXoVGZyii0vzsPIJB6rXN9RDuQNQdFrVr6IXZf6PwTpRyFZM5lwXqk22EwP0PbsN48s0tVcPn5gYrpdCEeX9fnrnJs6PKIU35xtJpQDkoldWGciW/b6SPoHAoeVwqYrNW+TZAVQnbMfL3hpxoSjA==7777777tFoGEJlO/UcQvHCDbxcQoShlEw+B1+M1vnvx2SoCUC0vsAvXIYi7hEDV3ysOOX4O+BNqjJNsA9Rdhe2kPLjY5MCeDeTA2dFt7ytxIrkSz4QqcUlKoYQ+Nm4nOA1FosPSJp+UoNnj3YYKOatLMCSYsU0E096rZpgl6sAmdEJHmrxrgF+Tbh0bDykHNOeNlmYMeAw6NlqMuH4/eDUexCskMnRfSzaoJ+fWgCpWAwk9jW7w/yJH4OhC4OdIcIO6Y9DPNxl0Mb6GAfcqjYwwx/vIW4Vj1+0ZBAMgFWh9J+Wu7spWar9x7c+goR4ye8FnpwvoZB3jztx18OO9RonzqFshcQ==]
2018/11/26 03:43:32.196-[XQBHClient.Client.ComCall.Call:71]-[LOG_DEBUG]-after encrypt XMLIn.length=[695]
2018/11/26 03:43:32.286-[XQBHClient.Client.ComCall.Call:143]-[LOG_DEBUG]-XMLOut=TGCZLrchoORiVHAppEIMiVTXdRbNEquFkzYyEajhEAZhDbr1gk3y7QcXy0gvfy6hfBqnRc7hfIoRO0A57koYKT9K2HCrhVp4XqpYjCx2SZpEHKGqrxNcUYzKrMmaAVLe3UZxMH/C8K2pNyltcmZ9pS6dxELYHTGdKdp38ttgjP1BLwLL0xcIkVNDTz3sg6BsLHuTQ0nt221cKDFAK/lsQxxrlyUT4EhIqo1f3T+paRUfgMxDxUw5SwkSvdUNJ2l+8oTAo+pjoCXbM18F6siO8p6EXQWfElksY9C2HrkBCLhPVuny3h63EauVfCWINbceT50TQTadaZSyv9COQyEoTmZlOeg95RPRsXszP9PTY/SThYyFof60WFb18084lzOcLk7vgQDvD5w1l/UtmXBP2WsineStfcVU0AMhjKAJDynQghCeyCbA9IK3hxcgkyUAoCKJJE3K/MI4+sW9EZ82pMb0FwesX6vMBMiO1JH7RY+L/6V8DkjT89AADofO455hT8njlxZro30s+Ce89E472MO8DPRenfkPOdEHFrsZ2G6m2f8G0qzDH/9oYSC+3ExiyMwny1pDszMkIpsQiqHK4ncpakPSsmxq43YLBr0mpX6dsWmhxht3zjd7fPV6Q8J5sK3qZQYVTljqB/E0Vin+HSH5xE3Px3xkJSAhpH4Rooo=7777777JRIvGKQstIT8aLPlF6UQVAdMZYnjVI41Cuy1PM8WiwGKY6VUpDmnZtiTjy6Ejlp5BBdj+w0Q7WXL25wG5XxDNmlWdjw+Ir5XJ5rtq75ogburns4vWPwCMEI2Kk1x7WoyTtLX+EYxEv7IGJg366GKb18+2MJexkOm5ISou5G9Zxo=
2018/11/26 03:43:32.287-[XQBHClient.Client.ComCall.Call:176]-[LOG_DEBUG]-buffIn.length =[863]
2018/11/26 03:43:32.287-[XQBHClient.Client.ComCall.Call:177]-[LOG_DEBUG]-iPos=[684]
2018/11/26 03:43:32.288-[XQBHClient.Client.ComCall.Call:178]-[LOG_DEBUG]-signbytelength=[172]
2018/11/26 03:43:32.299-[XQBHClient.Client.ComCall.Call:209]-[LOG_DEBUG]-after decrypt XMLOut={"head":{"HTRQ_U":"20181126","CWXX_U":"","QTRQ_U":"20181126","SHBH_U":"SH0000000001","KHBH_U":"KH0000000001","HTLS_U":"","CWDM_U":"AAAAAA","QTSJ_U":"034331","HTJYM_":"ZDLogin","QTDX_U":"zd","ZDBH_U":"ZD0000000001","IP_UUU":"192.168.211.1:9001","QTLS_U":"CZD00000000010000004","ZDJYM_":"1234567890","QTJYM_":"ZDLogin"},"body":{"re":"Jakalaka Technology Co. Ltd"}}
2018/11/26 03:43:32.320-[XQBHClient.Client.ComCall.minusInfo:279]-[LOG_IO]-CWDM_U=AAAAAA
2018/11/26 03:43:32.321-[XQBHClient.ClientTran.ZDLogin.exec:33]-[LOG_DEBUG]-re=Jakalaka Technology Co. Ltd
2018/11/26 03:43:32.321-[XQBHClient.ClientTran.ZDLogin.exec:36]-[LOG_DEBUG]-spand 630ms
2018/11/26 03:43:32.322-[XQBHClient.ClientTran.ZDLogin.exec:37]-[LOG_IO]-<<<<<<<<<<<<<<<<<<<<<<<<<<<<<<
2018/11/26 03:43:32.325-[XQBHClient.ClientUI.ClientUIMain.Init:56]-[LOG_DEBUG]-target propfile=/usr/lib/jvm/java-8-openjdk-amd64/jre/lib
2018/11/26 03:44:06.226-[XQBHClient.Utils.Updater.AutoUpdateMain.exec:46]-[LOG_SYS]-自动升级程序启动...
2018/11/26 03:44:06.228-[XQBHClient.Utils.Updater.AutoUpdateMain.exec:48]-[LOG_SYS]-搜索FTP上版本控制文件:
2018/11/26 03:44:06.228-[XQBHClient.Utils.Updater.AutoUpdateMain.exec:49]-[LOG_DEBUG]-Const.hostName=127.0.0.1
2018/11/26 03:44:06.229-[XQBHClient.Utils.Updater.AutoUpdateMain.exec:50]-[LOG_DEBUG]-Const.port=21
2018/11/26 03:44:06.230-[XQBHClient.Utils.Updater.AutoUpdateMain.exec:51]-[LOG_DEBUG]-Const.user=ftpreader
2018/11/26 03:44:06.230-[XQBHClient.Utils.Updater.AutoUpdateMain.exec:52]-[LOG_DEBUG]-Const.pwd=ftp
2018/11/26 03:44:06.231-[XQBHClient.Utils.Updater.AutoUpdateMain.exec:53]-[LOG_DEBUG]-Const.RemotePath=Update/XQBHClient
2018/11/26 03:44:06.232-[XQBHClient.Utils.Updater.AutoUpdateMain.exec:54]-[LOG_DEBUG]-Const.LocalPath=Update/new
2018/11/26 03:44:06.322-[XQBHClient.Utils.Updater.AutoUpdateMain.exec:64]-[LOG_SYS]-正在进行版本文件比较...
2018/11/26 03:44:08.324-[XQBHClient.Utils.Updater.AutoUpdateMain.exec:69]-[LOG_SYS]-oldVersion=ver1.0
2018/11/26 03:44:08.326-[XQBHClient.Utils.Updater.AutoUpdateMain.exec:70]-[LOG_SYS]-newVersion=ver1.0
2018/11/26 03:44:08.327-[XQBHClient.Utils.Updater.AutoUpdateMain.exec:71]-[LOG_SYS]-Const.version=ver1.0
2018/11/26 03:44:08.328-[XQBHClient.Utils.Updater.AutoUpdateMain.exec:73]-[LOG_SYS]-数据采集程序版本没有更新变动
2018/11/26 03:44:08.331-[XQBHClient.Client.ClientInit.Init:20]-[LOG_IO]->>>>>>>>>>>>>>>>>>>>>>>>>>>>>>
2018/11/26 03:44:08.385-[XQBHClient.Client.ClientInit.Init:52]-[LOG_DEBUG]-timeOut=9000
2018/11/26 03:44:08.386-[XQBHClient.Client.ClientInit.Init:60]-[LOG_DEBUG]-frequency=500
2018/11/26 03:44:08.387-[XQBHClient.Client.ClientInit.Init:96]-[LOG_DEBUG]-controllerCOMName=COM4
2018/11/26 03:44:08.388-[XQBHClient.Client.ClientInit.Init:105]-[LOG_DEBUG]-QRReaderComName=COM4
2018/11/26 03:44:08.388-[XQBHClient.Client.ClientInit.Init:114]-[LOG_DEBUG]-FinishScannerComName=COM3
2018/11/26 03:44:08.389-[XQBHClient.Client.ClientInit.Init:123]-[LOG_DEBUG]-ClientIP=192.168.211.1:9001
2018/11/26 03:44:08.390-[XQBHClient.Client.ClientInit.Init:132]-[LOG_IO]-<<<<<<<<<<<<<<<<<<<<<<<<<<<<<<
2018/11/26 03:44:08.391-[XQBHClient.ClientTran.ZDLogin.exec:15]-[LOG_IO]->>>>>>>>>>>>>>>>>>>>>>>>>>>>>>
2018/11/26 03:44:08.785-[XQBHClient.Client.Com.getQTLS:158]-[LOG_DEBUG]-前台流水:CZD00000000010000005
2018/11/26 03:44:08.821-[XQBHClient.Client.ComCall.Call:38]-[LOG_DEBUG]-XMLIn={"head":{"HTJYM_":"ZDLogin","QTRQ_U":"20181126","ZDBH_U":"ZD0000000001","IP_UUU":"192.168.211.1:9001","QTLS_U":"CZD00000000010000005","ZDJYM_":"1234567890","QTSJ_U":"034408","QTJYM_":"ZDLogin"},"body":{}}
2018/11/26 03:44:08.878-[XQBHClient.Client.ComCall.Call:70]-[LOG_DEBUG]-after encrypt XMLIn=[H0yWjoc05CikgQf4EM3TCE6qxZQ7qztOkdi+45ByEo14LRVDTQ0+stoM7XnN7wbLJCLQiNGrbEMh5xbSB/fEmNPQJjx87Nh94TkdGQ7vt5Co3lWN2MsV5DpmbFEvOMTP6w+ls+U1Qoss+dVzO7CQZIEzuyXH8hCV0I6ZSkvmsli5qqNPOuAIxSeqW6vRA+gc8Hk87znarZLzVNNlzh29TJ2/xk9Vr02mH1Mk0+OLPIIUW+FqKd6ccMR2Z6dcTWwpJS7UwWOnL5zGbUQRLQHeA2Oh8fzL/uS3E6cyWK9xFPvaMnnl72hYcddKS3fMe/OXgpR3aYa/fah/kYL3TX3mTw==7777777qxkaaIgEth691deJUwQGk17eQnhVHYfFCwIeEsInUebwze6RWndb1iP9wAk/3IebRmGmIrTlyqFefIHfoRXW+LGoZhmTxJgXsnEWTX7dp/moa2Rs+ASGy+bqHaJ7qyPapfq5x7A/7jYfoAsBJxnDq/lzm5b6Te/93oBomzuaFJkjE1fARGpUp3trZWX9w4moWjUgZQ2hiuqb8l3/EWE7OFrzBrUqZDSRqgD6ysmQ3u+qp9FXZIoJLBYnW0DqnRbrMHSD9uq8XghCg6BP/DrfvBflFSB32hOaxdfJy5UyO6KMjkOss2qBt6p/YDrOUBGLJ+PJgz10iojJQrttsvKZCQ==]
2018/11/26 03:44:08.879-[XQBHClient.Client.ComCall.Call:71]-[LOG_DEBUG]-after encrypt XMLIn.length=[695]
2018/11/26 03:44:08.969-[XQBHClient.Client.ComCall.Call:143]-[LOG_DEBUG]-XMLOut=FT+kWmsJaFsDwM0joxVKZw26SR9wO8XGJhd/+BzCZZGXTM2bf8lakMWacYYD3YsPQv2W2dmdwvBq2nqfDDy6wukLlOOBxoGglyso/ZshNjxk5455uitNRcvtKzgqo94ao60Ul0pjNx/TfFmPIRwGT+fNah3+JmRvTd7gkgzeg8DGviqT0uvUVIhTR7jp+UQcqAqAbT0MTkgQMuJvGicZAxvaVvmucUAD5L1qioQ2Huf5pMxrWtWh2uvYL4w/ZJUgeSMaV45Aj/GtBmr8jwvEmVAySziD0ZbEKg2EijZAooJ7Z6EHTz5UMqcjvM1K7PmCfhj6Hgvt2YSXsZdjuD6rmVNmIl59rVXSq8jq8So6rFziiGSvhqXrKcUCYkxEYgwNxdbiK2zYgdwJdHOf66A5l18mAizd1iSYZ6B/fh05Jila+B4bpo4IqDSGutxspNs6eRxw4r0ZhfPwmysDl9d8KGuGeFD5h2tJYf19jcXgrbWdRrY82+biuk/s/O506WJ6tNuL3Q977AUZ7dUiwarys+nw0oH8OMozW7aGLhr/xPaKP4n1L5s792+3NAbwNqFlv8Al9L65D/qZ3q2nCcmRcnPoelQwmGWkIAgYjEyEVhpy/LzZwVbi0FWDToCh8dmdHetjr/14TpslcxZJ8KloflG+VUjWRhZebPhBGssU9pw=7777777jl2eGrSr+IAbXcM8C7w4eBNjZOMzp26srOg+hjrY0iLrLUg48e5uaOeUxkOn3GmXmygEflsgeJDiWWblm/KSa567IjIWXmFnkszR6pGtka/XLfVp5/gy2kBSg9pYkAqyKrfNjwBNcFAIvQZT7i1VzervF7nYUgVjjOl+uyOa3VY=
2018/11/26 03:44:08.969-[XQBHClient.Client.ComCall.Call:176]-[LOG_DEBUG]-buffIn.length =[863]
2018/11/26 03:44:08.970-[XQBHClient.Client.ComCall.Call:177]-[LOG_DEBUG]-iPos=[684]
2018/11/26 03:44:08.970-[XQBHClient.Client.ComCall.Call:178]-[LOG_DEBUG]-signbytelength=[172]
2018/11/26 03:44:08.980-[XQBHClient.Client.ComCall.Call:209]-[LOG_DEBUG]-after decrypt XMLOut={"head":{"HTRQ_U":"20181126","CWXX_U":"","QTRQ_U":"20181126","SHBH_U":"SH0000000001","KHBH_U":"KH0000000001","HTLS_U":"","CWDM_U":"AAAAAA","QTSJ_U":"034408","HTJYM_":"ZDLogin","QTDX_U":"zd","ZDBH_U":"ZD0000000001","IP_UUU":"192.168.211.1:9001","QTLS_U":"CZD00000000010000005","ZDJYM_":"1234567890","QTJYM_":"ZDLogin"},"body":{"re":"Jakalaka Technology Co. Ltd"}}
2018/11/26 03:44:09.009-[XQBHClient.Client.ComCall.minusInfo:279]-[LOG_IO]-CWDM_U=AAAAAA
2018/11/26 03:44:09.010-[XQBHClient.ClientTran.ZDLogin.exec:33]-[LOG_DEBUG]-re=Jakalaka Technology Co. Ltd
2018/11/26 03:44:09.011-[XQBHClient.ClientTran.ZDLogin.exec:36]-[LOG_DEBUG]-spand 619ms
2018/11/26 03:44:09.011-[XQBHClient.ClientTran.ZDLogin.exec:37]-[LOG_IO]-<<<<<<<<<<<<<<<<<<<<<<<<<<<<<<
2018/11/26 03:44:09.016-[XQBHClient.ClientUI.ClientUIMain.Init:56]-[LOG_DEBUG]-target propfile=/usr/lib/jvm/java-8-openjdk-amd64/jre/lib
2018/11/26 03:44:37.477-[XQBHClient.Utils.Updater.AutoUpdateMain.exec:46]-[LOG_SYS]-自动升级程序启动...
2018/11/26 03:44:37.478-[XQBHClient.Utils.Updater.AutoUpdateMain.exec:48]-[LOG_SYS]-搜索FTP上版本控制文件:
2018/11/26 03:44:37.479-[XQBHClient.Utils.Updater.AutoUpdateMain.exec:49]-[LOG_DEBUG]-Const.hostName=127.0.0.1
2018/11/26 03:44:37.480-[XQBHClient.Utils.Updater.AutoUpdateMain.exec:50]-[LOG_DEBUG]-Const.port=21
2018/11/26 03:44:37.481-[XQBHClient.Utils.Updater.AutoUpdateMain.exec:51]-[LOG_DEBUG]-Const.user=ftpreader
2018/11/26 03:44:37.481-[XQBHClient.Utils.Updater.AutoUpdateMain.exec:52]-[LOG_DEBUG]-Const.pwd=ftp
2018/11/26 03:44:37.482-[XQBHClient.Utils.Updater.AutoUpdateMain.exec:53]-[LOG_DEBUG]-Const.RemotePath=Update/XQBHClient
2018/11/26 03:44:37.483-[XQBHClient.Utils.Updater.AutoUpdateMain.exec:54]-[LOG_DEBUG]-Const.LocalPath=Update/new
2018/11/26 03:44:37.607-[XQBHClient.Utils.Updater.AutoUpdateMain.exec:64]-[LOG_SYS]-正在进行版本文件比较...
2018/11/26 03:44:39.608-[XQBHClient.Utils.Updater.AutoUpdateMain.exec:69]-[LOG_SYS]-oldVersion=ver1.0
2018/11/26 03:44:39.609-[XQBHClient.Utils.Updater.AutoUpdateMain.exec:70]-[LOG_SYS]-newVersion=ver1.0
2018/11/26 03:44:39.610-[XQBHClient.Utils.Updater.AutoUpdateMain.exec:71]-[LOG_SYS]-Const.version=ver1.0
2018/11/26 03:44:39.610-[XQBHClient.Utils.Updater.AutoUpdateMain.exec:73]-[LOG_SYS]-数据采集程序版本没有更新变动
2018/11/26 03:44:39.612-[XQBHClient.Client.ClientInit.Init:20]-[LOG_IO]->>>>>>>>>>>>>>>>>>>>>>>>>>>>>>
2018/11/26 03:44:39.665-[XQBHClient.Client.ClientInit.Init:52]-[LOG_DEBUG]-timeOut=9000
2018/11/26 03:44:39.665-[XQBHClient.Client.ClientInit.Init:60]-[LOG_DEBUG]-frequency=500
2018/11/26 03:44:39.666-[XQBHClient.Client.ClientInit.Init:96]-[LOG_DEBUG]-controllerCOMName=COM4
2018/11/26 03:44:39.667-[XQBHClient.Client.ClientInit.Init:105]-[LOG_DEBUG]-QRReaderComName=COM4
2018/11/26 03:44:39.668-[XQBHClient.Client.ClientInit.Init:114]-[LOG_DEBUG]-FinishScannerComName=COM3
2018/11/26 03:44:39.668-[XQBHClient.Client.ClientInit.Init:123]-[LOG_DEBUG]-ClientIP=192.168.211.1:9001
2018/11/26 03:44:39.669-[XQBHClient.Client.ClientInit.Init:132]-[LOG_IO]-<<<<<<<<<<<<<<<<<<<<<<<<<<<<<<
2018/11/26 03:44:39.670-[XQBHClient.ClientTran.ZDLogin.exec:15]-[LOG_IO]->>>>>>>>>>>>>>>>>>>>>>>>>>>>>>
2018/11/26 03:44:40.081-[XQBHClient.Client.Com.getQTLS:158]-[LOG_DEBUG]-前台流水:CZD00000000010000006
2018/11/26 03:44:40.124-[XQBHClient.Client.ComCall.Call:38]-[LOG_DEBUG]-XMLIn={"head":{"HTJYM_":"ZDLogin","QTRQ_U":"20181126","ZDBH_U":"ZD0000000001","IP_UUU":"192.168.211.1:9001","QTLS_U":"CZD00000000010000006","ZDJYM_":"1234567890","QTSJ_U":"034439","QTJYM_":"ZDLogin"},"body":{}}
2018/11/26 03:44:40.199-[XQBHClient.Client.ComCall.Call:70]-[LOG_DEBUG]-after encrypt XMLIn=[TXG6Bl0jsLp3HpDcLzS2g45nVPmaxKlW1KEhyDsUIsV3SijBfYqh1fS/+w01UBqXfcftDVC1Mv/39UDSk9xc7qr052aYrsGDUJdBzZZiKdnPAm5uH9eKNdsc8WbVyIysSJwghqfQVe/A7PKm2xnmLKQwXUv9I+X5/nA6vDnOc3YEJLISftlZ/bzDX5TQzQNqZ7WS2iXZQp9g/mgxR668mjoxe7ARJKX2qjsAqORP3L+Bd52enYRTDCj6SQ1XhfnwHH26i3YVp06HejcUvT3PDSiJnaV61/rBJLgDVGKD625TSBjLQbNwvgOlutOJa6v0ACPk/A4ieh5MFI0gXx2tgw==7777777pMkgqyBG5ZyzbVjaCmvzG02Vo8xyTTC/aNZWE6gk2Y5uSmpzI5yRXfm6FFOf9oX/DQbt/5ilQ0uzG3TV6YJvvXa/VDHcfbUI/2I1Y2KShUGZNbc2WPo72obOlNG1Zp/5ZRTKsX1V8orqJL4Tw6HRvIbiYnlPlikHkvIvV3gYYAfaqBq24cstof2y+6zpHmJ0NqYTARelYDMo8lHNCgP05xQ6pYK3UtdDt8ZOboptl/F2dql0wxCTxZXk6+aUUTXrphHlVVoVG3J0hW7Q2Ihg3DYPBjBxtvH694xjBkn/nokFN//Mj7Q7En7wQLAEXe29+eA7xvV2hJT14YHMD1fzMQ==]
2018/11/26 03:44:40.200-[XQBHClient.Client.ComCall.Call:71]-[LOG_DEBUG]-after encrypt XMLIn.length=[695]
2018/11/26 03:44:40.287-[XQBHClient.Client.ComCall.Call:143]-[LOG_DEBUG]-XMLOut=AISR7MMcJvn67GmN8ajtG92hWOVjdRpiDOatEP72hV2bd+9gl8P11TnIhJ1tsihhRD4cytb3/O3gYLJjxvdTRLwSGN+5GZfwnmPFhT5KHSZnOvGOzdnCAHDcUbfscuIFS9CB9MTMLdIyRxasUWhL5/+0E8e6eF0dvjy12TODFphh7KH3MiWkckL7ehLZaAB8AoVKjvP+CMoAbTXEQqlklKuR6cWjjO4Iuk3f4vP8TK9qvdCWvnVNXkHDdC9O1BKxhDCTqK/GJg10W+admgPAGuga0IURpadSYKYvGXSvJGhgUy78w0KePaV+n9YDYMeneZeyvu0ndonKnOz9To5ddTMdEE68nBlHjq/ljdUat372QEeTGPwO64k0LTi4x1HMOYbCoJTwqnZ8sl0gbY9gF0P0JKNaXrDz3BlIXqW0qQCsHZSbhAaqewgKtCvI7Nv68DM7jO73Vr6S+IU+q3ApAVH4lSkcpjZ27M+g9w+2eR4RjIwvdwCPv6BkPKO15HF4tw7t3x1pSwC8MeOdG/3f6C3v863pQGPpIXvjR91n4F0UwH3ziMPNnus4b5ILTzUs0gOy48axoGv7kIEe6rzKQuAPRawhp80PwlnDDeUZcE4aZnaqPYRP++58ARNmABFs1ISGSlkGNRLqCIoykJ2OA0Z9kLZ87tgGkH2YfrvPSuY=7777777bT4xoQ6Vd+pqIDf8g77s09ouKTmvod72QtZP7tbL3aaNhTYUcm1H4lH4ZJv7pswe6lYcdR300YmfkCI0sLr6D0CUNN7WdJMD7rZo/WIiee0IrG7yzHZM/7+vbPzH8e57aIxS3wN8T30W6qyL+hqnJB/kZ1p1AG5kywup+kk8mEU=
2018/11/26 03:44:40.287-[XQBHClient.Client.ComCall.Call:176]-[LOG_DEBUG]-buffIn.length =[863]
2018/11/26 03:44:40.288-[XQBHClient.Client.ComCall.Call:177]-[LOG_DEBUG]-iPos=[684]
2018/11/26 03:44:40.289-[XQBHClient.Client.ComCall.Call:178]-[LOG_DEBUG]-signbytelength=[172]
2018/11/26 03:44:40.301-[XQBHClient.Client.ComCall.Call:209]-[LOG_DEBUG]-after decrypt XMLOut={"head":{"HTRQ_U":"20181126","CWXX_U":"","QTRQ_U":"20181126","SHBH_U":"SH0000000001","KHBH_U":"KH0000000001","HTLS_U":"","CWDM_U":"AAAAAA","QTSJ_U":"034439","HTJYM_":"ZDLogin","QTDX_U":"zd","ZDBH_U":"ZD0000000001","IP_UUU":"192.168.211.1:9001","QTLS_U":"CZD00000000010000006","ZDJYM_":"1234567890","QTJYM_":"ZDLogin"},"body":{"re":"Jakalaka Technology Co. Ltd"}}
2018/11/26 03:44:40.332-[XQBHClient.Client.ComCall.minusInfo:279]-[LOG_IO]-CWDM_U=AAAAAA
2018/11/26 03:44:40.332-[XQBHClient.ClientTran.ZDLogin.exec:33]-[LOG_DEBUG]-re=Jakalaka Technology Co. Ltd
2018/11/26 03:44:40.333-[XQBHClient.ClientTran.ZDLogin.exec:36]-[LOG_DEBUG]-spand 662ms
2018/11/26 03:44:40.333-[XQBHClient.ClientTran.ZDLogin.exec:37]-[LOG_IO]-<<<<<<<<<<<<<<<<<<<<<<<<<<<<<<
2018/11/26 03:44:40.337-[XQBHClient.ClientUI.ClientUIMain.Init:56]-[LOG_DEBUG]-target propfile=/usr/lib/jvm/java-8-openjdk-amd64/jre/lib
2018/11/26 03:44:40.962-[XQBHClient.ClientAPI.SetGoodsAccountToModel.exec:21]-[LOG_DEBUG]-not search 
2018/11/26 03:44:45.565-[XQBHClient.ClientAPI.SetGoodsAccountToModel.exec:21]-[LOG_DEBUG]-not search 
2018/11/26 03:44:46.134-[XQBHClient.Utils.Model.DataModel.getGoodsList:239]-[LOG_DEBUG]-add  主页/购买/生活用品/纸巾100抽
2018/11/26 03:44:46.264-[XQBHClient.Utils.Data.DataUtils.setValue:59]-[LOG_ERR]-无positionX字段,请联系管理员!
2018/11/26 03:44:48.301-[XQBHClient.ClientUI.Unit.WarmingDialogController.OK:27]-[LOG_DEBUG]-OK
2018/11/26 03:44:48.308-[XQBHClient.Utils.Data.DataUtils.setValue:59]-[LOG_ERR]-无positionY字段,请联系管理员!
2018/11/26 03:44:49.326-[XQBHClient.ClientUI.Unit.WarmingDialogController.OK:27]-[LOG_DEBUG]-OK
2018/11/26 03:44:49.421-[XQBHClient.ClientUI.Unit.Obj_Goods_Sell.<init>:42]-[LOG_DEBUG]-file:/media/jakalaka/52DC43F3EF29BCDC/Docments/MySource/Github/XQBHClient/resources/主页/购买/生活用品/纸巾100抽/img0.png
2018/11/26 03:44:54.332-[XQBHClient.ClientAPI.SetGoodsAccountToModel.exec:21]-[LOG_DEBUG]-not search 
2018/11/26 03:44:54.773-[XQBHClient.ClientAPI.SetGoodsAccountToModel.exec:21]-[LOG_DEBUG]-not search 
2018/11/26 03:44:57.301-[XQBHClient.ClientAPI.SetGoodsAccountToModel.exec:21]-[LOG_DEBUG]-not search 
2018/11/26 03:44:57.885-[XQBHClient.ClientAPI.SetGoodsAccountToModel.exec:21]-[LOG_DEBUG]-not search 
2018/11/26 03:44:57.977-[XQBHClient.Utils.Data.DataUtils.setValue:59]-[LOG_ERR]-无positionX字段,请联系管理员!
2018/11/26 03:45:04.420-[XQBHClient.ClientUI.Unit.WarmingDialogController.OK:27]-[LOG_DEBUG]-OK
2018/11/26 03:45:04.423-[XQBHClient.Utils.Data.DataUtils.setValue:59]-[LOG_ERR]-无positionY字段,请联系管理员!
2018/11/26 03:45:05.182-[XQBHClient.ClientUI.Unit.WarmingDialogController.OK:27]-[LOG_DEBUG]-OK
2018/11/26 03:45:05.190-[XQBHClient.ClientUI.Unit.Obj_Goods_Sell.<init>:42]-[LOG_DEBUG]-file:/media/jakalaka/52DC43F3EF29BCDC/Docments/MySource/Github/XQBHClient/resources/主页/预定/3D打印/皮卡丘模型/pikaqiu.jpg
2018/11/26 05:12:47.204-[XQBHClient.Utils.Updater.AutoUpdateMain.exec:46]-[LOG_SYS]-自动升级程序启动...
2018/11/26 05:12:47.206-[XQBHClient.Utils.Updater.AutoUpdateMain.exec:48]-[LOG_SYS]-搜索FTP上版本控制文件:
2018/11/26 05:12:47.206-[XQBHClient.Utils.Updater.AutoUpdateMain.exec:49]-[LOG_DEBUG]-Const.hostName=127.0.0.1
2018/11/26 05:12:47.207-[XQBHClient.Utils.Updater.AutoUpdateMain.exec:50]-[LOG_DEBUG]-Const.port=21
2018/11/26 05:12:47.207-[XQBHClient.Utils.Updater.AutoUpdateMain.exec:51]-[LOG_DEBUG]-Const.user=ftpreader
2018/11/26 05:12:47.208-[XQBHClient.Utils.Updater.AutoUpdateMain.exec:52]-[LOG_DEBUG]-Const.pwd=ftp
2018/11/26 05:12:47.208-[XQBHClient.Utils.Updater.AutoUpdateMain.exec:53]-[LOG_DEBUG]-Const.RemotePath=Update/XQBHClient
2018/11/26 05:12:47.209-[XQBHClient.Utils.Updater.AutoUpdateMain.exec:54]-[LOG_DEBUG]-Const.LocalPath=Update/new
2018/11/26 05:12:47.332-[XQBHClient.Utils.Updater.AutoUpdateMain.exec:64]-[LOG_SYS]-正在进行版本文件比较...
2018/11/26 05:12:49.335-[XQBHClient.Utils.Updater.AutoUpdateMain.exec:69]-[LOG_SYS]-oldVersion=ver1.0
2018/11/26 05:12:49.338-[XQBHClient.Utils.Updater.AutoUpdateMain.exec:70]-[LOG_SYS]-newVersion=ver1.0
2018/11/26 05:12:49.340-[XQBHClient.Utils.Updater.AutoUpdateMain.exec:71]-[LOG_SYS]-Const.version=ver1.0
2018/11/26 05:12:49.342-[XQBHClient.Utils.Updater.AutoUpdateMain.exec:73]-[LOG_SYS]-数据采集程序版本没有更新变动
2018/11/26 05:12:49.344-[XQBHClient.Client.ClientInit.Init:20]-[LOG_IO]->>>>>>>>>>>>>>>>>>>>>>>>>>>>>>
2018/11/26 05:12:49.393-[XQBHClient.Client.ClientInit.Init:52]-[LOG_DEBUG]-timeOut=9000
2018/11/26 05:12:49.394-[XQBHClient.Client.ClientInit.Init:60]-[LOG_DEBUG]-frequency=500
2018/11/26 05:12:49.395-[XQBHClient.Client.ClientInit.Init:96]-[LOG_DEBUG]-controllerCOMName=COM4
2018/11/26 05:12:49.395-[XQBHClient.Client.ClientInit.Init:105]-[LOG_DEBUG]-QRReaderComName=COM4
2018/11/26 05:12:49.396-[XQBHClient.Client.ClientInit.Init:114]-[LOG_DEBUG]-FinishScannerComName=COM3
2018/11/26 05:12:49.397-[XQBHClient.Client.ClientInit.Init:123]-[LOG_DEBUG]-ClientIP=192.168.211.1:9001
2018/11/26 05:12:49.397-[XQBHClient.Client.ClientInit.Init:132]-[LOG_IO]-<<<<<<<<<<<<<<<<<<<<<<<<<<<<<<
2018/11/26 05:12:49.398-[XQBHClient.ClientTran.ZDLogin.exec:15]-[LOG_IO]->>>>>>>>>>>>>>>>>>>>>>>>>>>>>>
2018/11/26 05:12:49.803-[XQBHClient.Client.Com.getQTLS:158]-[LOG_DEBUG]-前台流水:CZD00000000010000007
2018/11/26 05:12:49.855-[XQBHClient.Client.ComCall.Call:38]-[LOG_DEBUG]-XMLIn={"head":{"HTJYM_":"ZDLogin","QTRQ_U":"20181126","ZDBH_U":"ZD0000000001","IP_UUU":"192.168.211.1:9001","QTLS_U":"CZD00000000010000007","ZDJYM_":"1234567890","QTSJ_U":"051249","QTJYM_":"ZDLogin"},"body":{}}
2018/11/26 05:12:49.939-[XQBHClient.Client.ComCall.Call:70]-[LOG_DEBUG]-after encrypt XMLIn=[G9VsLDXvB5EYYECX+uxUdTGWzunewLFjZOKA/vYzFWZSXwEn2EH3ejP9DhW2pNtSY/bjhy5QQNQJQwkD6GhlMwxzRDggRb9mhDXr4A4uR/FNvgRdP/11tI+zkj5It21DXVYPCQhW/3lJGhzcDy+EI9EdPuR8MD/1Khki+u3ULdAh9sJvdLYAOsLuFVTR0y3tLhfVXDAgzg9Jmayc555mlsjA4dQascGoUJYH4cNxWHFidAPjAAkwC+u3WQDWUAMej7iLZINt/uz5QIEiBk/Dm4dSccHl5VzPXb5cwMkQswA13bPAnl2DGDQhPK88tKlqSOV3Zu01fsN4yutbiVjNnA==7777777Bephl4gEs/8TmVarx0xsnQkBIvFVwgOxIBkImTWO2rJtYWl7NnxByqdMMrrAvyb0KRG7V6LvRhxI6cr+I6Ne5NGxYXnwc96PEenVcsEejyB6Aentaftdj9durI5awQPUH7NpJizo9tL8+D6eyD7sEO7F1pJRmuitbHIOSdsaMRwusdcQDud8K1YjlZAY+m6ei1aLJ3qinPdyVSGAzm9ZkFYUpWE9biF2B877WSqh+OcMxLeBtdqVcN0stT/pc+dAVmUKRks6UK+BdhZstIzvG6zytw52RSo3s3hOLfjshXC4CDzdHae6McT+B1PLA1H9Td8p+Hjrx8RAxK0BOtIQmg==]
2018/11/26 05:12:49.940-[XQBHClient.Client.ComCall.Call:71]-[LOG_DEBUG]-after encrypt XMLIn.length=[695]
2018/11/26 05:12:50.026-[XQBHClient.Client.ComCall.Call:143]-[LOG_DEBUG]-XMLOut=KbmMLvZ1Y6NInd821G3SRNe+yeDMGFz6BapIaMkG+eJxvU3CJBgBSRSgKqKqQbkoesxmRih0nTHpT2AodkeN/pXjqzi5gorbJUUr2L6/ryV0rI0RsZehmjS7XKgOvw5o7/BcTqBO+SNBcGHshRIZ4p0e7haOHVsQpJ4jnl4mVcaG21NGtkXlGwF2DHfjXhz3tXPG6Yq9nOLrXvi2lGt2y+9ZXl2tcRI5JoKIB3RzjrQNZ4h00F6Ksyfj6HXGpXx27B/zV4DNqYQAmtk0WeDq0H5dqWS6H7m48Hmq7AQCFxqmmwBFZmQaEftccIqy16d8AorbirCR24eRqZTT9NQ25X/ZP/7zYZqlVp45107+3PpBb9HcWcl94S4wUaGpwy5iOkTwLDa8IcJzzQ9Dnd89FBfTb+d7iOvlvrN0+3dW6DI7QQ8meUy7udZs4NqatsM3kPWXhBVsK4GKp71oV2O6rbdXQuVAUjXhOgDEId2a6/LMcZV3SUA/tYWlnI1FCHXBZspha8+Yvd0wR/JOdQv8j8TkIz1JLhsc7+GT67l54yKTyyGFlreYqIFq2SPP6E2NIEKzK1TWCXXpu7+udtGf5UaGHhbOGsLVdGTTnot3T4UnsvaBvx8Bm03/nhZ5ugjRFgS6U9DzvtxBg/0hOtymCwqCaGQNjRwfcbt8yBo3FRs=7777777Wv2VbWrJBUbTReyBAloG4YjxWGzLCud7U/UapBw6UyQ8veOSY+mlCdZ9WVctxTs8I7odP5wO7ngnNkzx1Vg1CDbdQjnrPyzXiObTLCzJJyI5P3hseBIooMG9eEMLvKBC0vydgySzT+41Ot5Sr0NMeXNx9eu5E7eh3UzE7AORcLE=
2018/11/26 05:12:50.027-[XQBHClient.Client.ComCall.Call:176]-[LOG_DEBUG]-buffIn.length =[863]
2018/11/26 05:12:50.027-[XQBHClient.Client.ComCall.Call:177]-[LOG_DEBUG]-iPos=[684]
2018/11/26 05:12:50.028-[XQBHClient.Client.ComCall.Call:178]-[LOG_DEBUG]-signbytelength=[172]
2018/11/26 05:12:50.037-[XQBHClient.Client.ComCall.Call:209]-[LOG_DEBUG]-after decrypt XMLOut={"head":{"HTRQ_U":"20181126","CWXX_U":"","QTRQ_U":"20181126","SHBH_U":"SH0000000001","KHBH_U":"KH0000000001","HTLS_U":"","CWDM_U":"AAAAAA","QTSJ_U":"051249","HTJYM_":"ZDLogin","QTDX_U":"zd","ZDBH_U":"ZD0000000001","IP_UUU":"192.168.211.1:9001","QTLS_U":"CZD00000000010000007","ZDJYM_":"1234567890","QTJYM_":"ZDLogin"},"body":{"re":"Jakalaka Technology Co. Ltd"}}
2018/11/26 05:12:50.058-[XQBHClient.Client.ComCall.minusInfo:279]-[LOG_IO]-CWDM_U=AAAAAA
2018/11/26 05:12:50.059-[XQBHClient.ClientTran.ZDLogin.exec:33]-[LOG_DEBUG]-re=Jakalaka Technology Co. Ltd
2018/11/26 05:12:50.060-[XQBHClient.ClientTran.ZDLogin.exec:36]-[LOG_DEBUG]-spand 661ms
2018/11/26 05:12:50.061-[XQBHClient.ClientTran.ZDLogin.exec:37]-[LOG_IO]-<<<<<<<<<<<<<<<<<<<<<<<<<<<<<<
2018/11/26 05:12:50.064-[XQBHClient.ClientUI.ClientUIMain.Init:56]-[LOG_DEBUG]-target propfile=/usr/lib/jvm/java-8-openjdk-amd64/jre/lib
2018/11/26 05:12:50.685-[XQBHClient.ClientAPI.SetGoodsAccountToModel.exec:21]-[LOG_DEBUG]-not search 
2018/11/26 05:12:52.382-[XQBHClient.ClientAPI.SetGoodsAccountToModel.exec:21]-[LOG_DEBUG]-not search 
2018/11/26 05:12:52.894-[XQBHClient.Utils.Model.DataModel.getGoodsList:239]-[LOG_DEBUG]-add  主页/购买/生活用品/纸巾100抽
2018/11/26 05:12:53.019-[XQBHClient.Utils.Data.DataUtils.setValue:59]-[LOG_ERR]-无positionX字段,请联系管理员!
2018/11/26 05:12:54.816-[XQBHClient.ClientUI.Unit.WarmingDialogController.OK:27]-[LOG_DEBUG]-OK
2018/11/26 05:12:54.819-[XQBHClient.Utils.Data.DataUtils.setValue:59]-[LOG_ERR]-无positionY字段,请联系管理员!
2018/11/26 05:12:55.552-[XQBHClient.ClientUI.Unit.WarmingDialogController.OK:27]-[LOG_DEBUG]-OK
2018/11/26 05:12:55.648-[XQBHClient.ClientUI.Unit.Obj_Goods_Sell.<init>:44]-[LOG_DEBUG]-file:/media/jakalaka/52DC43F3EF29BCDC/Docments/MySource/Github/XQBHClient/resources/主页/购买/生活用品/纸巾100抽/img0.png
2018/11/26 05:13:00.398-[XQBHClient.ClientAPI.SetGoodsAccountToModel.exec:21]-[LOG_DEBUG]-not search 
2018/11/26 05:13:00.832-[XQBHClient.ClientAPI.SetGoodsAccountToModel.exec:21]-[LOG_DEBUG]-not search 
2018/11/26 05:13:01.662-[XQBHClient.ClientAPI.SetGoodsAccountToModel.exec:21]-[LOG_DEBUG]-not search 
2018/11/26 05:13:02.063-[XQBHClient.ClientAPI.SetGoodsAccountToModel.exec:21]-[LOG_DEBUG]-not search 
2018/11/26 05:13:02.155-[XQBHClient.ClientUI.Unit.Obj_Goods_Sell.<init>:44]-[LOG_DEBUG]-file:/media/jakalaka/52DC43F3EF29BCDC/Docments/MySource/Github/XQBHClient/resources/主页/预定/3D打印/皮卡丘模型/pikaqiu.jpg
2018/11/26 05:13:07.623-[XQBHClient.ClientAPI.SetGoodsAccountToModel.exec:21]-[LOG_DEBUG]-not search 
2018/11/26 05:13:08.158-[XQBHClient.ClientAPI.SetGoodsAccountToModel.exec:21]-[LOG_DEBUG]-not search 
2018/11/26 05:13:20.486-[XQBHClient.ClientAPI.SetGoodsAccountToModel.exec:21]-[LOG_DEBUG]-not search 
2018/11/26 05:13:22.814-[XQBHClient.ClientAPI.SetGoodsAccountToModel.exec:21]-[LOG_DEBUG]-not search 
2018/11/26 05:13:23.302-[XQBHClient.ClientAPI.SetGoodsAccountToModel.exec:21]-[LOG_DEBUG]-not search 
2018/11/26 05:13:24.085-[XQBHClient.ClientAPI.SetGoodsAccountToModel.exec:21]-[LOG_DEBUG]-not search 
2018/11/26 05:13:25.430-[XQBHClient.ClientAPI.SetGoodsAccountToModel.exec:21]-[LOG_DEBUG]-not search 
2018/11/26 05:13:25.863-[XQBHClient.ClientAPI.SetGoodsAccountToModel.exec:21]-[LOG_DEBUG]-not search 
2018/11/26 05:13:25.970-[XQBHClient.ClientUI.Unit.Obj_Goods_Sell.<init>:44]-[LOG_DEBUG]-file:/media/jakalaka/52DC43F3EF29BCDC/Docments/MySource/Github/XQBHClient/resources/主页/预定/3D打印/皮卡丘模型/pikaqiu.jpg
2018/11/26 05:13:26.334-[XQBHClient.ClientAPI.SetGoodsAccountToModel.exec:21]-[LOG_DEBUG]-not search 
2018/11/26 05:13:27.886-[XQBHClient.ClientAPI.SetGoodsAccountToModel.exec:21]-[LOG_DEBUG]-not search 
2018/11/26 05:13:28.214-[XQBHClient.ClientAPI.SetGoodsAccountToModel.exec:21]-[LOG_DEBUG]-not search 
2018/11/26 05:13:28.295-[XQBHClient.ClientUI.Unit.Obj_Goods_Sell.<init>:44]-[LOG_DEBUG]-file:/media/jakalaka/52DC43F3EF29BCDC/Docments/MySource/Github/XQBHClient/resources/主页/预定/3D打印/皮卡丘模型/pikaqiu.jpg
2018/11/26 05:13:29.294-[XQBHClient.ClientAPI.SetGoodsAccountToModel.exec:21]-[LOG_DEBUG]-not search 
2018/11/26 05:13:30.863-[XQBHClient.ClientAPI.SetGoodsAccountToModel.exec:21]-[LOG_DEBUG]-not search 
2018/11/26 05:13:33.358-[XQBHClient.ClientAPI.SetGoodsAccountToModel.exec:21]-[LOG_DEBUG]-not search 
2018/11/26 05:13:33.909-[XQBHClient.Utils.Model.DataModel.getGoodsList:239]-[LOG_DEBUG]-add  主页/购买/生活用品/纸巾100抽
2018/11/26 05:13:34.059-[XQBHClient.Utils.Data.DataUtils.setValue:59]-[LOG_ERR]-无positionX字段,请联系管理员!
2018/11/26 05:13:34.855-[XQBHClient.ClientUI.Unit.WarmingDialogController.OK:27]-[LOG_DEBUG]-OK
2018/11/26 05:13:34.861-[XQBHClient.Utils.Data.DataUtils.setValue:59]-[LOG_ERR]-无positionY字段,请联系管理员!
2018/11/26 05:13:35.510-[XQBHClient.ClientUI.Unit.WarmingDialogController.OK:27]-[LOG_DEBUG]-OK
2018/11/26 05:13:35.613-[XQBHClient.ClientUI.Unit.Obj_Goods_Sell.<init>:44]-[LOG_DEBUG]-file:/media/jakalaka/52DC43F3EF29BCDC/Docments/MySource/Github/XQBHClient/resources/主页/购买/生活用品/纸巾100抽/img0.png
2018/11/26 05:15:32.708-[XQBHClient.Utils.Updater.AutoUpdateMain.exec:46]-[LOG_SYS]-自动升级程序启动...
2018/11/26 05:15:32.709-[XQBHClient.Utils.Updater.AutoUpdateMain.exec:48]-[LOG_SYS]-搜索FTP上版本控制文件:
2018/11/26 05:15:32.710-[XQBHClient.Utils.Updater.AutoUpdateMain.exec:49]-[LOG_DEBUG]-Const.hostName=127.0.0.1
2018/11/26 05:15:32.710-[XQBHClient.Utils.Updater.AutoUpdateMain.exec:50]-[LOG_DEBUG]-Const.port=21
2018/11/26 05:15:32.711-[XQBHClient.Utils.Updater.AutoUpdateMain.exec:51]-[LOG_DEBUG]-Const.user=ftpreader
2018/11/26 05:15:32.711-[XQBHClient.Utils.Updater.AutoUpdateMain.exec:52]-[LOG_DEBUG]-Const.pwd=ftp
2018/11/26 05:15:32.712-[XQBHClient.Utils.Updater.AutoUpdateMain.exec:53]-[LOG_DEBUG]-Const.RemotePath=Update/XQBHClient
2018/11/26 05:15:32.713-[XQBHClient.Utils.Updater.AutoUpdateMain.exec:54]-[LOG_DEBUG]-Const.LocalPath=Update/new
2018/11/26 05:15:32.786-[XQBHClient.Utils.Updater.AutoUpdateMain.exec:64]-[LOG_SYS]-正在进行版本文件比较...
2018/11/26 05:15:34.788-[XQBHClient.Utils.Updater.AutoUpdateMain.exec:69]-[LOG_SYS]-oldVersion=ver1.0
2018/11/26 05:15:34.789-[XQBHClient.Utils.Updater.AutoUpdateMain.exec:70]-[LOG_SYS]-newVersion=ver1.0
2018/11/26 05:15:34.791-[XQBHClient.Utils.Updater.AutoUpdateMain.exec:71]-[LOG_SYS]-Const.version=ver1.0
2018/11/26 05:15:34.792-[XQBHClient.Utils.Updater.AutoUpdateMain.exec:73]-[LOG_SYS]-数据采集程序版本没有更新变动
2018/11/26 05:15:34.794-[XQBHClient.Client.ClientInit.Init:20]-[LOG_IO]->>>>>>>>>>>>>>>>>>>>>>>>>>>>>>
2018/11/26 05:15:34.845-[XQBHClient.Client.ClientInit.Init:52]-[LOG_DEBUG]-timeOut=9000
2018/11/26 05:15:34.846-[XQBHClient.Client.ClientInit.Init:60]-[LOG_DEBUG]-frequency=500
2018/11/26 05:15:34.847-[XQBHClient.Client.ClientInit.Init:96]-[LOG_DEBUG]-controllerCOMName=COM4
2018/11/26 05:15:34.847-[XQBHClient.Client.ClientInit.Init:105]-[LOG_DEBUG]-QRReaderComName=COM4
2018/11/26 05:15:34.848-[XQBHClient.Client.ClientInit.Init:114]-[LOG_DEBUG]-FinishScannerComName=COM3
2018/11/26 05:15:34.849-[XQBHClient.Client.ClientInit.Init:123]-[LOG_DEBUG]-ClientIP=192.168.211.1:9001
2018/11/26 05:15:34.849-[XQBHClient.Client.ClientInit.Init:132]-[LOG_IO]-<<<<<<<<<<<<<<<<<<<<<<<<<<<<<<
2018/11/26 05:15:34.850-[XQBHClient.ClientTran.ZDLogin.exec:15]-[LOG_IO]->>>>>>>>>>>>>>>>>>>>>>>>>>>>>>
2018/11/26 05:15:35.244-[XQBHClient.Client.Com.getQTLS:158]-[LOG_DEBUG]-前台流水:CZD00000000010000008
2018/11/26 05:15:35.280-[XQBHClient.Client.ComCall.Call:38]-[LOG_DEBUG]-XMLIn={"head":{"HTJYM_":"ZDLogin","QTRQ_U":"20181126","ZDBH_U":"ZD0000000001","IP_UUU":"192.168.211.1:9001","QTLS_U":"CZD00000000010000008","ZDJYM_":"1234567890","QTSJ_U":"051534","QTJYM_":"ZDLogin"},"body":{}}
2018/11/26 05:15:35.343-[XQBHClient.Client.ComCall.Call:70]-[LOG_DEBUG]-after encrypt XMLIn=[LtrR07lxg66ggg46C8nvHVVYSdwhH+llF9o2S/16xkqFepHbGa5i6V0E4W1uU8FKBBWDmvHn8TPRAfzk4maMocS2gh1Fj96pRCnyRTm+xeJ++xaTlYfbs7UvFwHzF+S3E7vPkRmzCwZj71d1NFV6aRNABH3u7f8yF21oDROIYDIABW2QifojG5F/DS8TWf7WvEfNuB5im0PpcnhZGwbi3KTb/LaHvU9qUGwOCi0m7zBNkxqXoHAGmAH08ccaATZ1UWcuCk6n0JCSsba1JAKhylXRrnA6ExLmpxvIJ/HBDJTS6PVpBTM7G5DzmoPvEPyo7SE+dwTYNrmdicdNfnEzdg==7777777NSb11cbrUhZM3sa9PdVChz63RTDEIK4vGUfwsMk7iqYOqEHBGvXj6iQlsPx5Sloyh5AJvCkjK8uVg2mXyijyIp8itsiWzXuEkFBJ3CyBqVO7QguF1bEiAlOEdbqtxQv0rzlV1pu31mLfRPOkgjKYs/jdUFgvanbVBLu8z45/21uZV2ZSfyOl/sypwQn6zWlz0KNqh1PdQ7lOiIRMgrIXWT0f/edmWYF5b9ZbOoLqNxj87LXROnRXo9h+vxWBTsTlOox2PDGk+HCxxSIOg+j0GkIhSQV3thep41D4e8znx19bKkkLo/e17heHdoEzCL9rnI2G7hLbg/9qwuWQpFSsgQ==]
2018/11/26 05:15:35.343-[XQBHClient.Client.ComCall.Call:71]-[LOG_DEBUG]-after encrypt XMLIn.length=[695]
2018/11/26 05:15:35.433-[XQBHClient.Client.ComCall.Call:143]-[LOG_DEBUG]-XMLOut=ayCTuQVqng7L8f3bpUeYVJbZPdjFVTcatquHaHbWzqe6EYuu595wqaJi7Oyrn/CW7pgCUNqLNnhkd5zuXijgMw9mT2XTR2moJupstrdO1p51PioSraGdyGX7bJDkNCFv85etyiX67L21D0s24iqAcAvnzYuSIMBPO+HeqUA+IT9u7VQ06SL2m74Nlhju2/fDINOc9JZjt6/JR9Eon+VzWtIr6seAZjm2Vzp6jiflqHeSsa+nntcLyj6tdGHNveauW2Fc/ULOKXG6DKmZOFRnP2uMzsbS/eehe8FO9tTbmx3L62wEEd+ogEd7bzIsIV6z/iKJRcIIZes8ig3KTgmJszSzw7aUKizVjAXrGF2V2vvs1gAxWC106vAkfC+nQr7PPGq+OGOAUhBGcAfQYFgb9ESZKxegDwaeRQj8C7FOIQpXtssHlLe6ulnwE727G08Vs2dqbEI72BUg8h5Gq6YiwmKd5TWDxCjoQZEEGSB0SAGcE95fFgl+2lq9gS33M4TwvvRefSF4Roh1hHu8A5X2593jIMF1eWmvrxioyg2IDMwkbhdJyN6UMunhYDS3uTO2iuQz5qiDf4kyKKZcvlr4FxWeobsB3p1lf85GaxgpL+zjxwFCkiGvSXkFvsv3wQ7hb6qkVZS4SrG4nQ1nVyRtrsq6jtCMBnuwpkJ+EcYy0ps=7777777W8rDlIUKLEU4yxhmFfEhGl5eYY+5C1/4nkR5rVC4Pz60aNyvftOFVft7QLOuFCh89Px7AT5dDvjZ0gEwiBXR2P5LrPKBY6menHYj0xcMlPBULNkdOFriHdSwoTsk66D4bj3NWQQgdz9uHq0AUObXt0V3wt3iWWuN8gUEi7eed90=
2018/11/26 05:15:35.434-[XQBHClient.Client.ComCall.Call:176]-[LOG_DEBUG]-buffIn.length =[863]
2018/11/26 05:15:35.434-[XQBHClient.Client.ComCall.Call:177]-[LOG_DEBUG]-iPos=[684]
2018/11/26 05:15:35.435-[XQBHClient.Client.ComCall.Call:178]-[LOG_DEBUG]-signbytelength=[172]
2018/11/26 05:15:35.454-[XQBHClient.Client.ComCall.Call:209]-[LOG_DEBUG]-after decrypt XMLOut={"head":{"HTRQ_U":"20181126","CWXX_U":"","QTRQ_U":"20181126","SHBH_U":"SH0000000001","KHBH_U":"KH0000000001","HTLS_U":"","CWDM_U":"AAAAAA","QTSJ_U":"051534","HTJYM_":"ZDLogin","QTDX_U":"zd","ZDBH_U":"ZD0000000001","IP_UUU":"192.168.211.1:9001","QTLS_U":"CZD00000000010000008","ZDJYM_":"1234567890","QTJYM_":"ZDLogin"},"body":{"re":"Jakalaka Technology Co. Ltd"}}
2018/11/26 05:15:35.475-[XQBHClient.Client.ComCall.minusInfo:279]-[LOG_IO]-CWDM_U=AAAAAA
2018/11/26 05:15:35.475-[XQBHClient.ClientTran.ZDLogin.exec:33]-[LOG_DEBUG]-re=Jakalaka Technology Co. Ltd
2018/11/26 05:15:35.476-[XQBHClient.ClientTran.ZDLogin.exec:36]-[LOG_DEBUG]-spand 625ms
2018/11/26 05:15:35.476-[XQBHClient.ClientTran.ZDLogin.exec:37]-[LOG_IO]-<<<<<<<<<<<<<<<<<<<<<<<<<<<<<<
2018/11/26 05:15:35.479-[XQBHClient.ClientUI.ClientUIMain.Init:56]-[LOG_DEBUG]-target propfile=/usr/lib/jvm/java-8-openjdk-amd64/jre/lib
2018/11/26 05:15:36.212-[XQBHClient.ClientAPI.SetGoodsAccountToModel.exec:21]-[LOG_DEBUG]-not search 
2018/11/26 05:15:37.454-[XQBHClient.ClientAPI.SetGoodsAccountToModel.exec:21]-[LOG_DEBUG]-not search 
2018/11/26 05:15:37.782-[XQBHClient.Utils.Model.DataModel.getGoodsList:239]-[LOG_DEBUG]-add  主页/购买/生活用品/纸巾100抽
2018/11/26 05:15:38.009-[XQBHClient.ClientUI.Unit.Obj_Goods_Sell.<init>:44]-[LOG_DEBUG]-file:/media/jakalaka/52DC43F3EF29BCDC/Docments/MySource/Github/XQBHClient/resources/主页/购买/生活用品/纸巾100抽/img0.png
2018/11/26 05:15:39.477-[XQBHClient.ClientAPI.SetGoodsAccountToModel.exec:21]-[LOG_DEBUG]-not search 
2018/11/26 05:15:39.798-[XQBHClient.ClientAPI.SetGoodsAccountToModel.exec:21]-[LOG_DEBUG]-not search 
2018/11/26 05:15:40.228-[XQBHClient.ClientAPI.SetGoodsAccountToModel.exec:21]-[LOG_DEBUG]-not search 
2018/11/26 05:15:40.893-[XQBHClient.ClientAPI.SetGoodsAccountToModel.exec:21]-[LOG_DEBUG]-not search 
2018/11/26 05:15:40.981-[XQBHClient.ClientUI.Unit.Obj_Goods_Sell.<init>:44]-[LOG_DEBUG]-file:/media/jakalaka/52DC43F3EF29BCDC/Docments/MySource/Github/XQBHClient/resources/主页/预定/3D打印/皮卡丘模型/pikaqiu.jpg
2018/11/26 05:15:41.485-[XQBHClient.ClientAPI.SetGoodsAccountToModel.exec:21]-[LOG_DEBUG]-not search 
2018/11/26 05:15:41.909-[XQBHClient.ClientAPI.SetGoodsAccountToModel.exec:21]-[LOG_DEBUG]-not search 
2018/11/26 05:17:36.013-[XQBHClient.Utils.Updater.AutoUpdateMain.exec:46]-[LOG_SYS]-自动升级程序启动...
2018/11/26 05:17:36.015-[XQBHClient.Utils.Updater.AutoUpdateMain.exec:48]-[LOG_SYS]-搜索FTP上版本控制文件:
2018/11/26 05:17:36.015-[XQBHClient.Utils.Updater.AutoUpdateMain.exec:49]-[LOG_DEBUG]-Const.hostName=127.0.0.1
2018/11/26 05:17:36.016-[XQBHClient.Utils.Updater.AutoUpdateMain.exec:50]-[LOG_DEBUG]-Const.port=21
2018/11/26 05:17:36.017-[XQBHClient.Utils.Updater.AutoUpdateMain.exec:51]-[LOG_DEBUG]-Const.user=ftpreader
2018/11/26 05:17:36.017-[XQBHClient.Utils.Updater.AutoUpdateMain.exec:52]-[LOG_DEBUG]-Const.pwd=ftp
2018/11/26 05:17:36.018-[XQBHClient.Utils.Updater.AutoUpdateMain.exec:53]-[LOG_DEBUG]-Const.RemotePath=Update/XQBHClient
2018/11/26 05:17:36.019-[XQBHClient.Utils.Updater.AutoUpdateMain.exec:54]-[LOG_DEBUG]-Const.LocalPath=Update/new
2018/11/26 05:17:36.117-[XQBHClient.Utils.Updater.AutoUpdateMain.exec:64]-[LOG_SYS]-正在进行版本文件比较...
2018/11/26 05:17:38.119-[XQBHClient.Utils.Updater.AutoUpdateMain.exec:69]-[LOG_SYS]-oldVersion=ver1.0
2018/11/26 05:17:38.121-[XQBHClient.Utils.Updater.AutoUpdateMain.exec:70]-[LOG_SYS]-newVersion=ver1.0
2018/11/26 05:17:38.123-[XQBHClient.Utils.Updater.AutoUpdateMain.exec:71]-[LOG_SYS]-Const.version=ver1.0
2018/11/26 05:17:38.124-[XQBHClient.Utils.Updater.AutoUpdateMain.exec:73]-[LOG_SYS]-数据采集程序版本没有更新变动
2018/11/26 05:17:38.127-[XQBHClient.Client.ClientInit.Init:20]-[LOG_IO]->>>>>>>>>>>>>>>>>>>>>>>>>>>>>>
2018/11/26 05:17:38.183-[XQBHClient.Client.ClientInit.Init:52]-[LOG_DEBUG]-timeOut=9000
2018/11/26 05:17:38.184-[XQBHClient.Client.ClientInit.Init:60]-[LOG_DEBUG]-frequency=500
2018/11/26 05:17:38.185-[XQBHClient.Client.ClientInit.Init:96]-[LOG_DEBUG]-controllerCOMName=COM4
2018/11/26 05:17:38.186-[XQBHClient.Client.ClientInit.Init:105]-[LOG_DEBUG]-QRReaderComName=COM4
2018/11/26 05:17:38.186-[XQBHClient.Client.ClientInit.Init:114]-[LOG_DEBUG]-FinishScannerComName=COM3
2018/11/26 05:17:38.187-[XQBHClient.Client.ClientInit.Init:123]-[LOG_DEBUG]-ClientIP=192.168.211.1:9001
2018/11/26 05:17:38.187-[XQBHClient.Client.ClientInit.Init:132]-[LOG_IO]-<<<<<<<<<<<<<<<<<<<<<<<<<<<<<<
2018/11/26 05:17:38.189-[XQBHClient.ClientTran.ZDLogin.exec:15]-[LOG_IO]->>>>>>>>>>>>>>>>>>>>>>>>>>>>>>
2018/11/26 05:17:38.612-[XQBHClient.Client.Com.getQTLS:158]-[LOG_DEBUG]-前台流水:CZD00000000010000009
2018/11/26 05:17:38.650-[XQBHClient.Client.ComCall.Call:38]-[LOG_DEBUG]-XMLIn={"head":{"HTJYM_":"ZDLogin","QTRQ_U":"20181126","ZDBH_U":"ZD0000000001","IP_UUU":"192.168.211.1:9001","QTLS_U":"CZD00000000010000009","ZDJYM_":"1234567890","QTSJ_U":"051738","QTJYM_":"ZDLogin"},"body":{}}
2018/11/26 05:17:38.721-[XQBHClient.Client.ComCall.Call:70]-[LOG_DEBUG]-after encrypt XMLIn=[dG9W1lhQeUu27TZ6JfSzelnEZHNzr3O1zC2AHhAYSMa6mp9P9/F51L2cYN+Or/DCtR6hnUDw3jDwZN28Ne/xQKjGOoW3Zk96grjWIacGLKudyM9rt6x9XpftQSPJlOQ468iLqB3E/gIsxsrb3bqAmqjbV6cc1yXHJfBnhXeOnqbWtYQCxn3evLLCS36587eUyS/nzOQ1JpR4O4NJbWzEL/1WlzYzXC9H+QzYE9bSxI+DSUZrNmDslfw3T4JL8bB3cZAYjUkMpneQnhiepfEA8kzwHGWFiGdMCYuCk/X0vqBkurJ36tyELYykXMB4QWaxM/vR/C15Sf1jXe9stT8J/w==77777770ZYenC3s1qNuLNt1y2Uhdj1i/AvZ7M+evMXBU/5nVesxc6cfFPwbD1wxgISy1PkOyLpRNEwKmRMVGCQ9pncESPDKjI+XSIWye07gLDf9TWLg2m+0yDKBqJiOE1T65y+DknziEOd5XgDRbx+0QUleVz63ePEU//DoHtAd3jlU91I7Zaoucu8OWNLFeWuQ5q69H9IeHkzoLjatCqoRotk+BE11lzPVK78l20a04o0NgG3nHeMW5B9npgW7gvzj4ctSAkQx2U4kNXNHIJEDna3czIPJtygFAXidq7cOPR99VdJO6vAbXXIf8ivg2yctnXo/gRcQucdx/d0wFg4OIPqBYA==]
2018/11/26 05:17:38.722-[XQBHClient.Client.ComCall.Call:71]-[LOG_DEBUG]-after encrypt XMLIn.length=[695]
2018/11/26 05:17:38.813-[XQBHClient.Client.ComCall.Call:143]-[LOG_DEBUG]-XMLOut=bfEi7EuLtXS/LrHCuZHsp6omZOlJseWWUJI/sb/WYj90PG9iTfvtfwVpXqmmdyQ/WjzSxakIn9J8BZu8Pawaphe/27EczfZwscZXnV1sRE5+IHAoZFeaHw3M8EhwssITNVX6txaFlAa6v4iyDu23j/wZ1pB+nKu789JRWwK/0DKAHHtGoyxTmXN3dk/W4Ahh99ND3PZ2UGLRt2toj6+z+uFNF3ebWUz44eo43nkt7WPEenxmOseL7EEQQRIIipUIniZvDxtb51zZI8NC/lXrzk8cDzXBDG+9SQxHcD+GBo5ZpsP4ZeYpCOQhxmi0pfIYa0URfgHOAm914f25z2ZPOhQnGPXlRKpU8SnHI/GNMXmIKlVN77MJ1PZsdvQS8u26hGgVEgTAJt5Ee9SYXofOEgQsU9z2SMzO4Qdhe2kOTTvFO0oaWFSiG4PJVx5akx8LRmbAhNFWXsZZepey+Xf0meA/lsDbiEmod7pGyhNmlOIDaN0qDhGImF2Opz9v8TC9ChzTH0hdvsCwZQYHeFvAKQFJIU5eEaMQvwKcK0NprCdO6Fq4YYcQsRrpcHy0duAVFVe/BGseenAGlAGHASDHkch8vAGSsZdnvNwEywtyD/pt1gKqq6NRDNUZ/FoFyzrCSvp5IKl6o4lsAhPQCVwr5nPSDyMD2/39FMgvNRttde4=7777777aKjEJvP/qRdlmTsj5qwKTpPIkmCbVnLUj/iuxVqH6KROZ6DsZr+tWX+RFpjYopqPV3HbbQzxQ7/4EvWJx0Ph96GmoNQx6aN5wu/8EVOVmIj64KDIQT/HpSYk4bcZ075qomLVUKTktA8irF5n6zn9oamACINKqsAwnUM8UnnnVr0=
2018/11/26 05:17:38.814-[XQBHClient.Client.ComCall.Call:176]-[LOG_DEBUG]-buffIn.length =[863]
2018/11/26 05:17:38.815-[XQBHClient.Client.ComCall.Call:177]-[LOG_DEBUG]-iPos=[684]
2018/11/26 05:17:38.816-[XQBHClient.Client.ComCall.Call:178]-[LOG_DEBUG]-signbytelength=[172]
2018/11/26 05:17:38.826-[XQBHClient.Client.ComCall.Call:209]-[LOG_DEBUG]-after decrypt XMLOut={"head":{"HTRQ_U":"20181126","CWXX_U":"","QTRQ_U":"20181126","SHBH_U":"SH0000000001","KHBH_U":"KH0000000001","HTLS_U":"","CWDM_U":"AAAAAA","QTSJ_U":"051738","HTJYM_":"ZDLogin","QTDX_U":"zd","ZDBH_U":"ZD0000000001","IP_UUU":"192.168.211.1:9001","QTLS_U":"CZD00000000010000009","ZDJYM_":"1234567890","QTJYM_":"ZDLogin"},"body":{"re":"Jakalaka Technology Co. Ltd"}}
2018/11/26 05:17:38.850-[XQBHClient.Client.ComCall.minusInfo:279]-[LOG_IO]-CWDM_U=AAAAAA
2018/11/26 05:17:38.851-[XQBHClient.ClientTran.ZDLogin.exec:33]-[LOG_DEBUG]-re=Jakalaka Technology Co. Ltd
2018/11/26 05:17:38.852-[XQBHClient.ClientTran.ZDLogin.exec:36]-[LOG_DEBUG]-spand 662ms
2018/11/26 05:17:38.852-[XQBHClient.ClientTran.ZDLogin.exec:37]-[LOG_IO]-<<<<<<<<<<<<<<<<<<<<<<<<<<<<<<
2018/11/26 05:17:38.856-[XQBHClient.ClientUI.ClientUIMain.Init:56]-[LOG_DEBUG]-target propfile=/usr/lib/jvm/java-8-openjdk-amd64/jre/lib
2018/11/26 05:17:39.479-[XQBHClient.ClientAPI.SetGoodsAccountToModel.exec:21]-[LOG_DEBUG]-not search 
2018/11/26 05:17:52.613-[XQBHClient.Utils.Updater.AutoUpdateMain.exec:46]-[LOG_SYS]-自动升级程序启动...
2018/11/26 05:17:52.614-[XQBHClient.Utils.Updater.AutoUpdateMain.exec:48]-[LOG_SYS]-搜索FTP上版本控制文件:
2018/11/26 05:17:52.615-[XQBHClient.Utils.Updater.AutoUpdateMain.exec:49]-[LOG_DEBUG]-Const.hostName=127.0.0.1
2018/11/26 05:17:52.615-[XQBHClient.Utils.Updater.AutoUpdateMain.exec:50]-[LOG_DEBUG]-Const.port=21
2018/11/26 05:17:52.616-[XQBHClient.Utils.Updater.AutoUpdateMain.exec:51]-[LOG_DEBUG]-Const.user=ftpreader
2018/11/26 05:17:52.616-[XQBHClient.Utils.Updater.AutoUpdateMain.exec:52]-[LOG_DEBUG]-Const.pwd=ftp
2018/11/26 05:17:52.617-[XQBHClient.Utils.Updater.AutoUpdateMain.exec:53]-[LOG_DEBUG]-Const.RemotePath=Update/XQBHClient
2018/11/26 05:17:52.617-[XQBHClient.Utils.Updater.AutoUpdateMain.exec:54]-[LOG_DEBUG]-Const.LocalPath=Update/new
2018/11/26 05:17:52.709-[XQBHClient.Utils.Updater.AutoUpdateMain.exec:64]-[LOG_SYS]-正在进行版本文件比较...
2018/11/26 05:17:54.712-[XQBHClient.Utils.Updater.AutoUpdateMain.exec:69]-[LOG_SYS]-oldVersion=ver1.0
2018/11/26 05:17:54.715-[XQBHClient.Utils.Updater.AutoUpdateMain.exec:70]-[LOG_SYS]-newVersion=ver1.0
2018/11/26 05:17:54.717-[XQBHClient.Utils.Updater.AutoUpdateMain.exec:71]-[LOG_SYS]-Const.version=ver1.0
2018/11/26 05:17:54.718-[XQBHClient.Utils.Updater.AutoUpdateMain.exec:73]-[LOG_SYS]-数据采集程序版本没有更新变动
2018/11/26 05:17:54.719-[XQBHClient.Client.ClientInit.Init:20]-[LOG_IO]->>>>>>>>>>>>>>>>>>>>>>>>>>>>>>
2018/11/26 05:17:54.768-[XQBHClient.Client.ClientInit.Init:52]-[LOG_DEBUG]-timeOut=9000
2018/11/26 05:17:54.769-[XQBHClient.Client.ClientInit.Init:60]-[LOG_DEBUG]-frequency=500
2018/11/26 05:17:54.769-[XQBHClient.Client.ClientInit.Init:96]-[LOG_DEBUG]-controllerCOMName=COM4
2018/11/26 05:17:54.770-[XQBHClient.Client.ClientInit.Init:105]-[LOG_DEBUG]-QRReaderComName=COM4
2018/11/26 05:17:54.771-[XQBHClient.Client.ClientInit.Init:114]-[LOG_DEBUG]-FinishScannerComName=COM3
2018/11/26 05:17:54.771-[XQBHClient.Client.ClientInit.Init:123]-[LOG_DEBUG]-ClientIP=192.168.211.1:9001
2018/11/26 05:17:54.772-[XQBHClient.Client.ClientInit.Init:132]-[LOG_IO]-<<<<<<<<<<<<<<<<<<<<<<<<<<<<<<
2018/11/26 05:17:54.773-[XQBHClient.ClientTran.ZDLogin.exec:15]-[LOG_IO]->>>>>>>>>>>>>>>>>>>>>>>>>>>>>>
2018/11/26 05:17:55.169-[XQBHClient.Client.Com.getQTLS:158]-[LOG_DEBUG]-前台流水:CZD00000000010000010
2018/11/26 05:17:55.205-[XQBHClient.Client.ComCall.Call:38]-[LOG_DEBUG]-XMLIn={"head":{"HTJYM_":"ZDLogin","QTRQ_U":"20181126","ZDBH_U":"ZD0000000001","IP_UUU":"192.168.211.1:9001","QTLS_U":"CZD00000000010000010","ZDJYM_":"1234567890","QTSJ_U":"051754","QTJYM_":"ZDLogin"},"body":{}}
2018/11/26 05:17:55.279-[XQBHClient.Client.ComCall.Call:70]-[LOG_DEBUG]-after encrypt XMLIn=[U++etqawY/tvwWyRaW5PkKX6JghsYIIFomPoXuHUiRXPb53OKQSIskRb0oRx1iqvNBcRdO0BFtyIviiS3kjog9kTbGh7Ys6XKtTfczIoZ7yReVgY+7elibeIT9Xb5LaAgRb87o8PyM09svLAB/J9RW+ip/auv4Gwha7oPlbcaU6wscu58FRjdHlRDGujPamnAAVux40EgKE0YnfhYOi67P2QgaDtS8WQP0RD8ADunrZvS3JArnljL6FR6sUsSa76q0Jx8cGNTGHsyd4Pfg+WNzBJopeyJoouF1ODClwtdVGTj/ks0Ky0FVGWCv4tDeBImumdqMpAM1b1fRdtxM0xhA==7777777mPq+2AXkm/cdx7mGFyAKsfBiG862Hk/yS4HoNfivN4/YMKt1jTFrQCQy47FoVErCbIMU9+gCyxXYtA8XQkosBokcu50JZHzaJBVn1VQAJG6b+SMvKBrw9GromGC5ir0kNHD1lXfzd6UZZplM1BuAkHVTlLnWWQjkpocurv7e3+L7AdoD6HJG67Iknqs4Nr5dlnsQZ+kU2ZSMxEJk0WZM6BBCEruUQ937d3kkGlzNSOAgv9mkQtgrgsHoyU+bPiT3I02l42ROYvtJBwzkPFAi3ssw7m7ZUmCZrq8AA/aXtBJCCJGTXdAezrzZ+Uf7sOIowEYlNMcaUZ23QyT5k4LXaQ==]
2018/11/26 05:17:55.279-[XQBHClient.Client.ComCall.Call:71]-[LOG_DEBUG]-after encrypt XMLIn.length=[695]
2018/11/26 05:17:55.366-[XQBHClient.Client.ComCall.Call:143]-[LOG_DEBUG]-XMLOut=Jva8GgcTVd1VadvKtt5fVyb3O6YwT0d6N+m7ied4EHed2BP2CFFed6LtLTCie6y49GFermqwO/asdmgZPXcFMzoMt6TiOPnkBnXC76paeA2LHAIqFuyf6vQ5+UrB2F0jRhGe1p+f1X5gmBoPKslbcDIwm4B7+EpNVJfPfbMEaYDFv366JuYFPOfOYt50oAQViwtUD2B9g7Y7msfMMzQQaBI6hiZNK+yGvYDwV7r2bD2K6O20sAXlD3u1SD8gpN9EGf+sv5dcr35OujX4Ywx9l6IRtswW84rZ+1HcxQ3/wRweVI4bbFhYY09/pHYsxy1crmhCs3hCaE4GSKJX5NdhsU6XGqLPtrrp4z+fQLdYV41PKtT0Fd7H8McaNniGODB024M0ynpeGMzLiM3wvP/p/cv2F00cX7ZSjAwNrUoQvZ0eL5OQMbeI+ndDRoQ6CxwpVmQUpZeUrjq7gBfPF2w4xMESDVhvyWhpdh8YFRNzH8jyL3+aREtZUWy0dZ53+YVyQWyf4m/W5LCmx/gSMc1o+3j7AAaF78QmBPXUf6VrXur8awN2YeRTX9zSbf24qX4iXqRPrHH9VKRYVlxWNTcjWhJDPnZPLX8mq74vo9ZQajXabtD6Sn20DZUAcI5aQhSag0bRUh5zSlhp2JXaRkKHihhSMNPw+s8CAbt7Bxk+7Lc=7777777RT2PLOWeXQUw1f0CwgcoSmWRlEiBrOmVEawLYpfVokcscxkZVyROfMStKHaWFGsAcdVNao+eY2O2ueK3N1B79xSYzC+I3A12jWHYFXvj4JOcF1ZJGcL9N7aBdCi012HZc0gkBlR8AIDBEIgSRBVEl5sOZt4CZkJODwlReriLkAA=
2018/11/26 05:17:55.367-[XQBHClient.Client.ComCall.Call:176]-[LOG_DEBUG]-buffIn.length =[863]
2018/11/26 05:17:55.367-[XQBHClient.Client.ComCall.Call:177]-[LOG_DEBUG]-iPos=[684]
2018/11/26 05:17:55.368-[XQBHClient.Client.ComCall.Call:178]-[LOG_DEBUG]-signbytelength=[172]
2018/11/26 05:17:55.380-[XQBHClient.Client.ComCall.Call:209]-[LOG_DEBUG]-after decrypt XMLOut={"head":{"HTRQ_U":"20181126","CWXX_U":"","QTRQ_U":"20181126","SHBH_U":"SH0000000001","KHBH_U":"KH0000000001","HTLS_U":"","CWDM_U":"AAAAAA","QTSJ_U":"051754","HTJYM_":"ZDLogin","QTDX_U":"zd","ZDBH_U":"ZD0000000001","IP_UUU":"192.168.211.1:9001","QTLS_U":"CZD00000000010000010","ZDJYM_":"1234567890","QTJYM_":"ZDLogin"},"body":{"re":"Jakalaka Technology Co. Ltd"}}
2018/11/26 05:17:55.402-[XQBHClient.Client.ComCall.minusInfo:279]-[LOG_IO]-CWDM_U=AAAAAA
2018/11/26 05:17:55.402-[XQBHClient.ClientTran.ZDLogin.exec:33]-[LOG_DEBUG]-re=Jakalaka Technology Co. Ltd
2018/11/26 05:17:55.403-[XQBHClient.ClientTran.ZDLogin.exec:36]-[LOG_DEBUG]-spand 630ms
2018/11/26 05:17:55.404-[XQBHClient.ClientTran.ZDLogin.exec:37]-[LOG_IO]-<<<<<<<<<<<<<<<<<<<<<<<<<<<<<<
2018/11/26 05:17:55.408-[XQBHClient.ClientUI.ClientUIMain.Init:56]-[LOG_DEBUG]-target propfile=/usr/lib/jvm/java-8-openjdk-amd64/jre/lib
2018/11/26 05:17:56.112-[XQBHClient.ClientAPI.SetGoodsAccountToModel.exec:21]-[LOG_DEBUG]-not search 
2018/11/26 05:18:06.376-[XQBHClient.Utils.Updater.AutoUpdateMain.exec:46]-[LOG_SYS]-自动升级程序启动...
2018/11/26 05:18:06.378-[XQBHClient.Utils.Updater.AutoUpdateMain.exec:48]-[LOG_SYS]-搜索FTP上版本控制文件:
2018/11/26 05:18:06.378-[XQBHClient.Utils.Updater.AutoUpdateMain.exec:49]-[LOG_DEBUG]-Const.hostName=127.0.0.1
2018/11/26 05:18:06.379-[XQBHClient.Utils.Updater.AutoUpdateMain.exec:50]-[LOG_DEBUG]-Const.port=21
2018/11/26 05:18:06.380-[XQBHClient.Utils.Updater.AutoUpdateMain.exec:51]-[LOG_DEBUG]-Const.user=ftpreader
2018/11/26 05:18:06.380-[XQBHClient.Utils.Updater.AutoUpdateMain.exec:52]-[LOG_DEBUG]-Const.pwd=ftp
2018/11/26 05:18:06.381-[XQBHClient.Utils.Updater.AutoUpdateMain.exec:53]-[LOG_DEBUG]-Const.RemotePath=Update/XQBHClient
2018/11/26 05:18:06.381-[XQBHClient.Utils.Updater.AutoUpdateMain.exec:54]-[LOG_DEBUG]-Const.LocalPath=Update/new
2018/11/26 05:18:06.470-[XQBHClient.Utils.Updater.AutoUpdateMain.exec:64]-[LOG_SYS]-正在进行版本文件比较...
2018/11/26 05:18:08.471-[XQBHClient.Utils.Updater.AutoUpdateMain.exec:69]-[LOG_SYS]-oldVersion=ver1.0
2018/11/26 05:18:08.473-[XQBHClient.Utils.Updater.AutoUpdateMain.exec:70]-[LOG_SYS]-newVersion=ver1.0
2018/11/26 05:18:08.474-[XQBHClient.Utils.Updater.AutoUpdateMain.exec:71]-[LOG_SYS]-Const.version=ver1.0
2018/11/26 05:18:08.475-[XQBHClient.Utils.Updater.AutoUpdateMain.exec:73]-[LOG_SYS]-数据采集程序版本没有更新变动
2018/11/26 05:18:08.477-[XQBHClient.Client.ClientInit.Init:20]-[LOG_IO]->>>>>>>>>>>>>>>>>>>>>>>>>>>>>>
2018/11/26 05:18:08.529-[XQBHClient.Client.ClientInit.Init:52]-[LOG_DEBUG]-timeOut=9000
2018/11/26 05:18:08.530-[XQBHClient.Client.ClientInit.Init:60]-[LOG_DEBUG]-frequency=500
2018/11/26 05:18:08.530-[XQBHClient.Client.ClientInit.Init:96]-[LOG_DEBUG]-controllerCOMName=COM4
2018/11/26 05:18:08.531-[XQBHClient.Client.ClientInit.Init:105]-[LOG_DEBUG]-QRReaderComName=COM4
2018/11/26 05:18:08.531-[XQBHClient.Client.ClientInit.Init:114]-[LOG_DEBUG]-FinishScannerComName=COM3
2018/11/26 05:18:08.532-[XQBHClient.Client.ClientInit.Init:123]-[LOG_DEBUG]-ClientIP=192.168.211.1:9001
2018/11/26 05:18:08.533-[XQBHClient.Client.ClientInit.Init:132]-[LOG_IO]-<<<<<<<<<<<<<<<<<<<<<<<<<<<<<<
2018/11/26 05:18:08.534-[XQBHClient.ClientTran.ZDLogin.exec:15]-[LOG_IO]->>>>>>>>>>>>>>>>>>>>>>>>>>>>>>
2018/11/26 05:18:08.936-[XQBHClient.Client.Com.getQTLS:158]-[LOG_DEBUG]-前台流水:CZD00000000010000011
2018/11/26 05:18:08.976-[XQBHClient.Client.ComCall.Call:38]-[LOG_DEBUG]-XMLIn={"head":{"HTJYM_":"ZDLogin","QTRQ_U":"20181126","ZDBH_U":"ZD0000000001","IP_UUU":"192.168.211.1:9001","QTLS_U":"CZD00000000010000011","ZDJYM_":"1234567890","QTSJ_U":"051808","QTJYM_":"ZDLogin"},"body":{}}
2018/11/26 05:18:09.052-[XQBHClient.Client.ComCall.Call:70]-[LOG_DEBUG]-after encrypt XMLIn=[Q16VrE96poxrP5XQiKy24qIRSvNb0mqNtl2Tx89/e9lshS/pOwJ4yHaZzcsA5hvnqygGHThSPSATm3yhlZBXQ/LNHYZtZZvt9SwneMve4aMcdsya85ILlKhBejK5YnSeQkJwaZxQJ+I42OC4sb1Ey9puJGGObMqD+dXx1c6DxQyJJUj5/6RN17+m9X1cCkPatCK/nUldtoiajkEaJiSZ4PBs9VMH0FNJyOOiu3Gk9txn40uGNdbLVviM9eT1dhyN5fEWK+n3Qv0K9xI+mp4Io9uRxMNrAFy5hzCj72shfY7FxNkB2sweYtSXyWsIhbMkrHrG5MTUHyHtsExN5+pOYA==7777777nqhBrTsGCwe1Yfg8cBtQ/uFdFSOiMLdycTQ3je852T3gQJknihAt0BWyyGdZI1VGxNTfI0MbH8wm02jv2ZlvbUSIrYfjNGBjNOHxs3UOhhD/8u01ZLrbZmb8KqRGccLA67nvPSu0+h4z4iG04Up/bC73mEXpDwmMIDuo3Th5+335OUF3oBjJCwvQw9RV2MgQZbr5IyUZwpINYYp5PzPGfmN6JnpSE8ofMkiVc4FS8dtYyM4ibqf4O38RFcfCPnY9r4/xqcTw5jz3fdtyc9OldDN4d0QlpZlg2BZgAMMgjNptQn0wPeTl8bp5ZAU2WlAzZJd7dEVhzkzfz3/yhVUdHg==]
2018/11/26 05:18:09.053-[XQBHClient.Client.ComCall.Call:71]-[LOG_DEBUG]-after encrypt XMLIn.length=[695]
2018/11/26 05:18:09.148-[XQBHClient.Client.ComCall.Call:143]-[LOG_DEBUG]-XMLOut=T4jPCZa3mfV6uKDBmHDfr7i1rWlW5VSDOZcJg/PZ0Cn7WC3ZDBOz/ROOcd7PfImexAMDyJzDeFtQa0Wd2h9xIuhFxEJWUnMXUO+mksGDG8YAw6UjN4bMSz7XA4PaCXsbXkKb3YsyQnfg45SLOvVymudwKu/zHBw8pMBCuWOyptgeDED6In8KTB7NPBQ9ENy2QbB3PjEXsjofcXxlbGljBY6NgoUZ5wxOsAmmkzHSR4FaNAlMWXu80+HXzVOzutoZN3BlDPjjo4aX9/ZmM8IoCV7EdhFsu04mMCk5V723kCfKXUt5S07kSJsk1GJAJTc3C6yMOE5SkB2cV/9IPp/JVU7iNTNpl+opDSr0b1GJMiZEPCsWdMo7fZiPkQes9WKs9XYs/gx+oi+0ClMico1Z5VM1VxaRsqdUzx68r0318EPnLUI+0Xgx/0oklJYhWMp74zeU74UNL8dGU9Pm0Ug7o9R/XI3/9v0DA6JbxWJezC0iUX4+TuDsAhhwLn685rWJS4YttLaB/bdsRAec5Yy7EI/lXSEZ+0+XpUzIOL2lbrDP1Vb35epMcIAu5yjwUJILfM8WPDvZxAoKVagXGtE9x8HIaS8PX57f5BWbGy3vVpKJOSK+UtyUF9h0JIqHAVQkwNhCDRKt/isFV4li5GAFgmD6ls84OKjCWV6fnhfzKBA=7777777MK63soj9mPYvVvx2BZgRjoZE6DgnFeVfdQ5xCOj7l+jiqqfXp7BHtVQEEoVHp3Dt+Clup7xWFahVT/Qn7H79GMRu205apP2oYItWQm1yvjXww+EG3uojXqnY9cpcuA+JDg2JNtDLHCdVBcDDyKSpOqiKywKFXrjrQq/99xIeS4o=
2018/11/26 05:18:09.149-[XQBHClient.Client.ComCall.Call:176]-[LOG_DEBUG]-buffIn.length =[863]
2018/11/26 05:18:09.150-[XQBHClient.Client.ComCall.Call:177]-[LOG_DEBUG]-iPos=[684]
2018/11/26 05:18:09.150-[XQBHClient.Client.ComCall.Call:178]-[LOG_DEBUG]-signbytelength=[172]
2018/11/26 05:18:09.160-[XQBHClient.Client.ComCall.Call:209]-[LOG_DEBUG]-after decrypt XMLOut={"head":{"HTRQ_U":"20181126","CWXX_U":"","QTRQ_U":"20181126","SHBH_U":"SH0000000001","KHBH_U":"KH0000000001","HTLS_U":"","CWDM_U":"AAAAAA","QTSJ_U":"051808","HTJYM_":"ZDLogin","QTDX_U":"zd","ZDBH_U":"ZD0000000001","IP_UUU":"192.168.211.1:9001","QTLS_U":"CZD00000000010000011","ZDJYM_":"1234567890","QTJYM_":"ZDLogin"},"body":{"re":"Jakalaka Technology Co. Ltd"}}
2018/11/26 05:18:09.195-[XQBHClient.Client.ComCall.minusInfo:279]-[LOG_IO]-CWDM_U=AAAAAA
2018/11/26 05:18:09.195-[XQBHClient.ClientTran.ZDLogin.exec:33]-[LOG_DEBUG]-re=Jakalaka Technology Co. Ltd
2018/11/26 05:18:09.196-[XQBHClient.ClientTran.ZDLogin.exec:36]-[LOG_DEBUG]-spand 662ms
2018/11/26 05:18:09.197-[XQBHClient.ClientTran.ZDLogin.exec:37]-[LOG_IO]-<<<<<<<<<<<<<<<<<<<<<<<<<<<<<<
2018/11/26 05:18:09.201-[XQBHClient.ClientUI.ClientUIMain.Init:56]-[LOG_DEBUG]-target propfile=/usr/lib/jvm/java-8-openjdk-amd64/jre/lib
2018/11/26 05:18:09.810-[XQBHClient.ClientAPI.SetGoodsAccountToModel.exec:21]-[LOG_DEBUG]-not search 
2018/11/26 05:18:29.598-[XQBHClient.Utils.Updater.AutoUpdateMain.exec:46]-[LOG_SYS]-自动升级程序启动...
2018/11/26 05:18:29.599-[XQBHClient.Utils.Updater.AutoUpdateMain.exec:48]-[LOG_SYS]-搜索FTP上版本控制文件:
2018/11/26 05:18:29.600-[XQBHClient.Utils.Updater.AutoUpdateMain.exec:49]-[LOG_DEBUG]-Const.hostName=127.0.0.1
2018/11/26 05:18:29.601-[XQBHClient.Utils.Updater.AutoUpdateMain.exec:50]-[LOG_DEBUG]-Const.port=21
2018/11/26 05:18:29.601-[XQBHClient.Utils.Updater.AutoUpdateMain.exec:51]-[LOG_DEBUG]-Const.user=ftpreader
2018/11/26 05:18:29.602-[XQBHClient.Utils.Updater.AutoUpdateMain.exec:52]-[LOG_DEBUG]-Const.pwd=ftp
2018/11/26 05:18:29.602-[XQBHClient.Utils.Updater.AutoUpdateMain.exec:53]-[LOG_DEBUG]-Const.RemotePath=Update/XQBHClient
2018/11/26 05:18:29.603-[XQBHClient.Utils.Updater.AutoUpdateMain.exec:54]-[LOG_DEBUG]-Const.LocalPath=Update/new
2018/11/26 05:18:29.697-[XQBHClient.Utils.Updater.AutoUpdateMain.exec:64]-[LOG_SYS]-正在进行版本文件比较...
2018/11/26 05:18:31.700-[XQBHClient.Utils.Updater.AutoUpdateMain.exec:69]-[LOG_SYS]-oldVersion=ver1.0
2018/11/26 05:18:31.701-[XQBHClient.Utils.Updater.AutoUpdateMain.exec:70]-[LOG_SYS]-newVersion=ver1.0
2018/11/26 05:18:31.702-[XQBHClient.Utils.Updater.AutoUpdateMain.exec:71]-[LOG_SYS]-Const.version=ver1.0
2018/11/26 05:18:31.704-[XQBHClient.Utils.Updater.AutoUpdateMain.exec:73]-[LOG_SYS]-数据采集程序版本没有更新变动
2018/11/26 05:18:31.706-[XQBHClient.Client.ClientInit.Init:20]-[LOG_IO]->>>>>>>>>>>>>>>>>>>>>>>>>>>>>>
2018/11/26 05:18:31.758-[XQBHClient.Client.ClientInit.Init:52]-[LOG_DEBUG]-timeOut=9000
2018/11/26 05:18:31.759-[XQBHClient.Client.ClientInit.Init:60]-[LOG_DEBUG]-frequency=500
2018/11/26 05:18:31.760-[XQBHClient.Client.ClientInit.Init:96]-[LOG_DEBUG]-controllerCOMName=COM4
2018/11/26 05:18:31.760-[XQBHClient.Client.ClientInit.Init:105]-[LOG_DEBUG]-QRReaderComName=COM4
2018/11/26 05:18:31.761-[XQBHClient.Client.ClientInit.Init:114]-[LOG_DEBUG]-FinishScannerComName=COM3
2018/11/26 05:18:31.762-[XQBHClient.Client.ClientInit.Init:123]-[LOG_DEBUG]-ClientIP=192.168.211.1:9001
2018/11/26 05:18:31.762-[XQBHClient.Client.ClientInit.Init:132]-[LOG_IO]-<<<<<<<<<<<<<<<<<<<<<<<<<<<<<<
2018/11/26 05:18:31.763-[XQBHClient.ClientTran.ZDLogin.exec:15]-[LOG_IO]->>>>>>>>>>>>>>>>>>>>>>>>>>>>>>
2018/11/26 05:18:32.154-[XQBHClient.Client.Com.getQTLS:158]-[LOG_DEBUG]-前台流水:CZD00000000010000012
2018/11/26 05:18:32.195-[XQBHClient.Client.ComCall.Call:38]-[LOG_DEBUG]-XMLIn={"head":{"HTJYM_":"ZDLogin","QTRQ_U":"20181126","ZDBH_U":"ZD0000000001","IP_UUU":"192.168.211.1:9001","QTLS_U":"CZD00000000010000012","ZDJYM_":"1234567890","QTSJ_U":"051831","QTJYM_":"ZDLogin"},"body":{}}
2018/11/26 05:18:32.260-[XQBHClient.Client.ComCall.Call:70]-[LOG_DEBUG]-after encrypt XMLIn=[dWq7KD/nf0XCcHt543f00ztDtxDDZvojlbIWfYC8EfhB8td+teg49AaP4eNrgqD+ATAf1Lyn934t86jG3x3SJPTUH1UFHEp3LUU+HPN+qqet6pJdDWFYtnZe18PuhKm6i4bJMVGhASIK3vmsttpItTtPoguFF1P7CGv8ReZ9wGu4n5+yHIU4T8hCNehDezwza5gCGcU/e8+CR+EiBqpoYmKXFRvlSHY4BRVnc88M39pHwV5lqCJpySR7zc50qBnGDRAvMMgWRte0eh88tMI7Avg+enBKanWOiot6bEkYvwr0fHYYQfJ+2vloHOkH3ekgtmBpfGL/1DAlc0BeAZmTRQ==7777777Sb7mWN7oB1mItOx2ujVf7r6ae6eYlBq8f/prKd96IT7zUg/BNhxrOGC9PlwljkYcH0moaQtyUzON8j6pfSfMYS98ISdwROzzDjomwDGH6D7JuezH16PluJZ4xypf1LHLCPXtm8A86QU9Uvb734cn345LICGj48u8FB7jxotdDrVi0RXkY0juQey8oCnwp0yseTibp4QDBqu7qMB/qM970xUkFfwF6cg89M5ZPRo4RwVdAKKK2bstO3ZzXHWnh4p4wh4gFy/mgNA9eMUfoLQ/86wBwG0EZf6QAMGn0Osx5kaHi77CwXZ9opf5y4UK/ZZdZBu5f3gktxbknJ8tEwL1cw==]
2018/11/26 05:18:32.260-[XQBHClient.Client.ComCall.Call:71]-[LOG_DEBUG]-after encrypt XMLIn.length=[695]
2018/11/26 05:18:32.369-[XQBHClient.Client.ComCall.Call:143]-[LOG_DEBUG]-XMLOut=ddBAXwEaOVsIqumiXJw5vPjso6Q7vc48HiZGOa55fBe5IufR531rMHoUOCpROctaXCrDlpxfcXJ7lHDtScRIcXeyo7pJIw480HsWHpGv2K1HY4YvUNJ+ArN5cSYA0y6sf/gitex53Jbo/yBj83Y861LhKclaRSSmRsaRz23xXGH1tB7seg6f9Dgn93AiZw+GruczSXNjXpFb71Uxfw7Gczbdd3bjRMJPidDTKrztRhtl7RLaONleD/y/fLeQ/waAb1XCdhNbmMhz6OaOFIPbbCbQs3EEkb/82vYTSXT5AABxFFAFPoxR0dGJURkvSqfccs9tgSWmm5fknKxOJzzq0oJ+TRV3aUbKOU3N1/QKgXcA4WghccRyC0+EA5LI4xqDjz1S7YR5bnOx+crI+KfihWBQbSMmBHA/trBWB+DOtNcV1AStKQ6enrtoO1CGci4xiehPKJDhzqSpSmP4wrUDNEQHETzkS3mpCNiEdmVjBHcTBg9D7Q4kmsbeDR5ABQ71o5kwhwQ/sp2pHvuvdEqYkGSDtZuA4eZLdbeDHlcNjfA3gKx6E8iv1B6kgFlNsPNXlKO5Nl72WkSkcMSsBuHGd1r7wM3r/iJK8jcD1wqf3GITHIvmP0G2iakKpPRITMuM2Yh0ZfxwGLmOmqVnrla+/5sRcI6Is0ahh0Lm8r78FQQ=7777777ehHuEJGm61AimAh459nOyt3PQGCgmXE+TxUwMvhVZ6g2tdlmP/iFGkYQJ1iydZqT7xRKFYpF1dfZZoyXs3yA5kk+M6chn8snj3FtRRjMMXbLCFD062AzTfwfBkG0XOkDnaMAc8Le8rf/L+xEdHFPQAd+NuKBmtHERc233vVnWtI=
2018/11/26 05:18:32.371-[XQBHClient.Client.ComCall.Call:176]-[LOG_DEBUG]-buffIn.length =[863]
2018/11/26 05:18:32.371-[XQBHClient.Client.ComCall.Call:177]-[LOG_DEBUG]-iPos=[684]
2018/11/26 05:18:32.372-[XQBHClient.Client.ComCall.Call:178]-[LOG_DEBUG]-signbytelength=[172]
2018/11/26 05:18:32.385-[XQBHClient.Client.ComCall.Call:209]-[LOG_DEBUG]-after decrypt XMLOut={"head":{"HTRQ_U":"20181126","CWXX_U":"","QTRQ_U":"20181126","SHBH_U":"SH0000000001","KHBH_U":"KH0000000001","HTLS_U":"","CWDM_U":"AAAAAA","QTSJ_U":"051831","HTJYM_":"ZDLogin","QTDX_U":"zd","ZDBH_U":"ZD0000000001","IP_UUU":"192.168.211.1:9001","QTLS_U":"CZD00000000010000012","ZDJYM_":"1234567890","QTJYM_":"ZDLogin"},"body":{"re":"Jakalaka Technology Co. Ltd"}}
2018/11/26 05:18:32.409-[XQBHClient.Client.ComCall.minusInfo:279]-[LOG_IO]-CWDM_U=AAAAAA
2018/11/26 05:18:32.410-[XQBHClient.ClientTran.ZDLogin.exec:33]-[LOG_DEBUG]-re=Jakalaka Technology Co. Ltd
2018/11/26 05:18:32.410-[XQBHClient.ClientTran.ZDLogin.exec:36]-[LOG_DEBUG]-spand 647ms
2018/11/26 05:18:32.411-[XQBHClient.ClientTran.ZDLogin.exec:37]-[LOG_IO]-<<<<<<<<<<<<<<<<<<<<<<<<<<<<<<
2018/11/26 05:18:32.415-[XQBHClient.ClientUI.ClientUIMain.Init:56]-[LOG_DEBUG]-target propfile=/usr/lib/jvm/java-8-openjdk-amd64/jre/lib
2018/11/26 05:18:33.029-[XQBHClient.ClientAPI.SetGoodsAccountToModel.exec:21]-[LOG_DEBUG]-not search 
2018/11/26 05:18:33.575-[XQBHClient.ClientAPI.SetGoodsAccountToModel.exec:21]-[LOG_DEBUG]-not search 
2018/11/26 05:19:48.773-[XQBHClient.Utils.Updater.AutoUpdateMain.exec:46]-[LOG_SYS]-自动升级程序启动...
2018/11/26 05:19:48.774-[XQBHClient.Utils.Updater.AutoUpdateMain.exec:48]-[LOG_SYS]-搜索FTP上版本控制文件:
2018/11/26 05:19:48.775-[XQBHClient.Utils.Updater.AutoUpdateMain.exec:49]-[LOG_DEBUG]-Const.hostName=127.0.0.1
2018/11/26 05:19:48.775-[XQBHClient.Utils.Updater.AutoUpdateMain.exec:50]-[LOG_DEBUG]-Const.port=21
2018/11/26 05:19:48.776-[XQBHClient.Utils.Updater.AutoUpdateMain.exec:51]-[LOG_DEBUG]-Const.user=ftpreader
2018/11/26 05:19:48.777-[XQBHClient.Utils.Updater.AutoUpdateMain.exec:52]-[LOG_DEBUG]-Const.pwd=ftp
2018/11/26 05:19:48.777-[XQBHClient.Utils.Updater.AutoUpdateMain.exec:53]-[LOG_DEBUG]-Const.RemotePath=Update/XQBHClient
2018/11/26 05:19:48.778-[XQBHClient.Utils.Updater.AutoUpdateMain.exec:54]-[LOG_DEBUG]-Const.LocalPath=Update/new
2018/11/26 05:19:48.886-[XQBHClient.Utils.Updater.AutoUpdateMain.exec:64]-[LOG_SYS]-正在进行版本文件比较...
2018/11/26 05:19:50.889-[XQBHClient.Utils.Updater.AutoUpdateMain.exec:69]-[LOG_SYS]-oldVersion=ver1.0
2018/11/26 05:19:50.892-[XQBHClient.Utils.Updater.AutoUpdateMain.exec:70]-[LOG_SYS]-newVersion=ver1.0
2018/11/26 05:19:50.894-[XQBHClient.Utils.Updater.AutoUpdateMain.exec:71]-[LOG_SYS]-Const.version=ver1.0
2018/11/26 05:19:50.896-[XQBHClient.Utils.Updater.AutoUpdateMain.exec:73]-[LOG_SYS]-数据采集程序版本没有更新变动
2018/11/26 05:19:50.899-[XQBHClient.Client.ClientInit.Init:20]-[LOG_IO]->>>>>>>>>>>>>>>>>>>>>>>>>>>>>>
2018/11/26 05:19:50.955-[XQBHClient.Client.ClientInit.Init:52]-[LOG_DEBUG]-timeOut=9000
2018/11/26 05:19:50.956-[XQBHClient.Client.ClientInit.Init:60]-[LOG_DEBUG]-frequency=500
2018/11/26 05:19:50.957-[XQBHClient.Client.ClientInit.Init:96]-[LOG_DEBUG]-controllerCOMName=COM4
2018/11/26 05:19:50.958-[XQBHClient.Client.ClientInit.Init:105]-[LOG_DEBUG]-QRReaderComName=COM4
2018/11/26 05:19:50.959-[XQBHClient.Client.ClientInit.Init:114]-[LOG_DEBUG]-FinishScannerComName=COM3
2018/11/26 05:19:50.960-[XQBHClient.Client.ClientInit.Init:123]-[LOG_DEBUG]-ClientIP=192.168.211.1:9001
2018/11/26 05:19:50.961-[XQBHClient.Client.ClientInit.Init:132]-[LOG_IO]-<<<<<<<<<<<<<<<<<<<<<<<<<<<<<<
2018/11/26 05:19:50.962-[XQBHClient.ClientTran.ZDLogin.exec:15]-[LOG_IO]->>>>>>>>>>>>>>>>>>>>>>>>>>>>>>
2018/11/26 05:19:51.394-[XQBHClient.Client.Com.getQTLS:158]-[LOG_DEBUG]-前台流水:CZD00000000010000013
2018/11/26 05:19:51.438-[XQBHClient.Client.ComCall.Call:38]-[LOG_DEBUG]-XMLIn={"head":{"HTJYM_":"ZDLogin","QTRQ_U":"20181126","ZDBH_U":"ZD0000000001","IP_UUU":"192.168.211.1:9001","QTLS_U":"CZD00000000010000013","ZDJYM_":"1234567890","QTSJ_U":"051950","QTJYM_":"ZDLogin"},"body":{}}
2018/11/26 05:19:51.511-[XQBHClient.Client.ComCall.Call:70]-[LOG_DEBUG]-after encrypt XMLIn=[SiyuflL48uE3MYtZUCWEBhGq9RLQwjMENSTwhPsu/NU/NoebHwh/3YVEr1FwRhV2QGvt0CO/UzZ+kYRqLBuVtP7nfzzGNnEYAeyFZQzFWDcA3Qd2u/VoI7F6VAjgzEomz3XZb/M/2d8w0sYLdDKPjI16lE3TsKFXq0IWfL/Ubc9UWCqbiPgM4E8TZUx2Z3XaM5pfa7Ed+4QhVAI7qIpapUJF8Mbhd7mqNbQ+wzPv5w0YljanxXBhAjyFEk5FKorERrbrzB8VRZqqmqe6NMiR43YhgwUj0i1krncX+pAVp9L29snODlzEg7xwUBXb/e7OQ0RYi0iETaUKAs+8wexV5g==7777777eAa4z98RChZdiNTxms7NgoeYKu+QgGQ/nJsFvM2rUgEkdyf7ydiX4Dgn9UOR/D03Ir2SOjY2sji4+tI0v3/rcp1/Cu0DnIfmFp+mb/+91OSzwGJUDzyAif/8rIuUXJojmko6X+POR07HNQuao4cpgH7hzqbPhx99kxYEGD3AlWeFYIb8YNPFeVZNK274dFkqtJYi6GpWFubUYR5hFYIJVn5sCEW1cmHpTeGkfiTe+AC9jPrZStl5X2z9d9Wbxhqp/4JsmJLJitGAXgBVVs07Y0rvHIDiPvJghxpFeAaw4sEIOLwHkwMhxpj2Y6djaPpSqx3En1N1cuPsWuq0py+5wA==]
2018/11/26 05:19:51.512-[XQBHClient.Client.ComCall.Call:71]-[LOG_DEBUG]-after encrypt XMLIn.length=[695]
2018/11/26 05:19:51.601-[XQBHClient.Client.ComCall.Call:143]-[LOG_DEBUG]-XMLOut=T6SsxgXvGm8yeWbKRgyRRLWuebC2shEhYRz2GIx94DusH1XEl78BHkw4jd3XkdGtZMirq+FctCszol8m2sfLBt6w0rvLX58i2lLxwvNcuV+piEDtm0PP0OwmSMELMIxY8XdQesQbVzGqthGL3/sXx3WAN0x1/Vg1rtiSWvw+35tlSm1hh5kwbUqrQTssQ2oJoHdA8TSlO2NwlloYlIQkf0dJhMwsVU//UpNkCzw2WTim26zbpLvuo3eXYZen9GdgNqweHVmPSvRntUhx5HZ+WJ+Kk5P7yVfryCB7VyLSAObabQxv2VD5nptyVZGvf6DalLVL35cXTMRcxjVM/MDZ6WyO0SKORRmxC6c2PeklolYqsxDRXr3JJreu9lRkMJMWhyF+/64hNP5uOg58pnaj7f0emXnX+u0JuNw2G2MzOTlFK44dV2NOQd1ozMmQ5WIFKil26UcE2RnVXvcyCG/fwgpHph8YgJ+fgLtmZwC6N5ExUZdx7IqmkUh0ZlIXRnOgtSZ8nwW78VEa+Vp6NTmGInJHSt/3PYnpf6pT/+ltnlQtThPYMta/6PWE1KXFz5rvtB1UTWPGav4wxMikMFjiTHwe2+Q0KTAnuDASy4njrwW9feE9/CEcJK0UImfPANmUSOJOljdvy9SMfsMTuoCyalFIymKl3k0SqrTwAARLrfs=7777777Fyv2gkw8fB1ypIpsE8i1REJ5EzbWF5gLezx1Vk2GeQGl3JxRwGfbvjMvhnVRBpaOu2ooXyxOseTcRob75O86nUdsNL7jIEkzs1vBfOWILAS0ImRHHUaPhFqNcbc24LFPPf8WvjG4Ecddtnjz/0PpkWFO7ZNH/0FJe74xxh5+cLg=
2018/11/26 05:19:51.602-[XQBHClient.Client.ComCall.Call:176]-[LOG_DEBUG]-buffIn.length =[863]
2018/11/26 05:19:51.602-[XQBHClient.Client.ComCall.Call:177]-[LOG_DEBUG]-iPos=[684]
2018/11/26 05:19:51.603-[XQBHClient.Client.ComCall.Call:178]-[LOG_DEBUG]-signbytelength=[172]
2018/11/26 05:19:51.614-[XQBHClient.Client.ComCall.Call:209]-[LOG_DEBUG]-after decrypt XMLOut={"head":{"HTRQ_U":"20181126","CWXX_U":"","QTRQ_U":"20181126","SHBH_U":"SH0000000001","KHBH_U":"KH0000000001","HTLS_U":"","CWDM_U":"AAAAAA","QTSJ_U":"051950","HTJYM_":"ZDLogin","QTDX_U":"zd","ZDBH_U":"ZD0000000001","IP_UUU":"192.168.211.1:9001","QTLS_U":"CZD00000000010000013","ZDJYM_":"1234567890","QTJYM_":"ZDLogin"},"body":{"re":"Jakalaka Technology Co. Ltd"}}
2018/11/26 05:19:51.634-[XQBHClient.Client.ComCall.minusInfo:279]-[LOG_IO]-CWDM_U=AAAAAA
2018/11/26 05:19:51.635-[XQBHClient.ClientTran.ZDLogin.exec:33]-[LOG_DEBUG]-re=Jakalaka Technology Co. Ltd
2018/11/26 05:19:51.635-[XQBHClient.ClientTran.ZDLogin.exec:36]-[LOG_DEBUG]-spand 673ms
2018/11/26 05:19:51.636-[XQBHClient.ClientTran.ZDLogin.exec:37]-[LOG_IO]-<<<<<<<<<<<<<<<<<<<<<<<<<<<<<<
2018/11/26 05:19:51.639-[XQBHClient.ClientUI.ClientUIMain.Init:57]-[LOG_DEBUG]-target propfile=/usr/lib/jvm/java-8-openjdk-amd64/jre/lib
2018/11/26 05:19:52.275-[XQBHClient.ClientAPI.SetGoodsAccountToModel.exec:21]-[LOG_DEBUG]-not search 
2018/11/26 05:19:57.188-[XQBHClient.ClientAPI.SetGoodsAccountToModel.exec:21]-[LOG_DEBUG]-not search 
2018/11/26 05:19:58.436-[XQBHClient.ClientAPI.SetGoodsAccountToModel.exec:21]-[LOG_DEBUG]-not search 
2018/11/26 05:19:59.196-[XQBHClient.ClientAPI.SetGoodsAccountToModel.exec:21]-[LOG_DEBUG]-not search 
2018/11/26 05:20:00.204-[XQBHClient.ClientAPI.SetGoodsAccountToModel.exec:21]-[LOG_DEBUG]-not search 
