2017/11/06 09:23:48.135-[XQBHClient.Client.ComCall.minusInfo:80]-[LOG_ERR]-CWDM_U=AAAAAA
2017/11/06 09:23:48.135-[XQBHClient.ClientTran.ZDLogin.exec:20]-[LOG_DEBUG]-null
2017/11/06 09:36:28.726-[XQBHClient.Utils.PropertiesHandler.PropertiesReader.readKeyFromXML:20]-[LOG_ERR]-fileE:\resources\Info\userInfo.properties not found
2017/11/06 09:36:28.726-[XQBHClient.Utils.PropertiesHandler.PropertiesReader.readKeyFromXML:20]-[LOG_ERR]-fileE:\resources\Info\userInfo.properties not found
2017/11/06 09:36:28.741-[XQBHClient.Utils.PropertiesHandler.PropertiesReader.readKeyFromXML:20]-[LOG_ERR]-fileE:\resources\Info\userInfo.properties not found
2017/11/06 09:36:29.163-[XQBHClient.Client.ComCall.minusInfo:80]-[LOG_ERR]-CWDM_U=ERR001
2017/11/06 09:36:29.163-[XQBHClient.Client.ComCall.minusInfo:87]-[LOG_ERR]-调用失败
2017/11/06 09:36:29.163-[XQBHClient.ClientTran.ZDLogin.exec:16]-[LOG_ERR]-公共初始化失败
2017/11/06 09:37:43.933-[XQBHClient.Utils.PropertiesHandler.PropertiesReader.readKeyFromXML:20]-[LOG_ERR]-fileE:\resources\Info\userInfo.properties not found
2017/11/06 09:37:43.933-[XQBHClient.Utils.PropertiesHandler.PropertiesReader.readKeyFromXML:20]-[LOG_ERR]-fileE:\resources\Info\userInfo.properties not found
2017/11/06 09:37:44.401-[XQBHClient.Client.ComCall.minusInfo:80]-[LOG_ERR]-CWDM_U=ERR001
2017/11/06 09:37:44.401-[XQBHClient.Client.ComCall.minusInfo:87]-[LOG_ERR]-调用失败
2017/11/06 09:37:44.401-[XQBHClient.ClientTran.ZDLogin.exec:16]-[LOG_ERR]-公共初始化失败
2017/11/06 09:37:58.479-[XQBHClient.Client.ComCall.minusInfo:80]-[LOG_ERR]-CWDM_U=AAAAAA
2017/11/06 09:37:58.479-[XQBHClient.ClientTran.ZDLogin.exec:20]-[LOG_DEBUG]-null
2017/11/06 09:52:15.768-[XQBHClient.Client.ComCall.minusInfo:80]-[LOG_ERR]-CWDM_U=AAAAAA
2017/11/06 09:52:15.768-[XQBHClient.ClientTran.ZDLogin.exec:20]-[LOG_DEBUG]-null
2017/11/06 09:52:35.673-[XQBHClient.Client.ComCall.minusInfo:80]-[LOG_ERR]-CWDM_U=AAAAAA
2017/11/06 09:52:35.673-[XQBHClient.ClientTran.ZDLogin.exec:20]-[LOG_DEBUG]-null
2017/11/06 10:12:22.233-[XQBHClient.Client.ComCall.minusInfo:80]-[LOG_ERR]-CWDM_U=AAAAAA
2017/11/06 10:12:22.233-[XQBHClient.ClientTran.ZDLogin.exec:20]-[LOG_DEBUG]-null
2017/11/06 10:14:54.042-[XQBHClient.Client.ComCall.minusInfo:80]-[LOG_ERR]-CWDM_U=AAAAAA
2017/11/06 10:14:54.042-[XQBHClient.ClientTran.ZDLogin.exec:20]-[LOG_DEBUG]-null
2017/11/06 10:16:31.460-[XQBHClient.Client.ComCall.minusInfo:90]-[LOG_IO]-CWDM_U=AAAAAA
2017/11/06 10:16:31.460-[XQBHClient.ClientTran.ZDLogin.exec:20]-[LOG_DEBUG]-null
2017/11/06 10:16:40.751-[XQBHClient.Client.ComCall.minusInfo:90]-[LOG_IO]-CWDM_U=AAAAAA
2017/11/06 10:16:40.751-[XQBHClient.ClientTran.ZDLogin.exec:20]-[LOG_DEBUG]-null
2017/11/06 10:16:44.422-[XQBHClient.Client.ComCall.minusInfo:90]-[LOG_IO]-CWDM_U=AAAAAA
2017/11/06 10:16:44.422-[XQBHClient.ClientTran.ZDLogin.exec:20]-[LOG_DEBUG]-null
2017/11/06 10:16:47.554-[XQBHClient.Client.ComCall.minusInfo:90]-[LOG_IO]-CWDM_U=AAAAAA
2017/11/06 10:16:47.554-[XQBHClient.ClientTran.ZDLogin.exec:20]-[LOG_DEBUG]-null
2017/11/06 10:25:38.551-[XQBHClient.Client.ComCall.minusInfo:90]-[LOG_IO]-CWDM_U=AAAAAA
2017/11/06 10:25:38.551-[XQBHClient.ClientTran.ZDLogin.exec:20]-[LOG_DEBUG]-null
2017/11/06 10:25:38.551-[XQBHClient.ClientTran.ZDLogin.exec:22]-[LOG_DEBUG]-spand 579ms
2017/11/06 10:26:46.946-[XQBHClient.Client.ComCall.minusInfo:90]-[LOG_IO]-CWDM_U=AAAAAA
2017/11/06 10:26:46.946-[XQBHClient.ClientTran.ZDLogin.exec:20]-[LOG_DEBUG]-null
2017/11/06 10:26:46.946-[XQBHClient.ClientTran.ZDLogin.exec:22]-[LOG_DEBUG]-spand 657ms
2017/11/06 10:29:11.762-[XQBHClient.Client.ComCall.minusInfo:90]-[LOG_IO]-CWDM_U=AAAAAA
2017/11/06 10:29:11.762-[XQBHClient.ClientTran.ZDLogin.exec:20]-[LOG_DEBUG]-哈哈哈
2017/11/06 10:29:11.762-[XQBHClient.ClientTran.ZDLogin.exec:22]-[LOG_DEBUG]-spand 719ms
2017/11/06 10:31:58.296-[XQBHClient.Client.ComCall.minusInfo:90]-[LOG_IO]-CWDM_U=AAAAAA
2017/11/06 10:31:58.296-[XQBHClient.ClientTran.ZDLogin.exec:20]-[LOG_DEBUG]-哈哈哈
2017/11/06 10:31:58.296-[XQBHClient.ClientTran.ZDLogin.exec:22]-[LOG_DEBUG]-spand 750ms
2017/11/06 10:33:47.401-[XQBHClient.ClientUI.ClientUIMain.Init:50]-[LOG_DEBUG]-target propfile=D:\Program Files (x86)\Java\jdk1.8.0_131\jre\lib
2017/11/06 10:33:47.401-[XQBHClient.ClientUI.ClientUIMain.Init:60]-[LOG_DEBUG]-timeOut=9000
2017/11/06 10:33:47.401-[XQBHClient.ClientUI.ClientUIMain.Init:67]-[LOG_DEBUG]-frequency=500
2017/11/06 10:33:47.401-[XQBHClient.ClientUI.ClientUIMain.Init:75]-[LOG_DEBUG]-relayIP=192.168.31.177
2017/11/06 10:33:47.401-[XQBHClient.ClientUI.ClientUIMain.Init:83]-[LOG_DEBUG]-relayIP=8080
2017/11/06 10:33:47.401-[XQBHClient.ClientUI.ClientUIMain.Init:91]-[LOG_DEBUG]-qrScanner=COM4
2017/11/06 10:36:58.217-[XQBHClient.Client.ClientInit.Init:33]-[LOG_DEBUG]-
2017/11/06 10:36:58.217-[XQBHClient.ClientUI.ClientUIMain.Init:50]-[LOG_DEBUG]-target propfile=D:\Program Files (x86)\Java\jdk1.8.0_131\jre\lib
2017/11/06 10:36:58.217-[XQBHClient.ClientUI.ClientUIMain.Init:60]-[LOG_DEBUG]-timeOut=9000
2017/11/06 10:36:58.217-[XQBHClient.ClientUI.ClientUIMain.Init:67]-[LOG_DEBUG]-frequency=500
2017/11/06 10:36:58.217-[XQBHClient.ClientUI.ClientUIMain.Init:75]-[LOG_DEBUG]-relayIP=192.168.31.177
2017/11/06 10:36:58.217-[XQBHClient.ClientUI.ClientUIMain.Init:83]-[LOG_DEBUG]-relayIP=8080
2017/11/06 10:36:58.217-[XQBHClient.ClientUI.ClientUIMain.Init:91]-[LOG_DEBUG]-qrScanner=COM4
2017/11/06 10:38:45.852-[XQBHClient.Client.ClientInit.Init:15]-[LOG_IO]->>>>>>>>>>>>>>>>>>>>>>>>>>>>>>
2017/11/06 10:38:45.852-[XQBHClient.Client.ClientInit.Init:34]-[LOG_IO]-<<<<<<<<<<<<<<<<<<<<<<<<<<<<<<
2017/11/06 10:38:45.868-[XQBHClient.ClientUI.ClientUIMain.Init:50]-[LOG_DEBUG]-target propfile=D:\Program Files (x86)\Java\jdk1.8.0_131\jre\lib
2017/11/06 10:38:45.868-[XQBHClient.ClientUI.ClientUIMain.Init:60]-[LOG_DEBUG]-timeOut=9000
2017/11/06 10:38:45.868-[XQBHClient.ClientUI.ClientUIMain.Init:67]-[LOG_DEBUG]-frequency=500
2017/11/06 10:38:45.868-[XQBHClient.ClientUI.ClientUIMain.Init:75]-[LOG_DEBUG]-relayIP=192.168.31.177
2017/11/06 10:38:45.868-[XQBHClient.ClientUI.ClientUIMain.Init:83]-[LOG_DEBUG]-relayIP=8080
2017/11/06 10:38:45.868-[XQBHClient.ClientUI.ClientUIMain.Init:91]-[LOG_DEBUG]-qrScanner=COM4
2017/11/06 10:41:12.186-[XQBHClient.Client.ClientInit.Init:15]-[LOG_IO]->>>>>>>>>>>>>>>>>>>>>>>>>>>>>>
2017/11/06 10:41:12.186-[XQBHClient.Client.ClientInit.Init:34]-[LOG_IO]-<<<<<<<<<<<<<<<<<<<<<<<<<<<<<<
2017/11/06 10:41:12.201-[XQBHClient.ClientUI.ClientUIMain.Init:50]-[LOG_DEBUG]-target propfile=D:\Program Files (x86)\Java\jdk1.8.0_131\jre\lib
2017/11/06 10:41:12.201-[XQBHClient.ClientUI.ClientUIMain.Init:60]-[LOG_DEBUG]-timeOut=9000
2017/11/06 10:41:12.201-[XQBHClient.ClientUI.ClientUIMain.Init:67]-[LOG_DEBUG]-frequency=500
2017/11/06 10:41:12.201-[XQBHClient.ClientUI.ClientUIMain.Init:75]-[LOG_DEBUG]-relayIP=192.168.31.177
2017/11/06 10:41:12.201-[XQBHClient.ClientUI.ClientUIMain.Init:83]-[LOG_DEBUG]-relayIP=8080
2017/11/06 10:41:12.201-[XQBHClient.ClientUI.ClientUIMain.Init:91]-[LOG_DEBUG]-qrScanner=COM4
2017/11/06 10:42:17.144-[XQBHClient.ClientTran.ZDLogin.exec:12]-[LOG_IO]->>>>>>>>>>>>>>>>>>>>>>>>>>>>>>
2017/11/06 10:42:17.760-[XQBHClient.Client.ComCall.minusInfo:90]-[LOG_IO]-CWDM_U=AAAAAA
2017/11/06 10:42:17.761-[XQBHClient.ClientTran.ZDLogin.exec:22]-[LOG_DEBUG]-哈哈哈
2017/11/06 10:42:17.761-[XQBHClient.ClientTran.ZDLogin.exec:24]-[LOG_DEBUG]-spand 617ms
2017/11/06 10:42:17.761-[XQBHClient.ClientTran.ZDLogin.exec:25]-[LOG_IO]-<<<<<<<<<<<<<<<<<<<<<<<<<<<<<<
2017/11/06 10:42:18.530-[XQBHClient.ClientUI.orderDialogController.cancel:36]-[LOG_DEBUG]-cancel
